<?xml version="1.0" encoding="UTF-8"?>
<coverage generated="1748684622647" clover="3.2.0">
  <project timestamp="1748684622648" name="All files">
    <metrics statements="1121" coveredstatements="768" conditionals="754" coveredconditionals="402" methods="95" coveredmethods="87" elements="1970" coveredelements="1257" complexity="0" loc="1121" ncloc="1121" packages="1" files="3" classes="3"/>
    <file name="Gamma.ts" path="C:\Users\vivim\OneDrive\Documents\GitHub\MegotaNum\src\Gamma.ts">
      <metrics statements="34" coveredstatements="33" conditionals="3" coveredconditionals="2" methods="1" coveredmethods="1"/>
      <line num="1" count="2" type="stmt"/>
      <line num="3" count="2" type="stmt"/>
      <line num="4" count="20" type="cond" truecount="1" falsecount="0"/>
      <line num="5" count="3" type="stmt"/>
      <line num="7" count="17" type="cond" truecount="1" falsecount="0"/>
      <line num="8" count="3" type="cond" truecount="0" falsecount="1"/>
      <line num="9" count="0" type="stmt"/>
      <line num="10" count="3" type="stmt"/>
      <line num="13" count="14" type="stmt"/>
      <line num="14" count="14" type="stmt"/>
      <line num="15" count="91" type="stmt"/>
      <line num="16" count="91" type="stmt"/>
      <line num="18" count="14" type="stmt"/>
      <line num="19" count="14" type="stmt"/>
      <line num="20" count="14" type="stmt"/>
      <line num="21" count="14" type="stmt"/>
      <line num="22" count="14" type="stmt"/>
      <line num="23" count="14" type="stmt"/>
      <line num="24" count="14" type="stmt"/>
      <line num="25" count="14" type="stmt"/>
      <line num="26" count="14" type="stmt"/>
      <line num="27" count="14" type="stmt"/>
      <line num="28" count="14" type="stmt"/>
      <line num="29" count="14" type="stmt"/>
      <line num="30" count="14" type="stmt"/>
      <line num="31" count="14" type="stmt"/>
      <line num="32" count="14" type="stmt"/>
      <line num="33" count="14" type="stmt"/>
      <line num="34" count="14" type="stmt"/>
      <line num="35" count="14" type="stmt"/>
      <line num="36" count="14" type="stmt"/>
      <line num="37" count="14" type="stmt"/>
      <line num="38" count="14" type="stmt"/>
      <line num="39" count="14" type="stmt"/>
    </file>
    <file name="Lambertw.ts" path="C:\Users\vivim\OneDrive\Documents\GitHub\MegotaNum\src\Lambertw.ts">
      <metrics statements="26" coveredstatements="21" conditionals="13" coveredconditionals="9" methods="2" coveredmethods="2"/>
      <line num="1" count="2" type="stmt"/>
      <line num="3" count="2" type="stmt"/>
      <line num="5" count="1" type="stmt"/>
      <line num="6" count="1" type="stmt"/>
      <line num="10" count="2" type="cond" truecount="2" falsecount="0"/>
      <line num="12" count="12" type="cond" truecount="1" falsecount="0"/>
      <line num="13" count="3" type="stmt"/>
      <line num="15" count="9" type="cond" truecount="1" falsecount="1"/>
      <line num="16" count="9" type="cond" truecount="1" falsecount="0"/>
      <line num="17" count="2" type="stmt"/>
      <line num="18" count="7" type="cond" truecount="1" falsecount="0"/>
      <line num="19" count="2" type="stmt"/>
      <line num="21" count="5" type="cond" truecount="2" falsecount="0"/>
      <line num="22" count="4" type="stmt"/>
      <line num="24" count="1" type="stmt"/>
      <line num="27" count="0" type="cond" truecount="0" falsecount="1"/>
      <line num="28" count="0" type="stmt"/>
      <line num="29" count="0" type="cond" truecount="0" falsecount="2"/>
      <line num="30" count="0" type="stmt"/>
      <line num="32" count="0" type="stmt"/>
      <line num="35" count="5" type="stmt"/>
      <line num="36" count="125" type="stmt"/>
      <line num="37" count="125" type="cond" truecount="1" falsecount="0"/>
      <line num="38" count="4" type="stmt"/>
      <line num="39" count="121" type="stmt"/>
      <line num="41" count="1" type="stmt"/>
    </file>
    <file name="MegotaNumber.ts" path="C:\Users\vivim\OneDrive\Documents\GitHub\MegotaNum\src\MegotaNumber.ts">
      <metrics statements="1061" coveredstatements="714" conditionals="738" coveredconditionals="391" methods="92" coveredmethods="84"/>
      <line num="1" count="1" type="stmt"/>
      <line num="2" count="1" type="stmt"/>
      <line num="4" count="1" type="stmt"/>
      <line num="5" count="1" type="stmt"/>
      <line num="6" count="1" type="stmt"/>
      <line num="7" count="1" type="stmt"/>
      <line num="8" count="1" type="stmt"/>
      <line num="9" count="1" type="stmt"/>
      <line num="10" count="1" type="stmt"/>
      <line num="11" count="1" type="stmt"/>
      <line num="12" count="1" type="stmt"/>
      <line num="13" count="1" type="stmt"/>
      <line num="24" count="1" type="stmt"/>
      <line num="36" count="1" type="stmt"/>
      <line num="43" count="1" type="stmt"/>
      <line num="48" count="1" type="stmt"/>
      <line num="53" count="1" type="stmt"/>
      <line num="68" count="1" type="stmt"/>
      <line num="70" count="1" type="stmt"/>
      <line num="71" count="1" type="stmt"/>
      <line num="72" count="1" type="stmt"/>
      <line num="73" count="1" type="stmt"/>
      <line num="74" count="1" type="stmt"/>
      <line num="75" count="1" type="stmt"/>
      <line num="76" count="1" type="stmt"/>
      <line num="77" count="1" type="stmt"/>
      <line num="78" count="1" type="stmt"/>
      <line num="79" count="1" type="stmt"/>
      <line num="80" count="1" type="stmt"/>
      <line num="81" count="1" type="stmt"/>
      <line num="82" count="1" type="stmt"/>
      <line num="83" count="1" type="stmt"/>
      <line num="84" count="1" type="stmt"/>
      <line num="85" count="1" type="stmt"/>
      <line num="86" count="1" type="stmt"/>
      <line num="87" count="1" type="stmt"/>
      <line num="88" count="1" type="stmt"/>
      <line num="89" count="1" type="stmt"/>
      <line num="90" count="1" type="stmt"/>
      <line num="91" count="1" type="stmt"/>
      <line num="92" count="1" type="stmt"/>
      <line num="93" count="1" type="stmt"/>
      <line num="94" count="1" type="stmt"/>
      <line num="95" count="1" type="stmt"/>
      <line num="97" count="1" type="stmt"/>
      <line num="98" count="1" type="stmt"/>
      <line num="99" count="1" type="stmt"/>
      <line num="100" count="1" type="stmt"/>
      <line num="101" count="1" type="stmt"/>
      <line num="102" count="1" type="stmt"/>
      <line num="109" count="1426" type="stmt"/>
      <line num="125" count="1426" type="stmt"/>
      <line num="130" count="1426" type="stmt"/>
      <line num="152" count="559" type="stmt"/>
      <line num="153" count="559" type="stmt"/>
      <line num="154" count="559" type="cond" truecount="2" falsecount="0"/>
      <line num="155" count="559" type="stmt"/>
      <line num="156" count="559" type="stmt"/>
      <line num="185" count="2" type="stmt"/>
      <line num="228" count="92" type="stmt"/>
      <line num="229" count="92" type="cond" truecount="2" falsecount="1"/>
      <line num="230" count="0" type="stmt"/>
      <line num="231" count="0" type="stmt"/>
      <line num="233" count="0" type="stmt"/>
      <line num="236" count="92" type="cond" truecount="0" falsecount="1"/>
      <line num="237" count="0" type="stmt"/>
      <line num="240" count="92" type="stmt"/>
      <line num="241" count="92" type="stmt"/>
      <line num="242" count="92" type="stmt"/>
      <line num="243" count="92" type="stmt"/>
      <line num="244" count="92" type="stmt"/>
      <line num="246" count="92" type="cond" truecount="1" falsecount="0"/>
      <line num="247" count="1" type="stmt"/>
      <line num="248" count="1" type="stmt"/>
      <line num="249" count="1" type="stmt"/>
      <line num="252" count="91" type="stmt"/>
      <line num="253" count="91" type="cond" truecount="3" falsecount="0"/>
      <line num="254" count="12" type="stmt"/>
      <line num="255" count="12" type="stmt"/>
      <line num="256" count="12" type="cond" truecount="1" falsecount="1"/>
      <line num="257" count="12" type="stmt"/>
      <line num="258" count="12" type="stmt"/>
      <line num="261" count="91" type="cond" truecount="2" falsecount="0"/>
      <line num="262" count="1" type="stmt"/>
      <line num="264" count="90" type="cond" truecount="2" falsecount="0"/>
      <line num="265" count="1" type="stmt"/>
      <line num="269" count="89" type="cond" truecount="1" falsecount="0"/>
      <line num="270" count="6" type="cond" truecount="2" falsecount="0"/>
      <line num="271" count="3" type="stmt"/>
      <line num="272" count="3" type="stmt"/>
      <line num="273" count="3" type="stmt"/>
      <line num="275" count="3" type="stmt"/>
      <line num="276" count="3" type="stmt"/>
      <line num="277" count="3" type="stmt"/>
      <line num="280" count="89" type="stmt"/>
      <line num="281" count="104" type="cond" truecount="2" falsecount="0"/>
      <line num="282" count="15" type="cond" truecount="1" falsecount="0"/>
      <line num="283" count="2" type="stmt"/>
      <line num="286" count="15" type="cond" truecount="2" falsecount="0"/>
      <line num="287" count="10" type="stmt"/>
      <line num="288" count="10" type="stmt"/>
      <line num="289" count="10" type="stmt"/>
      <line num="291" count="5" type="stmt"/>
      <line num="292" count="10" type="stmt"/>
      <line num="293" count="5" type="cond" truecount="0" falsecount="1"/>
      <line num="294" count="5" type="stmt"/>
      <line num="296" count="15" type="stmt"/>
      <line num="297" count="15" type="cond" truecount="2" falsecount="0"/>
      <line num="298" count="2" type="stmt"/>
      <line num="299" count="2" type="stmt"/>
      <line num="300" count="2" type="stmt"/>
      <line num="302" count="13" type="stmt"/>
      <line num="304" count="15" type="cond" truecount="4" falsecount="0"/>
      <line num="305" count="7" type="cond" truecount="5" falsecount="0"/>
      <line num="306" count="4" type="stmt"/>
      <line num="308" count="3" type="stmt"/>
      <line num="310" count="8" type="cond" truecount="4" falsecount="0"/>
      <line num="311" count="1" type="cond" truecount="2" falsecount="3"/>
      <line num="312" count="1" type="stmt"/>
      <line num="313" count="1" type="cond" truecount="0" falsecount="1"/>
      <line num="314" count="1" type="cond" truecount="0" falsecount="1"/>
      <line num="315" count="1" type="stmt"/>
      <line num="316" count="1" type="cond" truecount="1" falsecount="3"/>
      <line num="317" count="1" type="stmt"/>
      <line num="318" count="1" type="cond" truecount="1" falsecount="1"/>
      <line num="319" count="1" type="stmt"/>
      <line num="321" count="7" type="stmt"/>
      <line num="322" count="7" type="stmt"/>
      <line num="323" count="7" type="cond" truecount="0" falsecount="1"/>
      <line num="324" count="7" type="stmt"/>
      <line num="325" count="7" type="stmt"/>
      <line num="326" count="7" type="stmt"/>
      <line num="327" count="7" type="cond" truecount="1" falsecount="1"/>
      <line num="328" count="7" type="stmt"/>
      <line num="331" count="89" type="stmt"/>
      <line num="334" count="89" type="stmt"/>
      <line num="335" count="89" type="stmt"/>
      <line num="336" count="89" type="stmt"/>
      <line num="337" count="89" type="stmt"/>
      <line num="339" count="139" type="cond" truecount="4" falsecount="0"/>
      <line num="340" count="94" type="stmt"/>
      <line num="341" count="45" type="cond" truecount="1" falsecount="1"/>
      <line num="342" count="0" type="cond" truecount="0" falsecount="2"/>
      <line num="343" count="0" type="stmt"/>
      <line num="344" count="0" type="cond" truecount="0" falsecount="4"/>
      <line num="345" count="0" type="stmt"/>
      <line num="347" count="0" type="stmt"/>
      <line num="349" count="0" type="stmt"/>
      <line num="351" count="45" type="stmt"/>
      <line num="354" count="139" type="stmt"/>
      <line num="355" count="139" type="cond" truecount="2" falsecount="0"/>
      <line num="356" count="139" type="cond" truecount="2" falsecount="0"/>
      <line num="357" count="94" type="cond" truecount="2" falsecount="0"/>
      <line num="358" count="2" type="stmt"/>
      <line num="359" count="2" type="stmt"/>
      <line num="361" count="92" type="cond" truecount="1" falsecount="0"/>
      <line num="362" count="92" type="stmt"/>
      <line num="365" count="45" type="cond" truecount="3" falsecount="1"/>
      <line num="366" count="45" type="cond" truecount="2" falsecount="0"/>
      <line num="367" count="44" type="stmt"/>
      <line num="368" count="1" type="cond" truecount="2" falsecount="1"/>
      <line num="369" count="0" type="stmt"/>
      <line num="373" count="139" type="cond" truecount="3" falsecount="1"/>
      <line num="374" count="0" type="stmt"/>
      <line num="375" count="0" type="stmt"/>
      <line num="376" count="139" type="cond" truecount="0" falsecount="1"/>
      <line num="377" count="0" type="stmt"/>
      <line num="378" count="0" type="stmt"/>
      <line num="381" count="89" type="stmt"/>
      <line num="382" count="89" type="cond" truecount="1" falsecount="0"/>
      <line num="383" count="46" type="cond" truecount="2" falsecount="3"/>
      <line num="384" count="46" type="stmt"/>
      <line num="388" count="91" type="cond" truecount="1" falsecount="0"/>
      <line num="389" count="12" type="stmt"/>
      <line num="392" count="91" type="stmt"/>
      <line num="393" count="91" type="stmt"/>
      <line num="403" count="4" type="stmt"/>
      <line num="413" count="8" type="cond" truecount="1" falsecount="0"/>
      <line num="414" count="1" type="stmt"/>
      <line num="416" count="7" type="cond" truecount="1" falsecount="0"/>
      <line num="417" count="1" type="stmt"/>
      <line num="419" count="6" type="cond" truecount="0" falsecount="1"/>
      <line num="420" count="0" type="stmt"/>
      <line num="422" count="6" type="cond" truecount="0" falsecount="1"/>
      <line num="423" count="0" type="stmt"/>
      <line num="425" count="6" type="cond" truecount="4" falsecount="0"/>
      <line num="426" count="2" type="stmt"/>
      <line num="428" count="4" type="cond" truecount="0" falsecount="1"/>
      <line num="429" count="0" type="stmt"/>
      <line num="431" count="4" type="cond" truecount="0" falsecount="1"/>
      <line num="432" count="0" type="stmt"/>
      <line num="434" count="4" type="cond" truecount="1" falsecount="0"/>
      <line num="435" count="1" type="stmt"/>
      <line num="437" count="3" type="stmt"/>
      <line num="438" count="3" type="cond" truecount="1" falsecount="1"/>
      <line num="439" count="3" type="cond" truecount="2" falsecount="2"/>
      <line num="440" count="3" type="cond" truecount="1" falsecount="1"/>
      <line num="441" count="3" type="stmt"/>
      <line num="455" count="3" type="stmt"/>
      <line num="459" count="3" type="stmt"/>
      <line num="460" count="5" type="stmt"/>
      <line num="463" count="3" type="stmt"/>
      <line num="464" count="3" type="stmt"/>
      <line num="466" count="23" type="cond" truecount="2" falsecount="0"/>
      <line num="468" count="15" type="stmt"/>
      <line num="470" count="23" type="stmt"/>
      <line num="474" count="3" type="stmt"/>
      <line num="475" count="3" type="stmt"/>
      <line num="480" count="3" type="stmt"/>
      <line num="490" count="4" type="stmt"/>
      <line num="492" count="4" type="cond" truecount="2" falsecount="0"/>
      <line num="494" count="4" type="cond" truecount="2" falsecount="0"/>
      <line num="497" count="4" type="cond" truecount="2" falsecount="0"/>
      <line num="499" count="1" type="stmt"/>
      <line num="505" count="3" type="stmt"/>
      <line num="507" count="4" type="stmt"/>
      <line num="523" count="7" type="stmt"/>
      <line num="526" count="7" type="stmt"/>
      <line num="529" count="12" type="stmt"/>
      <line num="532" count="7" type="stmt"/>
      <line num="547" count="2" type="stmt"/>
      <line num="550" count="2" type="stmt"/>
      <line num="553" count="1" type="stmt"/>
      <line num="554" count="1" type="stmt"/>
      <line num="555" count="1" type="stmt"/>
      <line num="558" count="2" type="stmt"/>
      <line num="572" count="756" type="stmt"/>
      <line num="575" count="756" type="stmt"/>
      <line num="576" count="756" type="stmt"/>
      <line num="579" count="836" type="stmt"/>
      <line num="583" count="756" type="stmt"/>
      <line num="584" count="756" type="stmt"/>
      <line num="585" count="756" type="stmt"/>
      <line num="587" count="756" type="stmt"/>
      <line num="596" count="41" type="stmt"/>
      <line num="597" count="41" type="stmt"/>
      <line num="598" count="41" type="stmt"/>
      <line num="607" count="34" type="stmt"/>
      <line num="608" count="34" type="stmt"/>
      <line num="609" count="34" type="stmt"/>
      <line num="618" count="5951" type="stmt"/>
      <line num="629" count="50" type="cond" truecount="1" falsecount="0"/>
      <line num="630" count="4" type="stmt"/>
      <line num="631" count="46" type="cond" truecount="0" falsecount="1"/>
      <line num="632" count="0" type="stmt"/>
      <line num="633" count="46" type="stmt"/>
      <line num="642" count="117" type="stmt"/>
      <line num="653" count="5298" type="cond" truecount="2" falsecount="0"/>
      <line num="664" count="12" type="cond" truecount="2" falsecount="0"/>
      <line num="675" count="5780" type="stmt"/>
      <line num="690" count="2768" type="cond" truecount="3" falsecount="0"/>
      <line num="691" count="120" type="stmt"/>
      <line num="694" count="2648" type="cond" truecount="2" falsecount="1"/>
      <line num="695" count="0" type="stmt"/>
      <line num="698" count="2648" type="cond" truecount="2" falsecount="1"/>
      <line num="699" count="0" type="stmt"/>
      <line num="702" count="2648" type="cond" truecount="5" falsecount="0"/>
      <line num="703" count="59" type="stmt"/>
      <line num="705" count="2589" type="cond" truecount="1" falsecount="0"/>
      <line num="706" count="42" type="stmt"/>
      <line num="708" count="2547" type="stmt"/>
      <line num="709" count="2547" type="stmt"/>
      <line num="710" count="2547" type="cond" truecount="2" falsecount="0"/>
      <line num="711" count="1" type="stmt"/>
      <line num="713" count="2546" type="cond" truecount="1" falsecount="1"/>
      <line num="714" count="0" type="stmt"/>
      <line num="719" count="2546" type="stmt"/>
      <line num="720" count="2546" type="stmt"/>
      <line num="721" count="2585" type="stmt"/>
      <line num="722" count="2585" type="stmt"/>
      <line num="723" count="2585" type="cond" truecount="7" falsecount="0"/>
      <line num="724" count="1376" type="stmt"/>
      <line num="725" count="1376" type="stmt"/>
      <line num="726" count="1209" type="cond" truecount="6" falsecount="0"/>
      <line num="727" count="1005" type="stmt"/>
      <line num="728" count="1005" type="stmt"/>
      <line num="731" count="2546" type="cond" truecount="1" falsecount="0"/>
      <line num="732" count="165" type="cond" truecount="1" falsecount="1"/>
      <line num="733" count="165" type="stmt"/>
      <line num="734" count="0" type="cond" truecount="0" falsecount="2"/>
      <line num="735" count="0" type="stmt"/>
      <line num="736" count="0" type="cond" truecount="0" falsecount="4"/>
      <line num="737" count="0" type="stmt"/>
      <line num="739" count="0" type="stmt"/>
      <line num="742" count="0" type="stmt"/>
      <line num="743" count="0" type="cond" truecount="0" falsecount="4"/>
      <line num="744" count="0" type="stmt"/>
      <line num="746" count="0" type="stmt"/>
      <line num="751" count="2547" type="stmt"/>
      <line num="763" count="1054" type="stmt"/>
      <line num="775" count="445" type="stmt"/>
      <line num="787" count="1143" type="stmt"/>
      <line num="799" count="2" type="stmt"/>
      <line num="811" count="114" type="stmt"/>
      <line num="825" count="42" type="cond" truecount="3" falsecount="1"/>
      <line num="826" count="0" type="stmt"/>
      <line num="828" count="42" type="cond" truecount="0" falsecount="1"/>
      <line num="829" count="0" type="stmt"/>
      <line num="831" count="42" type="cond" truecount="0" falsecount="1"/>
      <line num="832" count="0" type="stmt"/>
      <line num="837" count="42" type="cond" truecount="1" falsecount="1"/>
      <line num="838" count="0" type="cond" truecount="0" falsecount="2"/>
      <line num="839" count="0" type="cond" truecount="0" falsecount="2"/>
      <line num="841" count="0" type="cond" truecount="0" falsecount="7"/>
      <line num="847" count="0" type="stmt"/>
      <line num="849" count="0" type="stmt"/>
      <line num="851" count="0" type="stmt"/>
      <line num="852" count="0" type="cond" truecount="0" falsecount="2"/>
      <line num="853" count="0" type="stmt"/>
      <line num="855" count="0" type="stmt"/>
      <line num="858" count="42" type="stmt"/>
      <line num="860" count="42" type="cond" truecount="0" falsecount="1"/>
      <line num="861" count="0" type="stmt"/>
      <line num="863" count="42" type="stmt"/>
      <line num="864" count="57" type="stmt"/>
      <line num="865" count="57" type="stmt"/>
      <line num="868" count="57" type="cond" truecount="2" falsecount="1"/>
      <line num="870" count="57" type="stmt"/>
      <line num="871" count="57" type="stmt"/>
      <line num="873" count="57" type="cond" truecount="1" falsecount="1"/>
      <line num="875" count="0" type="cond" truecount="0" falsecount="2"/>
      <line num="876" count="0" type="cond" truecount="0" falsecount="2"/>
      <line num="877" count="0" type="cond" truecount="0" falsecount="2"/>
      <line num="878" count="0" type="stmt"/>
      <line num="880" count="0" type="stmt"/>
      <line num="881" count="0" type="stmt"/>
      <line num="883" count="0" type="cond" truecount="0" falsecount="1"/>
      <line num="884" count="0" type="stmt"/>
      <line num="887" count="0" type="cond" truecount="0" falsecount="8"/>
      <line num="894" count="0" type="stmt"/>
      <line num="897" count="0" type="stmt"/>
      <line num="899" count="0" type="cond" truecount="0" falsecount="2"/>
      <line num="900" count="0" type="stmt"/>
      <line num="901" count="0" type="cond" truecount="0" falsecount="4"/>
      <line num="902" count="0" type="stmt"/>
      <line num="903" count="0" type="cond" truecount="0" falsecount="2"/>
      <line num="904" count="0" type="stmt"/>
      <line num="906" count="0" type="stmt"/>
      <line num="908" count="0" type="stmt"/>
      <line num="911" count="57" type="stmt"/>
      <line num="912" count="57" type="stmt"/>
      <line num="914" count="57" type="cond" truecount="1" falsecount="0"/>
      <line num="915" count="42" type="stmt"/>
      <line num="916" count="42" type="stmt"/>
      <line num="917" count="42" type="stmt"/>
      <line num="920" count="15" type="cond" truecount="0" falsecount="1"/>
      <line num="921" count="0" type="stmt"/>
      <line num="924" count="15" type="cond" truecount="0" falsecount="1"/>
      <line num="925" count="0" type="cond" truecount="0" falsecount="2"/>
      <line num="926" count="0" type="cond" truecount="0" falsecount="2"/>
      <line num="927" count="0" type="stmt"/>
      <line num="928" count="0" type="stmt"/>
      <line num="930" count="0" type="cond" truecount="0" falsecount="8"/>
      <line num="937" count="0" type="stmt"/>
      <line num="940" count="0" type="stmt"/>
      <line num="942" count="0" type="cond" truecount="0" falsecount="2"/>
      <line num="943" count="0" type="stmt"/>
      <line num="944" count="0" type="cond" truecount="0" falsecount="4"/>
      <line num="945" count="0" type="stmt"/>
      <line num="946" count="0" type="cond" truecount="0" falsecount="2"/>
      <line num="947" count="0" type="stmt"/>
      <line num="949" count="0" type="stmt"/>
      <line num="951" count="0" type="stmt"/>
      <line num="957" count="42" type="cond" truecount="2" falsecount="1"/>
      <line num="958" count="0" type="stmt"/>
      <line num="961" count="42" type="stmt"/>
      <line num="975" count="10" type="cond" truecount="2" falsecount="0"/>
      <line num="989" count="2" type="stmt"/>
      <line num="1003" count="2" type="stmt"/>
      <line num="1017" count="2" type="stmt"/>
      <line num="1031" count="2" type="stmt"/>
      <line num="1041" count="43" type="cond" truecount="2" falsecount="0"/>
      <line num="1051" count="207" type="cond" truecount="2" falsecount="0"/>
      <line num="1062" count="772" type="stmt"/>
      <line num="1064" count="772" type="cond" truecount="2" falsecount="1"/>
      <line num="1065" count="0" type="stmt"/>
      <line num="1068" count="772" type="cond" truecount="2" falsecount="1"/>
      <line num="1069" count="0" type="cond" truecount="0" falsecount="2"/>
      <line num="1070" count="0" type="cond" truecount="0" falsecount="2"/>
      <line num="1073" count="772" type="cond" truecount="0" falsecount="1"/>
      <line num="1074" count="0" type="stmt"/>
      <line num="1075" count="0" type="stmt"/>
      <line num="1076" count="0" type="stmt"/>
      <line num="1078" count="772" type="cond" truecount="1" falsecount="0"/>
      <line num="1079" count="772" type="stmt"/>
      <line num="1081" count="772" type="stmt"/>
      <line num="1082" count="911" type="stmt"/>
      <line num="1083" count="911" type="cond" truecount="2" falsecount="1"/>
      <line num="1084" count="0" type="stmt"/>
      <line num="1087" count="911" type="cond" truecount="6" falsecount="0"/>
      <line num="1088" count="23" type="stmt"/>
      <line num="1089" count="23" type="stmt"/>
      <line num="1090" count="23" type="stmt"/>
      <line num="1093" count="888" type="cond" truecount="4" falsecount="0"/>
      <line num="1094" count="30" type="stmt"/>
      <line num="1095" count="30" type="stmt"/>
      <line num="1098" count="858" type="cond" truecount="4" falsecount="0"/>
      <line num="1099" count="20" type="stmt"/>
      <line num="1100" count="20" type="stmt"/>
      <line num="1103" count="838" type="cond" truecount="0" falsecount="1"/>
      <line num="1104" count="0" type="stmt"/>
      <line num="1107" count="838" type="cond" truecount="0" falsecount="1"/>
      <line num="1108" count="0" type="stmt"/>
      <line num="1111" count="838" type="cond" truecount="3" falsecount="1"/>
      <line num="1112" count="0" type="stmt"/>
      <line num="1116" count="722" type="stmt"/>
      <line num="1117" count="881" type="stmt"/>
      <line num="1118" count="1855" type="cond" truecount="4" falsecount="0"/>
      <line num="1119" count="1595" type="cond" truecount="4" falsecount="0"/>
      <line num="1120" count="881" type="cond" truecount="1" falsecount="0"/>
      <line num="1121" count="6" type="stmt"/>
      <line num="1124" count="881" type="cond" truecount="0" falsecount="1"/>
      <line num="1125" count="0" type="stmt"/>
      <line num="1128" count="881" type="cond" truecount="1" falsecount="1"/>
      <line num="1129" count="0" type="stmt"/>
      <line num="1130" count="0" type="stmt"/>
      <line num="1131" count="0" type="stmt"/>
      <line num="1133" count="881" type="cond" truecount="5" falsecount="0"/>
      <line num="1134" count="6" type="stmt"/>
      <line num="1135" count="6" type="cond" truecount="1" falsecount="1"/>
      <line num="1136" count="6" type="stmt"/>
      <line num="1137" count="6" type="stmt"/>
      <line num="1140" count="881" type="cond" truecount="3" falsecount="1"/>
      <line num="1141" count="0" type="stmt"/>
      <line num="1144" count="881" type="stmt"/>
      <line num="1145" count="1013" type="cond" truecount="3" falsecount="0"/>
      <line num="1146" count="8" type="stmt"/>
      <line num="1147" count="8" type="stmt"/>
      <line num="1148" count="8" type="stmt"/>
      <line num="1149" count="8" type="stmt"/>
      <line num="1152" count="881" type="cond" truecount="4" falsecount="0"/>
      <line num="1153" count="2" type="cond" truecount="2" falsecount="3"/>
      <line num="1154" count="0" type="stmt"/>
      <line num="1156" count="2" type="stmt"/>
      <line num="1158" count="2" type="stmt"/>
      <line num="1159" count="2" type="stmt"/>
      <line num="1161" count="881" type="cond" truecount="7" falsecount="0"/>
      <line num="1162" count="33" type="stmt"/>
      <line num="1163" count="33" type="cond" truecount="2" falsecount="0"/>
      <line num="1164" count="14" type="stmt"/>
      <line num="1166" count="19" type="stmt"/>
      <line num="1168" count="33" type="stmt"/>
      <line num="1170" count="881" type="cond" truecount="5" falsecount="0"/>
      <line num="1171" count="95" type="cond" truecount="1" falsecount="1"/>
      <line num="1172" count="95" type="stmt"/>
      <line num="1174" count="0" type="stmt"/>
      <line num="1176" count="95" type="stmt"/>
      <line num="1178" count="881" type="cond" truecount="6" falsecount="0"/>
      <line num="1179" count="123" type="cond" truecount="1" falsecount="0"/>
      <line num="1180" count="123" type="stmt"/>
      <line num="1183" count="123" type="stmt"/>
      <line num="1184" count="123" type="cond" truecount="2" falsecount="0"/>
      <line num="1185" count="95" type="stmt"/>
      <line num="1188" count="28" type="stmt"/>
      <line num="1191" count="123" type="cond" truecount="1" falsecount="0"/>
      <line num="1192" count="16" type="stmt"/>
      <line num="1193" count="16" type="stmt"/>
      <line num="1195" count="123" type="stmt"/>
      <line num="1197" count="881" type="stmt"/>
      <line num="1198" count="1083" type="cond" truecount="0" falsecount="1"/>
      <line num="1199" count="0" type="cond" truecount="0" falsecount="4"/>
      <line num="1200" count="0" type="stmt"/>
      <line num="1202" count="0" type="stmt"/>
      <line num="1203" count="0" type="stmt"/>
      <line num="1205" count="0" type="cond" truecount="0" falsecount="4"/>
      <line num="1206" count="0" type="stmt"/>
      <line num="1208" count="0" type="stmt"/>
      <line num="1210" count="0" type="stmt"/>
      <line num="1211" count="0" type="stmt"/>
      <line num="1213" count="1083" type="cond" truecount="0" falsecount="1"/>
      <line num="1214" count="0" type="cond" truecount="0" falsecount="4"/>
      <line num="1215" count="0" type="stmt"/>
      <line num="1217" count="0" type="stmt"/>
      <line num="1219" count="0" type="cond" truecount="0" falsecount="4"/>
      <line num="1220" count="0" type="stmt"/>
      <line num="1222" count="0" type="stmt"/>
      <line num="1224" count="0" type="stmt"/>
      <line num="1225" count="0" type="stmt"/>
      <line num="1231" count="722" type="cond" truecount="0" falsecount="1"/>
      <line num="1232" count="0" type="stmt"/>
      <line num="1234" count="722" type="stmt"/>
      <line num="1244" count="30" type="stmt"/>
      <line num="1246" count="30" type="cond" truecount="1" falsecount="0"/>
      <line num="1247" count="3" type="stmt"/>
      <line num="1249" count="27" type="cond" truecount="1" falsecount="0"/>
      <line num="1250" count="7" type="stmt"/>
      <line num="1252" count="20" type="cond" truecount="0" falsecount="1"/>
      <line num="1253" count="0" type="stmt"/>
      <line num="1255" count="20" type="cond" truecount="1" falsecount="0"/>
      <line num="1256" count="3" type="stmt"/>
      <line num="1258" count="17" type="cond" truecount="4" falsecount="2"/>
      <line num="1259" count="2" type="stmt"/>
      <line num="1261" count="15" type="cond" truecount="0" falsecount="1"/>
      <line num="1262" count="0" type="stmt"/>
      <line num="1264" count="15" type="cond" truecount="0" falsecount="1"/>
      <line num="1265" count="0" type="stmt"/>
      <line num="1267" count="15" type="stmt"/>
      <line num="1268" count="15" type="stmt"/>
      <line num="1269" count="15" type="stmt"/>
      <line num="1270" count="15" type="stmt"/>
      <line num="1273" count="15" type="cond" truecount="4" falsecount="0"/>
      <line num="1274" count="1" type="stmt"/>
      <line num="1276" count="14" type="cond" truecount="2" falsecount="0"/>
      <line num="1277" count="11" type="stmt"/>
      <line num="1279" count="3" type="cond" truecount="1" falsecount="0"/>
      <line num="1280" count="3" type="cond" truecount="1" falsecount="1"/>
      <line num="1281" count="3" type="stmt"/>
      <line num="1284" count="15" type="cond" truecount="1" falsecount="1"/>
      <line num="1294" count="36" type="stmt"/>
      <line num="1296" count="36" type="cond" truecount="0" falsecount="1"/>
      <line num="1297" count="0" type="stmt"/>
      <line num="1299" count="36" type="cond" truecount="0" falsecount="1"/>
      <line num="1300" count="0" type="stmt"/>
      <line num="1302" count="36" type="cond" truecount="1" falsecount="0"/>
      <line num="1303" count="7" type="stmt"/>
      <line num="1305" count="29" type="cond" truecount="1" falsecount="0"/>
      <line num="1306" count="2" type="stmt"/>
      <line num="1308" count="27" type="cond" truecount="4" falsecount="1"/>
      <line num="1309" count="1" type="stmt"/>
      <line num="1311" count="26" type="cond" truecount="0" falsecount="1"/>
      <line num="1312" count="0" type="stmt"/>
      <line num="1314" count="26" type="cond" truecount="0" falsecount="1"/>
      <line num="1315" count="0" type="stmt"/>
      <line num="1317" count="26" type="stmt"/>
      <line num="1318" count="26" type="stmt"/>
      <line num="1319" count="26" type="stmt"/>
      <line num="1320" count="26" type="stmt"/>
      <line num="1321" count="26" type="stmt"/>
      <line num="1324" count="26" type="cond" truecount="3" falsecount="1"/>
      <line num="1325" count="0" type="stmt"/>
      <line num="1326" count="0" type="cond" truecount="0" falsecount="2"/>
      <line num="1328" count="26" type="cond" truecount="2" falsecount="0"/>
      <line num="1329" count="24" type="stmt"/>
      <line num="1331" count="2" type="cond" truecount="1" falsecount="0"/>
      <line num="1332" count="2" type="cond" truecount="1" falsecount="1"/>
      <line num="1333" count="2" type="stmt"/>
      <line num="1334" count="2" type="cond" truecount="1" falsecount="1"/>
      <line num="1337" count="26" type="cond" truecount="1" falsecount="1"/>
      <line num="1347" count="48" type="stmt"/>
      <line num="1349" count="48" type="cond" truecount="1" falsecount="0"/>
      <line num="1350" count="3" type="stmt"/>
      <line num="1352" count="45" type="cond" truecount="1" falsecount="0"/>
      <line num="1353" count="3" type="stmt"/>
      <line num="1355" count="42" type="cond" truecount="6" falsecount="1"/>
      <line num="1356" count="5" type="stmt"/>
      <line num="1358" count="37" type="cond" truecount="1" falsecount="0"/>
      <line num="1359" count="1" type="stmt"/>
      <line num="1361" count="36" type="cond" truecount="1" falsecount="0"/>
      <line num="1362" count="8" type="stmt"/>
      <line num="1364" count="28" type="cond" truecount="0" falsecount="1"/>
      <line num="1365" count="0" type="stmt"/>
      <line num="1367" count="28" type="cond" truecount="0" falsecount="1"/>
      <line num="1368" count="0" type="stmt"/>
      <line num="1370" count="28" type="cond" truecount="0" falsecount="1"/>
      <line num="1371" count="0" type="stmt"/>
      <line num="1373" count="28" type="stmt"/>
      <line num="1374" count="28" type="cond" truecount="1" falsecount="0"/>
      <line num="1375" count="23" type="stmt"/>
      <line num="1376" count="5" type="stmt"/>
      <line num="1387" count="98" type="stmt"/>
      <line num="1390" count="98" type="cond" truecount="1" falsecount="0"/>
      <line num="1391" count="3" type="stmt"/>
      <line num="1394" count="95" type="cond" truecount="1" falsecount="0"/>
      <line num="1395" count="1" type="stmt"/>
      <line num="1401" count="94" type="cond" truecount="7" falsecount="0"/>
      <line num="1404" count="9" type="stmt"/>
      <line num="1407" count="85" type="cond" truecount="1" falsecount="0"/>
      <line num="1408" count="1" type="stmt"/>
      <line num="1411" count="84" type="cond" truecount="1" falsecount="0"/>
      <line num="1412" count="13" type="stmt"/>
      <line num="1415" count="71" type="cond" truecount="1" falsecount="0"/>
      <line num="1416" count="7" type="stmt"/>
      <line num="1419" count="64" type="cond" truecount="1" falsecount="0"/>
      <line num="1420" count="2" type="stmt"/>
      <line num="1423" count="62" type="cond" truecount="0" falsecount="1"/>
      <line num="1424" count="0" type="stmt"/>
      <line num="1429" count="62" type="cond" truecount="0" falsecount="1"/>
      <line num="1430" count="0" type="cond" truecount="0" falsecount="2"/>
      <line num="1433" count="62" type="stmt"/>
      <line num="1434" count="62" type="cond" truecount="1" falsecount="0"/>
      <line num="1435" count="56" type="stmt"/>
      <line num="1439" count="6" type="stmt"/>
      <line num="1442" count="6" type="stmt"/>
      <line num="1443" count="6" type="stmt"/>
      <line num="1445" count="6" type="cond" truecount="2" falsecount="0"/>
      <line num="1456" count="12" type="cond" truecount="3" falsecount="0"/>
      <line num="1457" count="5" type="stmt"/>
      <line num="1459" count="7" type="cond" truecount="0" falsecount="1"/>
      <line num="1460" count="0" type="stmt"/>
      <line num="1462" count="7" type="stmt"/>
      <line num="1472" count="8" type="cond" truecount="1" falsecount="0"/>
      <line num="1473" count="1" type="stmt"/>
      <line num="1475" count="7" type="cond" truecount="1" falsecount="0"/>
      <line num="1476" count="1" type="stmt"/>
      <line num="1478" count="6" type="cond" truecount="0" falsecount="1"/>
      <line num="1479" count="0" type="stmt"/>
      <line num="1481" count="6" type="cond" truecount="0" falsecount="1"/>
      <line num="1482" count="0" type="stmt"/>
      <line num="1484" count="6" type="stmt"/>
      <line num="1496" count="8" type="stmt"/>
      <line num="1497" count="8" type="cond" truecount="0" falsecount="1"/>
      <line num="1498" count="0" type="stmt"/>
      <line num="1499" count="8" type="cond" truecount="0" falsecount="1"/>
      <line num="1500" count="0" type="stmt"/>
      <line num="1501" count="8" type="cond" truecount="0" falsecount="1"/>
      <line num="1502" count="0" type="stmt"/>
      <line num="1504" count="8" type="stmt"/>
      <line num="1505" count="8" type="cond" truecount="1" falsecount="0"/>
      <line num="1506" count="4" type="cond" truecount="1" falsecount="0"/>
      <line num="1507" count="1" type="stmt"/>
      <line num="1508" count="1" type="stmt"/>
      <line num="1509" count="1" type="stmt"/>
      <line num="1510" count="1" type="stmt"/>
      <line num="1511" count="1" type="stmt"/>
      <line num="1512" count="1" type="stmt"/>
      <line num="1513" count="1" type="stmt"/>
      <line num="1514" count="1" type="stmt"/>
      <line num="1515" count="1" type="stmt"/>
      <line num="1516" count="1" type="cond" truecount="0" falsecount="1"/>
      <line num="1517" count="0" type="stmt"/>
      <line num="1518" count="1" type="stmt"/>
      <line num="1519" count="1" type="stmt"/>
      <line num="1520" count="1" type="stmt"/>
      <line num="1521" count="1" type="stmt"/>
      <line num="1522" count="1" type="stmt"/>
      <line num="1523" count="1" type="cond" truecount="0" falsecount="1"/>
      <line num="1524" count="0" type="stmt"/>
      <line num="1525" count="1" type="stmt"/>
      <line num="1526" count="1" type="stmt"/>
      <line num="1527" count="1" type="stmt"/>
      <line num="1528" count="1" type="stmt"/>
      <line num="1529" count="1" type="stmt"/>
      <line num="1530" count="1" type="stmt"/>
      <line num="1531" count="1" type="stmt"/>
      <line num="1532" count="1" type="stmt"/>
      <line num="1533" count="1" type="stmt"/>
      <line num="1534" count="1" type="stmt"/>
      <line num="1537" count="4" type="stmt"/>
      <line num="1549" count="14" type="stmt"/>
      <line num="1551" count="14" type="cond" truecount="3" falsecount="0"/>
      <line num="1552" count="2" type="stmt"/>
      <line num="1554" count="12" type="cond" truecount="1" falsecount="0"/>
      <line num="1555" count="12" type="stmt"/>
      <line num="1557" count="0" type="stmt"/>
      <line num="1558" count="0" type="stmt"/>
      <line num="1559" count="0" type="cond" truecount="0" falsecount="1"/>
      <line num="1560" count="0" type="cond" truecount="0" falsecount="1"/>
      <line num="1561" count="0" type="cond" truecount="0" falsecount="1"/>
      <line num="1562" count="0" type="cond" truecount="0" falsecount="1"/>
      <line num="1563" count="0" type="cond" truecount="0" falsecount="1"/>
      <line num="1564" count="0" type="stmt"/>
      <line num="1574" count="65" type="cond" truecount="1" falsecount="0"/>
      <line num="1575" count="4" type="stmt"/>
      <line num="1577" count="61" type="cond" truecount="1" falsecount="0"/>
      <line num="1578" count="5" type="stmt"/>
      <line num="1580" count="56" type="cond" truecount="1" falsecount="0"/>
      <line num="1581" count="3" type="stmt"/>
      <line num="1583" count="53" type="cond" truecount="1" falsecount="2"/>
      <line num="1584" count="0" type="cond" truecount="0" falsecount="1"/>
      <line num="1585" count="0" type="stmt"/>
      <line num="1587" count="0" type="stmt"/>
      <line num="1590" count="53" type="cond" truecount="0" falsecount="1"/>
      <line num="1591" count="0" type="stmt"/>
      <line num="1593" count="53" type="cond" truecount="0" falsecount="1"/>
      <line num="1594" count="0" type="stmt"/>
      <line num="1596" count="53" type="cond" truecount="1" falsecount="0"/>
      <line num="1597" count="1" type="stmt"/>
      <line num="1599" count="52" type="cond" truecount="0" falsecount="1"/>
      <line num="1600" count="0" type="stmt"/>
      <line num="1602" count="52" type="cond" truecount="1" falsecount="0"/>
      <line num="1603" count="35" type="cond" truecount="2" falsecount="0"/>
      <line num="1604" count="29" type="cond" truecount="1" falsecount="1"/>
      <line num="1605" count="29" type="stmt"/>
      <line num="1606" count="29" type="stmt"/>
      <line num="1608" count="6" type="stmt"/>
      <line num="1612" count="17" type="cond" truecount="1" falsecount="0"/>
      <line num="1613" count="2" type="stmt"/>
      <line num="1615" count="15" type="stmt"/>
      <line num="1616" count="15" type="cond" truecount="1" falsecount="0"/>
      <line num="1617" count="8" type="stmt"/>
      <line num="1619" count="7" type="stmt"/>
      <line num="1628" count="7" type="stmt"/>
      <line num="1637" count="6" type="stmt"/>
      <line num="1646" count="5" type="stmt"/>
      <line num="1656" count="21" type="cond" truecount="0" falsecount="1"/>
      <line num="1657" count="0" type="stmt"/>
      <line num="1659" count="21" type="cond" truecount="0" falsecount="1"/>
      <line num="1660" count="0" type="stmt"/>
      <line num="1662" count="21" type="cond" truecount="0" falsecount="1"/>
      <line num="1663" count="0" type="stmt"/>
      <line num="1665" count="21" type="cond" truecount="4" falsecount="0"/>
      <line num="1666" count="2" type="stmt"/>
      <line num="1668" count="19" type="cond" truecount="1" falsecount="0"/>
      <line num="1669" count="2" type="stmt"/>
      <line num="1671" count="17" type="cond" truecount="0" falsecount="1"/>
      <line num="1672" count="0" type="stmt"/>
      <line num="1674" count="17" type="cond" truecount="1" falsecount="0"/>
      <line num="1675" count="3" type="stmt"/>
      <line num="1677" count="14" type="cond" truecount="0" falsecount="1"/>
      <line num="1678" count="0" type="cond" truecount="0" falsecount="2"/>
      <line num="1680" count="14" type="stmt"/>
      <line num="1689" count="89" type="stmt"/>
      <line num="1691" count="89" type="cond" truecount="1" falsecount="0"/>
      <line num="1692" count="3" type="stmt"/>
      <line num="1694" count="86" type="cond" truecount="1" falsecount="0"/>
      <line num="1695" count="3" type="stmt"/>
      <line num="1697" count="83" type="cond" truecount="1" falsecount="0"/>
      <line num="1698" count="54" type="stmt"/>
      <line num="1700" count="29" type="cond" truecount="1" falsecount="0"/>
      <line num="1701" count="7" type="stmt"/>
      <line num="1703" count="22" type="cond" truecount="0" falsecount="1"/>
      <line num="1704" count="0" type="stmt"/>
      <line num="1706" count="22" type="stmt"/>
      <line num="1707" count="22" type="stmt"/>
      <line num="1717" count="19" type="stmt"/>
      <line num="1726" count="7" type="stmt"/>
      <line num="1743" count="0" type="cond" truecount="0" falsecount="1"/>
      <line num="1744" count="0" type="stmt"/>
      <line num="1746" count="0" type="cond" truecount="0" falsecount="2"/>
      <line num="1747" count="0" type="cond" truecount="0" falsecount="1"/>
      <line num="1748" count="0" type="stmt"/>
      <line num="1750" count="0" type="cond" truecount="0" falsecount="1"/>
      <line num="1751" count="0" type="stmt"/>
      <line num="1753" count="0" type="stmt"/>
      <line num="1756" count="0" type="cond" truecount="0" falsecount="1"/>
      <line num="1757" count="0" type="stmt"/>
      <line num="1758" count="0" type="stmt"/>
      <line num="1760" count="0" type="stmt"/>
      <line num="1761" count="0" type="stmt"/>
      <line num="1762" count="0" type="stmt"/>
      <line num="1763" count="0" type="stmt"/>
      <line num="1764" count="0" type="cond" truecount="0" falsecount="1"/>
      <line num="1765" count="0" type="stmt"/>
      <line num="1767" count="0" type="stmt"/>
      <line num="1768" count="0" type="cond" truecount="0" falsecount="1"/>
      <line num="1769" count="0" type="stmt"/>
      <line num="1770" count="0" type="stmt"/>
      <line num="1772" count="0" type="stmt"/>
      <line num="1786" count="3" type="stmt"/>
      <line num="1787" count="3" type="cond" truecount="0" falsecount="1"/>
      <line num="1788" count="0" type="stmt"/>
      <line num="1790" count="3" type="cond" truecount="0" falsecount="1"/>
      <line num="1791" count="0" type="stmt"/>
      <line num="1793" count="3" type="cond" truecount="1" falsecount="1"/>
      <line num="1794" count="3" type="cond" truecount="0" falsecount="1"/>
      <line num="1795" count="0" type="stmt"/>
      <line num="1797" count="3" type="cond" truecount="0" falsecount="1"/>
      <line num="1798" count="0" type="stmt"/>
      <line num="1799" count="0" type="stmt"/>
      <line num="1802" count="3" type="cond" truecount="0" falsecount="1"/>
      <line num="1803" count="0" type="stmt"/>
      <line num="1805" count="3" type="stmt"/>
      <line num="1808" count="0" type="cond" truecount="0" falsecount="1"/>
      <line num="1809" count="0" type="stmt"/>
      <line num="1811" count="0" type="cond" truecount="0" falsecount="1"/>
      <line num="1812" count="0" type="stmt"/>
      <line num="1814" count="0" type="cond" truecount="0" falsecount="1"/>
      <line num="1815" count="0" type="stmt"/>
      <line num="1817" count="0" type="stmt"/>
      <line num="1831" count="6" type="stmt"/>
      <line num="1832" count="6" type="cond" truecount="1" falsecount="0"/>
      <line num="1833" count="1" type="stmt"/>
      <line num="1836" count="6" type="cond" truecount="3" falsecount="1"/>
      <line num="1837" count="0" type="stmt"/>
      <line num="1840" count="6" type="cond" truecount="1" falsecount="2"/>
      <line num="1841" count="0" type="cond" truecount="0" falsecount="1"/>
      <line num="1842" count="0" type="stmt"/>
      <line num="1845" count="0" type="stmt"/>
      <line num="1846" count="0" type="stmt"/>
      <line num="1849" count="6" type="cond" truecount="0" falsecount="1"/>
      <line num="1850" count="0" type="stmt"/>
      <line num="1852" count="6" type="cond" truecount="0" falsecount="1"/>
      <line num="1853" count="0" type="cond" truecount="0" falsecount="1"/>
      <line num="1854" count="0" type="stmt"/>
      <line num="1856" count="0" type="cond" truecount="0" falsecount="1"/>
      <line num="1857" count="0" type="stmt"/>
      <line num="1859" count="0" type="stmt"/>
      <line num="1862" count="6" type="cond" truecount="0" falsecount="1"/>
      <line num="1863" count="0" type="cond" truecount="0" falsecount="1"/>
      <line num="1864" count="0" type="stmt"/>
      <line num="1865" count="0" type="stmt"/>
      <line num="1868" count="6" type="cond" truecount="0" falsecount="1"/>
      <line num="1869" count="0" type="stmt"/>
      <line num="1871" count="6" type="cond" truecount="1" falsecount="0"/>
      <line num="1872" count="1" type="stmt"/>
      <line num="1874" count="5" type="cond" truecount="1" falsecount="0"/>
      <line num="1875" count="1" type="stmt"/>
      <line num="1877" count="4" type="cond" truecount="0" falsecount="1"/>
      <line num="1878" count="0" type="stmt"/>
      <line num="1880" count="4" type="cond" truecount="1" falsecount="0"/>
      <line num="1881" count="3" type="cond" truecount="1" falsecount="0"/>
      <line num="1882" count="2" type="stmt"/>
      <line num="1883" count="1" type="cond" truecount="0" falsecount="1"/>
      <line num="1884" count="0" type="stmt"/>
      <line num="1887" count="2" type="stmt"/>
      <line num="1888" count="2" type="cond" truecount="0" falsecount="1"/>
      <line num="1889" count="0" type="stmt"/>
      <line num="1891" count="2" type="cond" truecount="2" falsecount="1"/>
      <line num="1892" count="0" type="cond" truecount="0" falsecount="1"/>
      <line num="1893" count="0" type="stmt"/>
      <line num="1894" count="0" type="stmt"/>
      <line num="1897" count="0" type="stmt"/>
      <line num="1898" count="0" type="cond" truecount="0" falsecount="2"/>
      <line num="1899" count="0" type="stmt"/>
      <line num="1900" count="0" type="stmt"/>
      <line num="1904" count="2" type="stmt"/>
      <line num="1905" count="2" type="stmt"/>
      <line num="1906" count="2" type="stmt"/>
      <line num="1907" count="2" type="stmt"/>
      <line num="1911" count="2" type="cond" truecount="3" falsecount="0"/>
      <line num="1912" count="5" type="cond" truecount="1" falsecount="1"/>
      <line num="1913" count="5" type="stmt"/>
      <line num="1914" count="5" type="cond" truecount="0" falsecount="1"/>
      <line num="1915" count="0" type="stmt"/>
      <line num="1916" count="0" type="stmt"/>
      <line num="1918" count="5" type="stmt"/>
      <line num="1919" count="5" type="stmt"/>
      <line num="1922" count="0" type="stmt"/>
      <line num="1923" count="0" type="cond" truecount="0" falsecount="1"/>
      <line num="1924" count="0" type="stmt"/>
      <line num="1925" count="0" type="stmt"/>
      <line num="1927" count="0" type="stmt"/>
      <line num="1928" count="0" type="stmt"/>
      <line num="1932" count="2" type="cond" truecount="2" falsecount="1"/>
      <line num="1933" count="0" type="stmt"/>
      <line num="1935" count="2" type="cond" truecount="2" falsecount="0"/>
      <line num="1936" count="2" type="stmt"/>
      <line num="1938" count="2" type="stmt"/>
      <line num="1950" count="4" type="cond" truecount="3" falsecount="2"/>
      <line num="1951" count="0" type="stmt"/>
      <line num="1953" count="4" type="cond" truecount="0" falsecount="1"/>
      <line num="1954" count="0" type="stmt"/>
      <line num="1956" count="4" type="cond" truecount="0" falsecount="1"/>
      <line num="1957" count="0" type="stmt"/>
      <line num="1959" count="4" type="cond" truecount="0" falsecount="1"/>
      <line num="1960" count="0" type="stmt"/>
      <line num="1962" count="4" type="cond" truecount="1" falsecount="0"/>
      <line num="1963" count="1" type="stmt"/>
      <line num="1965" count="3" type="cond" truecount="0" falsecount="1"/>
      <line num="1966" count="0" type="stmt"/>
      <line num="1968" count="3" type="cond" truecount="0" falsecount="1"/>
      <line num="1969" count="0" type="stmt"/>
      <line num="1970" count="0" type="cond" truecount="0" falsecount="1"/>
      <line num="1971" count="0" type="stmt"/>
      <line num="1972" count="0" type="cond" truecount="0" falsecount="1"/>
      <line num="1973" count="0" type="stmt"/>
      <line num="1976" count="3" type="stmt"/>
      <line num="1978" count="3" type="cond" truecount="0" falsecount="1"/>
      <line num="1979" count="0" type="cond" truecount="0" falsecount="1"/>
      <line num="1980" count="0" type="stmt"/>
      <line num="1981" count="0" type="stmt"/>
      <line num="1984" count="3" type="cond" truecount="0" falsecount="1"/>
      <line num="1985" count="0" type="cond" truecount="0" falsecount="1"/>
      <line num="1986" count="0" type="stmt"/>
      <line num="1987" count="0" type="stmt"/>
      <line num="1988" count="0" type="stmt"/>
      <line num="1990" count="0" type="stmt"/>
      <line num="1993" count="3" type="stmt"/>
      <line num="1994" count="3" type="cond" truecount="4" falsecount="0"/>
      <line num="1995" count="3" type="cond" truecount="0" falsecount="1"/>
      <line num="1996" count="0" type="stmt"/>
      <line num="1997" count="0" type="stmt"/>
      <line num="1998" count="0" type="stmt"/>
      <line num="2001" count="3" type="stmt"/>
      <line num="2002" count="9" type="cond" truecount="1" falsecount="1"/>
      <line num="2003" count="0" type="stmt"/>
      <line num="2004" count="0" type="stmt"/>
      <line num="2006" count="9" type="cond" truecount="2" falsecount="0"/>
      <line num="2007" count="3" type="stmt"/>
      <line num="2010" count="6" type="stmt"/>
      <line num="2011" count="6" type="stmt"/>
      <line num="2015" count="0" type="cond" truecount="0" falsecount="1"/>
      <line num="2016" count="0" type="stmt"/>
      <line num="2020" count="0" type="stmt"/>
      <line num="2033" count="1" type="stmt"/>
      <line num="2046" count="1" type="stmt"/>
      <line num="2048" count="1" type="cond" truecount="0" falsecount="1"/>
      <line num="2049" count="0" type="stmt"/>
      <line num="2051" count="1" type="cond" truecount="0" falsecount="1"/>
      <line num="2052" count="0" type="stmt"/>
      <line num="2054" count="1" type="cond" truecount="0" falsecount="1"/>
      <line num="2055" count="0" type="stmt"/>
      <line num="2057" count="1" type="cond" truecount="0" falsecount="1"/>
      <line num="2058" count="0" type="stmt"/>
      <line num="2059" count="0" type="stmt"/>
      <line num="2062" count="1" type="stmt"/>
      <line num="2063" count="1" type="stmt"/>
      <line num="2086" count="3" type="stmt"/>
      <line num="2088" count="3" type="cond" truecount="2" falsecount="1"/>
      <line num="2089" count="0" type="stmt"/>
      <line num="2091" count="3" type="cond" truecount="1" falsecount="0"/>
      <line num="2092" count="2" type="stmt"/>
      <line num="2094" count="1" type="cond" truecount="1" falsecount="0"/>
      <line num="2095" count="1" type="stmt"/>
      <line num="2097" count="0" type="cond" truecount="0" falsecount="1"/>
      <line num="2098" count="0" type="stmt"/>
      <line num="2101" count="0" type="cond" truecount="0" falsecount="1"/>
      <line num="2102" count="0" type="cond" truecount="0" falsecount="3"/>
      <line num="2103" count="0" type="stmt"/>
      <line num="2105" count="0" type="cond" truecount="0" falsecount="1"/>
      <line num="2106" count="0" type="stmt"/>
      <line num="2108" count="0" type="cond" truecount="0" falsecount="1"/>
      <line num="2109" count="0" type="cond" truecount="0" falsecount="1"/>
      <line num="2110" count="0" type="stmt"/>
      <line num="2112" count="0" type="stmt"/>
      <line num="2115" count="0" type="cond" truecount="0" falsecount="1"/>
      <line num="2116" count="0" type="stmt"/>
      <line num="2118" count="0" type="cond" truecount="0" falsecount="1"/>
      <line num="2119" count="0" type="stmt"/>
      <line num="2121" count="0" type="cond" truecount="0" falsecount="1"/>
      <line num="2122" count="0" type="stmt"/>
      <line num="2125" count="0" type="cond" truecount="0" falsecount="1"/>
      <line num="2126" count="0" type="stmt"/>
      <line num="2127" count="0" type="stmt"/>
      <line num="2128" count="0" type="stmt"/>
      <line num="2131" count="0" type="stmt"/>
      <line num="2132" count="0" type="cond" truecount="0" falsecount="1"/>
      <line num="2133" count="0" type="stmt"/>
      <line num="2135" count="0" type="cond" truecount="0" falsecount="1"/>
      <line num="2136" count="0" type="stmt"/>
      <line num="2138" count="0" type="cond" truecount="0" falsecount="3"/>
      <line num="2139" count="0" type="cond" truecount="0" falsecount="2"/>
      <line num="2140" count="0" type="stmt"/>
      <line num="2141" count="0" type="stmt"/>
      <line num="2142" count="0" type="stmt"/>
      <line num="2144" count="0" type="cond" truecount="0" falsecount="2"/>
      <line num="2145" count="0" type="stmt"/>
      <line num="2148" count="0" type="stmt"/>
      <line num="2151" count="0" type="stmt"/>
      <line num="2152" count="0" type="cond" truecount="0" falsecount="2"/>
      <line num="2153" count="0" type="stmt"/>
      <line num="2156" count="0" type="cond" truecount="0" falsecount="1"/>
      <line num="2157" count="0" type="stmt"/>
      <line num="2158" count="0" type="stmt"/>
      <line num="2159" count="0" type="stmt"/>
      <line num="2162" count="0" type="stmt"/>
      <line num="2163" count="0" type="stmt"/>
      <line num="2164" count="0" type="stmt"/>
      <line num="2165" count="0" type="stmt"/>
      <line num="2167" count="0" type="cond" truecount="0" falsecount="3"/>
      <line num="2168" count="0" type="cond" truecount="0" falsecount="1"/>
      <line num="2169" count="0" type="stmt"/>
      <line num="2170" count="0" type="stmt"/>
      <line num="2174" count="0" type="cond" truecount="0" falsecount="1"/>
      <line num="2175" count="0" type="stmt"/>
      <line num="2177" count="0" type="cond" truecount="0" falsecount="2"/>
      <line num="2178" count="0" type="stmt"/>
      <line num="2179" count="0" type="stmt"/>
      <line num="2200" count="1" type="cond" truecount="0" falsecount="1"/>
      <line num="2201" count="0" type="cond" truecount="0" falsecount="2"/>
      <line num="2202" count="1" type="cond" truecount="0" falsecount="1"/>
      <line num="2203" count="0" type="stmt"/>
      <line num="2205" count="1" type="stmt"/>
      <line num="2225" count="1" type="cond" truecount="0" falsecount="1"/>
      <line num="2226" count="0" type="stmt"/>
      <line num="2227" count="1" type="cond" truecount="0" falsecount="1"/>
      <line num="2228" count="0" type="stmt"/>
      <line num="2230" count="1" type="stmt"/>
      <line num="2248" count="1" type="stmt"/>
      <line num="2250" count="1" type="cond" truecount="2" falsecount="1"/>
      <line num="2251" count="0" type="stmt"/>
      <line num="2253" count="1" type="cond" truecount="0" falsecount="1"/>
      <line num="2254" count="0" type="stmt"/>
      <line num="2256" count="1" type="cond" truecount="0" falsecount="1"/>
      <line num="2257" count="0" type="stmt"/>
      <line num="2259" count="1" type="cond" truecount="1" falsecount="0"/>
      <line num="2260" count="1" type="stmt"/>
      <line num="2263" count="0" type="cond" truecount="0" falsecount="1"/>
      <line num="2264" count="0" type="stmt"/>
      <line num="2265" count="0" type="stmt"/>
      <line num="2266" count="0" type="stmt"/>
      <line num="2267" count="0" type="stmt"/>
      <line num="2270" count="0" type="stmt"/>
      <line num="2271" count="0" type="stmt"/>
      <line num="2272" count="0" type="cond" truecount="0" falsecount="2"/>
      <line num="2273" count="0" type="cond" truecount="0" falsecount="1"/>
      <line num="2274" count="0" type="stmt"/>
      <line num="2275" count="0" type="stmt"/>
      <line num="2278" count="0" type="stmt"/>
      <line num="2279" count="0" type="stmt"/>
      <line num="2304" count="1" type="stmt"/>
      <line num="2305" count="1" type="stmt"/>
      <line num="2331" count="1" type="stmt"/>
      <line num="2332" count="1" type="stmt"/>
      <line num="2333" count="1" type="stmt"/>
      <line num="2334" count="1" type="stmt"/>
      <line num="2352" count="1" type="stmt"/>
      <line num="2370" count="1" type="stmt"/>
      <line num="2371" count="1" type="stmt"/>
      <line num="2381" count="3" type="stmt"/>
      <line num="2390" count="6" type="cond" truecount="1" falsecount="0"/>
      <line num="2391" count="1" type="stmt"/>
      <line num="2394" count="5" type="stmt"/>
      <line num="2409" count="428" type="cond" truecount="1" falsecount="0"/>
      <line num="2410" count="6" type="stmt"/>
      <line num="2411" count="422" type="cond" truecount="1" falsecount="0"/>
      <line num="2412" count="25" type="stmt"/>
      <line num="2413" count="397" type="cond" truecount="1" falsecount="2"/>
      <line num="2414" count="0" type="stmt"/>
      <line num="2415" count="397" type="stmt"/>
      <line num="2424" count="21" type="cond" truecount="1" falsecount="0"/>
      <line num="2425" count="2" type="stmt"/>
      <line num="2427" count="19" type="cond" truecount="1" falsecount="0"/>
      <line num="2428" count="1" type="stmt"/>
      <line num="2430" count="18" type="cond" truecount="1" falsecount="0"/>
      <line num="2431" count="2" type="stmt"/>
      <line num="2433" count="16" type="stmt"/>
      <line num="2434" count="16" type="cond" truecount="1" falsecount="1"/>
      <line num="2435" count="0" type="cond" truecount="0" falsecount="2"/>
      <line num="2436" count="0" type="stmt"/>
      <line num="2437" count="16" type="cond" truecount="4" falsecount="1"/>
      <line num="2438" count="0" type="stmt"/>
      <line num="2439" count="0" type="stmt"/>
      <line num="2440" count="0" type="cond" truecount="0" falsecount="6"/>
      <line num="2441" count="0" type="cond" truecount="0" falsecount="2"/>
      <line num="2442" count="0" type="stmt"/>
      <line num="2445" count="16" type="stmt"/>
      <line num="2446" count="16" type="stmt"/>
      <line num="2447" count="16" type="cond" truecount="2" falsecount="0"/>
      <line num="2448" count="1" type="cond" truecount="1" falsecount="1"/>
      <line num="2449" count="0" type="cond" truecount="0" falsecount="2"/>
      <line num="2450" count="0" type="stmt"/>
      <line num="2452" count="16" type="stmt"/>
      <line num="2466" count="278" type="stmt"/>
      <line num="2467" count="278" type="stmt"/>
      <line num="2469" count="278" type="stmt"/>
      <line num="2474" count="160" type="cond" truecount="3" falsecount="0"/>
      <line num="2475" count="13" type="stmt"/>
      <line num="2478" count="134" type="cond" truecount="3" falsecount="0"/>
      <line num="2479" count="61" type="stmt"/>
      <line num="2482" count="6" type="stmt"/>
      <line num="2485" count="6" type="cond" truecount="3" falsecount="0"/>
      <line num="2486" count="4" type="cond" truecount="2" falsecount="0"/>
      <line num="2487" count="5" type="stmt"/>
      <line num="2488" count="5" type="stmt"/>
      <line num="2493" count="1" type="cond" truecount="2" falsecount="2"/>
      <line num="2495" count="1" type="stmt"/>
      <line num="2498" count="1" type="cond" truecount="2" falsecount="2"/>
      <line num="2500" count="0" type="stmt"/>
      <line num="2505" count="204" type="cond" truecount="4" falsecount="0"/>
      <line num="2525" count="266" type="stmt"/>
      <line num="2528" count="266" type="cond" truecount="1" falsecount="0"/>
      <line num="2529" count="211" type="cond" truecount="2" falsecount="0"/>
      <line num="2531" count="112" type="stmt"/>
      <line num="2535" count="99" type="cond" truecount="3" falsecount="1"/>
      <line num="2540" count="55" type="cond" truecount="2" falsecount="0"/>
      <line num="2542" count="26" type="stmt"/>
      <line num="2546" count="29" type="stmt"/>
      <line num="2547" count="29" type="stmt"/>
      <line num="2549" count="29" type="stmt"/>
      <line num="2553" count="0" type="stmt"/>
      <line num="2557" count="55" type="stmt"/>
      <line num="2568" count="16" type="cond" truecount="1" falsecount="0"/>
      <line num="2569" count="4" type="stmt"/>
      <line num="2570" count="12" type="stmt"/>
      <line num="2581" count="2" type="cond" truecount="0" falsecount="1"/>
      <line num="2582" count="0" type="stmt"/>
      <line num="2583" count="2" type="stmt"/>
      <line num="2594" count="4" type="cond" truecount="0" falsecount="1"/>
      <line num="2595" count="0" type="stmt"/>
      <line num="2596" count="4" type="stmt"/>
    </file>
  </project>
</coverage>
