{"C:\\Users\\vivim\\OneDrive\\Documents\\GitHub\\MegotaNum\\src\\Gamma.ts": {"path":"C:\\Users\\vivim\\OneDrive\\Documents\\GitHub\\MegotaNum\\src\\Gamma.ts","statementMap":{"0":{"start":{"line":3,"column":0},"end":{"line":3,"column":16}},"1":{"start":{"line":1,"column":13},"end":{"line":1,"column":4382}},"2":{"start":{"line":4,"column":4},"end":{"line":5,"column":17}},"3":{"start":{"line":5,"column":8},"end":{"line":5,"column":17}},"4":{"start":{"line":7,"column":4},"end":{"line":11,"column":5}},"5":{"start":{"line":8,"column":8},"end":{"line":9,"column":44}},"6":{"start":{"line":9,"column":12},"end":{"line":9,"column":44}},"7":{"start":{"line":10,"column":8},"end":{"line":10,"column":17}},"8":{"start":{"line":13,"column":16},"end":{"line":13,"column":17}},"9":{"start":{"line":14,"column":4},"end":{"line":17,"column":5}},"10":{"start":{"line":15,"column":8},"end":{"line":15,"column":26}},"11":{"start":{"line":16,"column":8},"end":{"line":16,"column":12}},"12":{"start":{"line":18,"column":4},"end":{"line":18,"column":11}},"13":{"start":{"line":19,"column":12},"end":{"line":19,"column":30}},"14":{"start":{"line":20,"column":4},"end":{"line":20,"column":33}},"15":{"start":{"line":21,"column":4},"end":{"line":21,"column":11}},"16":{"start":{"line":22,"column":15},"end":{"line":22,"column":20}},"17":{"start":{"line":23,"column":13},"end":{"line":23,"column":14}},"18":{"start":{"line":24,"column":4},"end":{"line":24,"column":23}},"19":{"start":{"line":25,"column":4},"end":{"line":25,"column":13}},"20":{"start":{"line":26,"column":4},"end":{"line":26,"column":24}},"21":{"start":{"line":27,"column":4},"end":{"line":27,"column":18}},"22":{"start":{"line":28,"column":4},"end":{"line":28,"column":25}},"23":{"start":{"line":29,"column":4},"end":{"line":29,"column":13}},"24":{"start":{"line":30,"column":4},"end":{"line":30,"column":25}},"25":{"start":{"line":31,"column":4},"end":{"line":31,"column":13}},"26":{"start":{"line":32,"column":4},"end":{"line":32,"column":25}},"27":{"start":{"line":33,"column":4},"end":{"line":33,"column":13}},"28":{"start":{"line":34,"column":4},"end":{"line":34,"column":29}},"29":{"start":{"line":35,"column":4},"end":{"line":35,"column":13}},"30":{"start":{"line":36,"column":4},"end":{"line":36,"column":25}},"31":{"start":{"line":37,"column":4},"end":{"line":37,"column":13}},"32":{"start":{"line":38,"column":4},"end":{"line":38,"column":30}},"33":{"start":{"line":39,"column":4},"end":{"line":39,"column":31}}},"fnMap":{"0":{"name":"f_gamma","decl":{"start":{"line":3,"column":16},"end":{"line":3,"column":23}},"loc":{"start":{"line":3,"column":33},"end":{"line":40,"column":1}}}},"branchMap":{"0":{"loc":{"start":{"line":4,"column":4},"end":{"line":5,"column":17}},"type":"if","locations":[{"start":{"line":4,"column":4},"end":{"line":5,"column":17}}]},"1":{"loc":{"start":{"line":7,"column":4},"end":{"line":11,"column":5}},"type":"if","locations":[{"start":{"line":7,"column":4},"end":{"line":11,"column":5}}]},"2":{"loc":{"start":{"line":8,"column":8},"end":{"line":9,"column":44}},"type":"if","locations":[{"start":{"line":8,"column":8},"end":{"line":9,"column":44}}]}},"s":{"0":2,"1":2,"2":20,"3":3,"4":17,"5":3,"6":0,"7":3,"8":14,"9":14,"10":91,"11":91,"12":14,"13":14,"14":14,"15":14,"16":14,"17":14,"18":14,"19":14,"20":14,"21":14,"22":14,"23":14,"24":14,"25":14,"26":14,"27":14,"28":14,"29":14,"30":14,"31":14,"32":14,"33":14},"f":{"0":20},"b":{"0":[3],"1":[3],"2":[0]}}
,"C:\\Users\\vivim\\OneDrive\\Documents\\GitHub\\MegotaNum\\src\\Lambertw.ts": {"path":"C:\\Users\\vivim\\OneDrive\\Documents\\GitHub\\MegotaNum\\src\\Lambertw.ts","statementMap":{"0":{"start":{"line":10,"column":0},"end":{"line":10,"column":16}},"1":{"start":{"line":1,"column":13},"end":{"line":1,"column":40}},"2":{"start":{"line":5,"column":8},"end":{"line":5,"column":23}},"3":{"start":{"line":6,"column":8},"end":{"line":6,"column":36}},"4":{"start":{"line":3,"column":0},"end":{"line":3,"column":13}},"5":{"start":{"line":12,"column":4},"end":{"line":13,"column":17}},"6":{"start":{"line":13,"column":8},"end":{"line":13,"column":17}},"7":{"start":{"line":15,"column":4},"end":{"line":33,"column":5}},"8":{"start":{"line":16,"column":8},"end":{"line":17,"column":21}},"9":{"start":{"line":17,"column":12},"end":{"line":17,"column":21}},"10":{"start":{"line":18,"column":8},"end":{"line":19,"column":25}},"11":{"start":{"line":19,"column":12},"end":{"line":19,"column":25}},"12":{"start":{"line":21,"column":8},"end":{"line":24,"column":52}},"13":{"start":{"line":22,"column":12},"end":{"line":22,"column":18}},"14":{"start":{"line":24,"column":12},"end":{"line":24,"column":52}},"15":{"start":{"line":27,"column":8},"end":{"line":28,"column":29}},"16":{"start":{"line":28,"column":12},"end":{"line":28,"column":29}},"17":{"start":{"line":29,"column":8},"end":{"line":32,"column":55}},"18":{"start":{"line":30,"column":12},"end":{"line":30,"column":19}},"19":{"start":{"line":32,"column":12},"end":{"line":32,"column":55}},"20":{"start":{"line":35,"column":4},"end":{"line":40,"column":5}},"21":{"start":{"line":35,"column":17},"end":{"line":35,"column":18}},"22":{"start":{"line":36,"column":19},"end":{"line":36,"column":55}},"23":{"start":{"line":37,"column":8},"end":{"line":38,"column":22}},"24":{"start":{"line":38,"column":12},"end":{"line":38,"column":22}},"25":{"start":{"line":39,"column":8},"end":{"line":39,"column":15}},"26":{"start":{"line":41,"column":4},"end":{"line":41,"column":66}}},"fnMap":{"0":{"name":"(anonymous_0)","decl":{"start":{"line":4,"column":4},"end":{"line":4,"column":16}},"loc":{"start":{"line":4,"column":31},"end":{"line":7,"column":5}}},"1":{"name":"f_lambertw","decl":{"start":{"line":10,"column":16},"end":{"line":10,"column":26}},"loc":{"start":{"line":10,"column":67},"end":{"line":42,"column":1}}}},"branchMap":{"0":{"loc":{"start":{"line":10,"column":38},"end":{"line":10,"column":49}},"type":"default-arg","locations":[{"start":{"line":10,"column":44},"end":{"line":10,"column":49}}]},"1":{"loc":{"start":{"line":10,"column":51},"end":{"line":10,"column":67}},"type":"default-arg","locations":[{"start":{"line":10,"column":63},"end":{"line":10,"column":67}}]},"2":{"loc":{"start":{"line":12,"column":4},"end":{"line":13,"column":17}},"type":"if","locations":[{"start":{"line":12,"column":4},"end":{"line":13,"column":17}}]},"3":{"loc":{"start":{"line":15,"column":4},"end":{"line":33,"column":5}},"type":"if","locations":[{"start":{"line":15,"column":4},"end":{"line":33,"column":5}},{"start":{"line":26,"column":9},"end":{"line":33,"column":5}}]},"4":{"loc":{"start":{"line":16,"column":8},"end":{"line":17,"column":21}},"type":"if","locations":[{"start":{"line":16,"column":8},"end":{"line":17,"column":21}}]},"5":{"loc":{"start":{"line":18,"column":8},"end":{"line":19,"column":25}},"type":"if","locations":[{"start":{"line":18,"column":8},"end":{"line":19,"column":25}}]},"6":{"loc":{"start":{"line":21,"column":8},"end":{"line":24,"column":52}},"type":"if","locations":[{"start":{"line":21,"column":8},"end":{"line":24,"column":52}},{"start":{"line":24,"column":12},"end":{"line":24,"column":52}}]},"7":{"loc":{"start":{"line":27,"column":8},"end":{"line":28,"column":29}},"type":"if","locations":[{"start":{"line":27,"column":8},"end":{"line":28,"column":29}}]},"8":{"loc":{"start":{"line":29,"column":8},"end":{"line":32,"column":55}},"type":"if","locations":[{"start":{"line":29,"column":8},"end":{"line":32,"column":55}},{"start":{"line":32,"column":12},"end":{"line":32,"column":55}}]},"9":{"loc":{"start":{"line":37,"column":8},"end":{"line":38,"column":22}},"type":"if","locations":[{"start":{"line":37,"column":8},"end":{"line":38,"column":22}}]}},"s":{"0":2,"1":2,"2":1,"3":1,"4":2,"5":12,"6":3,"7":9,"8":9,"9":2,"10":7,"11":2,"12":5,"13":4,"14":1,"15":0,"16":0,"17":0,"18":0,"19":0,"20":5,"21":5,"22":125,"23":125,"24":4,"25":121,"26":1},"f":{"0":1,"1":12},"b":{"0":[12],"1":[12],"2":[3],"3":[9,0],"4":[2],"5":[2],"6":[4,1],"7":[0],"8":[0,0],"9":[4]}}
,"C:\\Users\\vivim\\OneDrive\\Documents\\GitHub\\MegotaNum\\src\\MegotaNumber.ts": {"path":"C:\\Users\\vivim\\OneDrive\\Documents\\GitHub\\MegotaNum\\src\\MegotaNumber.ts","statementMap":{"0":{"start":{"line":1,"column":0},"end":{"line":1,"column":46}},"1":{"start":{"line":2,"column":0},"end":{"line":2,"column":62}},"2":{"start":{"line":5,"column":46},"end":{"line":5,"column":62}},"3":{"start":{"line":6,"column":46},"end":{"line":6,"column":63}},"4":{"start":{"line":7,"column":35},"end":{"line":7,"column":68}},"5":{"start":{"line":8,"column":48},"end":{"line":8,"column":75}},"6":{"start":{"line":9,"column":49},"end":{"line":9,"column":77}},"7":{"start":{"line":10,"column":55},"end":{"line":10,"column":85}},"8":{"start":{"line":11,"column":55},"end":{"line":11,"column":86}},"9":{"start":{"line":12,"column":44},"end":{"line":12,"column":94}},"10":{"start":{"line":13,"column":37},"end":{"line":13,"column":42}},"11":{"start":{"line":4,"column":0},"end":{"line":4,"column":13}},"12":{"start":{"line":36,"column":27},"end":{"line":36,"column":29}},"13":{"start":{"line":43,"column":34},"end":{"line":43,"column":35}},"14":{"start":{"line":48,"column":41},"end":{"line":48,"column":60}},"15":{"start":{"line":53,"column":41},"end":{"line":53,"column":216}},"16":{"start":{"line":68,"column":52},"end":{"line":68,"column":54}},"17":{"start":{"line":70,"column":37},"end":{"line":70,"column":55}},"18":{"start":{"line":71,"column":36},"end":{"line":71,"column":54}},"19":{"start":{"line":72,"column":36},"end":{"line":72,"column":54}},"20":{"start":{"line":73,"column":38},"end":{"line":73,"column":56}},"21":{"start":{"line":74,"column":37},"end":{"line":74,"column":55}},"22":{"start":{"line":75,"column":36},"end":{"line":75,"column":55}},"23":{"start":{"line":76,"column":34},"end":{"line":76,"column":57}},"24":{"start":{"line":77,"column":36},"end":{"line":77,"column":61}},"25":{"start":{"line":78,"column":37},"end":{"line":78,"column":63}},"26":{"start":{"line":79,"column":38},"end":{"line":79,"column":65}},"27":{"start":{"line":80,"column":39},"end":{"line":80,"column":67}},"28":{"start":{"line":81,"column":35},"end":{"line":81,"column":59}},"29":{"start":{"line":82,"column":40},"end":{"line":82,"column":69}},"30":{"start":{"line":83,"column":38},"end":{"line":83,"column":65}},"31":{"start":{"line":84,"column":49},"end":{"line":84,"column":101}},"32":{"start":{"line":85,"column":49},"end":{"line":85,"column":101}},"33":{"start":{"line":86,"column":38},"end":{"line":86,"column":79}},"34":{"start":{"line":87,"column":36},"end":{"line":87,"column":63}},"35":{"start":{"line":88,"column":50},"end":{"line":88,"column":91}},"36":{"start":{"line":89,"column":50},"end":{"line":89,"column":91}},"37":{"start":{"line":90,"column":51},"end":{"line":90,"column":105}},"38":{"start":{"line":91,"column":52},"end":{"line":91,"column":107}},"39":{"start":{"line":92,"column":58},"end":{"line":92,"column":119}},"40":{"start":{"line":93,"column":58},"end":{"line":93,"column":119}},"41":{"start":{"line":94,"column":47},"end":{"line":94,"column":97}},"42":{"start":{"line":95,"column":40},"end":{"line":95,"column":83}},"43":{"start":{"line":97,"column":42},"end":{"line":97,"column":66}},"44":{"start":{"line":98,"column":49},"end":{"line":98,"column":77}},"45":{"start":{"line":99,"column":44},"end":{"line":99,"column":81}},"46":{"start":{"line":100,"column":53},"end":{"line":100,"column":91}},"47":{"start":{"line":101,"column":45},"end":{"line":101,"column":64}},"48":{"start":{"line":102,"column":45},"end":{"line":102,"column":64}},"49":{"start":{"line":109,"column":26},"end":{"line":109,"column":27}},"50":{"start":{"line":125,"column":41},"end":{"line":125,"column":52}},"51":{"start":{"line":130,"column":27},"end":{"line":130,"column":28}},"52":{"start":{"line":152,"column":18},"end":{"line":152,"column":28}},"53":{"start":{"line":153,"column":8},"end":{"line":153,"column":40}},"54":{"start":{"line":154,"column":8},"end":{"line":154,"column":36}},"55":{"start":{"line":155,"column":8},"end":{"line":155,"column":22}},"56":{"start":{"line":156,"column":8},"end":{"line":156,"column":17}},"57":{"start":{"line":185,"column":8},"end":{"line":185,"column":126}},"58":{"start":{"line":228,"column":21},"end":{"line":228,"column":26}},"59":{"start":{"line":229,"column":8},"end":{"line":235,"column":9}},"60":{"start":{"line":230,"column":12},"end":{"line":234,"column":13}},"61":{"start":{"line":231,"column":16},"end":{"line":231,"column":34}},"62":{"start":{"line":233,"column":16},"end":{"line":233,"column":30}},"63":{"start":{"line":236,"column":8},"end":{"line":238,"column":9}},"64":{"start":{"line":237,"column":12},"end":{"line":237,"column":40}},"65":{"start":{"line":240,"column":18},"end":{"line":240,"column":28}},"66":{"start":{"line":241,"column":8},"end":{"line":241,"column":30}},"67":{"start":{"line":242,"column":24},"end":{"line":242,"column":29}},"68":{"start":{"line":243,"column":8},"end":{"line":243,"column":53}},"69":{"start":{"line":244,"column":8},"end":{"line":244,"column":49}},"70":{"start":{"line":246,"column":8},"end":{"line":250,"column":9}},"71":{"start":{"line":247,"column":12},"end":{"line":247,"column":56}},"72":{"start":{"line":248,"column":12},"end":{"line":248,"column":36}},"73":{"start":{"line":249,"column":12},"end":{"line":249,"column":21}},"74":{"start":{"line":252,"column":23},"end":{"line":252,"column":28}},"75":{"start":{"line":253,"column":8},"end":{"line":259,"column":9}},"76":{"start":{"line":254,"column":29},"end":{"line":254,"column":50}},"77":{"start":{"line":255,"column":26},"end":{"line":255,"column":54}},"78":{"start":{"line":256,"column":31},"end":{"line":256,"column":61}},"79":{"start":{"line":257,"column":12},"end":{"line":257,"column":44}},"80":{"start":{"line":258,"column":12},"end":{"line":258,"column":46}},"81":{"start":{"line":261,"column":8},"end":{"line":386,"column":9}},"82":{"start":{"line":262,"column":12},"end":{"line":262,"column":36}},"83":{"start":{"line":264,"column":13},"end":{"line":386,"column":9}},"84":{"start":{"line":265,"column":12},"end":{"line":265,"column":41}},"85":{"start":{"line":269,"column":12},"end":{"line":279,"column":13}},"86":{"start":{"line":270,"column":16},"end":{"line":278,"column":17}},"87":{"start":{"line":271,"column":20},"end":{"line":271,"column":64}},"88":{"start":{"line":272,"column":20},"end":{"line":272,"column":60}},"89":{"start":{"line":273,"column":20},"end":{"line":273,"column":51}},"90":{"start":{"line":275,"column":20},"end":{"line":275,"column":45}},"91":{"start":{"line":276,"column":20},"end":{"line":276,"column":32}},"92":{"start":{"line":277,"column":20},"end":{"line":277,"column":47}},"93":{"start":{"line":280,"column":12},"end":{"line":333,"column":13}},"94":{"start":{"line":281,"column":16},"end":{"line":332,"column":17}},"95":{"start":{"line":282,"column":20},"end":{"line":284,"column":21}},"96":{"start":{"line":283,"column":24},"end":{"line":283,"column":51}},"97":{"start":{"line":286,"column":20},"end":{"line":295,"column":21}},"98":{"start":{"line":287,"column":24},"end":{"line":287,"column":62}},"99":{"start":{"line":288,"column":24},"end":{"line":288,"column":40}},"100":{"start":{"line":289,"column":24},"end":{"line":289,"column":34}},"101":{"start":{"line":291,"column":24},"end":{"line":291,"column":47}},"102":{"start":{"line":292,"column":24},"end":{"line":292,"column":88}},"103":{"start":{"line":292,"column":75},"end":{"line":292,"column":86}},"104":{"start":{"line":293,"column":24},"end":{"line":293,"column":66}},"105":{"start":{"line":293,"column":48},"end":{"line":293,"column":66}},"106":{"start":{"line":294,"column":24},"end":{"line":294,"column":34}},"107":{"start":{"line":296,"column":20},"end":{"line":296,"column":47}},"108":{"start":{"line":297,"column":20},"end":{"line":303,"column":21}},"109":{"start":{"line":298,"column":24},"end":{"line":298,"column":47}},"110":{"start":{"line":299,"column":24},"end":{"line":299,"column":58}},"111":{"start":{"line":300,"column":24},"end":{"line":300,"column":55}},"112":{"start":{"line":302,"column":24},"end":{"line":302,"column":30}},"113":{"start":{"line":304,"column":20},"end":{"line":329,"column":21}},"114":{"start":{"line":305,"column":24},"end":{"line":309,"column":25}},"115":{"start":{"line":306,"column":28},"end":{"line":306,"column":47}},"116":{"start":{"line":308,"column":28},"end":{"line":308,"column":60}},"117":{"start":{"line":310,"column":27},"end":{"line":329,"column":21}},"118":{"start":{"line":311,"column":24},"end":{"line":311,"column":114}},"119":{"start":{"line":312,"column":24},"end":{"line":312,"column":42}},"120":{"start":{"line":313,"column":24},"end":{"line":313,"column":43}},"121":{"start":{"line":313,"column":39},"end":{"line":313,"column":43}},"122":{"start":{"line":314,"column":24},"end":{"line":314,"column":41}},"123":{"start":{"line":314,"column":37},"end":{"line":314,"column":41}},"124":{"start":{"line":315,"column":24},"end":{"line":315,"column":42}},"125":{"start":{"line":316,"column":24},"end":{"line":316,"column":114}},"126":{"start":{"line":316,"column":93},"end":{"line":316,"column":114}},"127":{"start":{"line":317,"column":24},"end":{"line":317,"column":55}},"128":{"start":{"line":318,"column":24},"end":{"line":319,"column":72}},"129":{"start":{"line":318,"column":49},"end":{"line":318,"column":68}},"130":{"start":{"line":319,"column":29},"end":{"line":319,"column":72}},"131":{"start":{"line":321,"column":24},"end":{"line":321,"column":67}},"132":{"start":{"line":322,"column":24},"end":{"line":322,"column":67}},"133":{"start":{"line":323,"column":24},"end":{"line":323,"column":41}},"134":{"start":{"line":323,"column":37},"end":{"line":323,"column":41}},"135":{"start":{"line":324,"column":24},"end":{"line":324,"column":75}},"136":{"start":{"line":325,"column":24},"end":{"line":325,"column":60}},"137":{"start":{"line":326,"column":24},"end":{"line":326,"column":42}},"138":{"start":{"line":327,"column":24},"end":{"line":328,"column":66}},"139":{"start":{"line":327,"column":49},"end":{"line":327,"column":68}},"140":{"start":{"line":328,"column":29},"end":{"line":328,"column":66}},"141":{"start":{"line":331,"column":20},"end":{"line":331,"column":26}},"142":{"start":{"line":334,"column":12},"end":{"line":334,"column":36}},"143":{"start":{"line":335,"column":12},"end":{"line":335,"column":35}},"144":{"start":{"line":336,"column":12},"end":{"line":336,"column":18}},"145":{"start":{"line":337,"column":12},"end":{"line":380,"column":13}},"146":{"start":{"line":339,"column":16},"end":{"line":352,"column":17}},"147":{"start":{"line":340,"column":20},"end":{"line":340,"column":50}},"148":{"start":{"line":341,"column":23},"end":{"line":352,"column":17}},"149":{"start":{"line":342,"column":20},"end":{"line":348,"column":21}},"150":{"start":{"line":343,"column":24},"end":{"line":343,"column":54}},"151":{"start":{"line":344,"column":27},"end":{"line":348,"column":21}},"152":{"start":{"line":345,"column":24},"end":{"line":345,"column":68}},"153":{"start":{"line":347,"column":24},"end":{"line":347,"column":33}},"154":{"start":{"line":349,"column":20},"end":{"line":349,"column":29}},"155":{"start":{"line":351,"column":20},"end":{"line":351,"column":27}},"156":{"start":{"line":354,"column":40},"end":{"line":354,"column":57}},"157":{"start":{"line":355,"column":35},"end":{"line":355,"column":88}},"158":{"start":{"line":356,"column":16},"end":{"line":371,"column":17}},"159":{"start":{"line":357,"column":20},"end":{"line":363,"column":21}},"160":{"start":{"line":358,"column":24},"end":{"line":358,"column":102}},"161":{"start":{"line":359,"column":24},"end":{"line":359,"column":33}},"162":{"start":{"line":361,"column":25},"end":{"line":363,"column":21}},"163":{"start":{"line":362,"column":24},"end":{"line":362,"column":45}},"164":{"start":{"line":365,"column":20},"end":{"line":365,"column":158}},"165":{"start":{"line":366,"column":20},"end":{"line":370,"column":21}},"166":{"start":{"line":367,"column":24},"end":{"line":367,"column":34}},"167":{"start":{"line":368,"column":27},"end":{"line":370,"column":21}},"168":{"start":{"line":369,"column":24},"end":{"line":369,"column":83}},"169":{"start":{"line":373,"column":16},"end":{"line":379,"column":17}},"170":{"start":{"line":374,"column":20},"end":{"line":374,"column":46}},"171":{"start":{"line":375,"column":20},"end":{"line":375,"column":27}},"172":{"start":{"line":376,"column":23},"end":{"line":379,"column":17}},"173":{"start":{"line":377,"column":20},"end":{"line":377,"column":44}},"174":{"start":{"line":378,"column":20},"end":{"line":378,"column":27}},"175":{"start":{"line":381,"column":12},"end":{"line":381,"column":33}},"176":{"start":{"line":382,"column":12},"end":{"line":385,"column":13}},"177":{"start":{"line":383,"column":16},"end":{"line":384,"column":56}},"178":{"start":{"line":383,"column":85},"end":{"line":383,"column":107}},"179":{"start":{"line":384,"column":21},"end":{"line":384,"column":56}},"180":{"start":{"line":388,"column":8},"end":{"line":390,"column":9}},"181":{"start":{"line":389,"column":12},"end":{"line":389,"column":25}},"182":{"start":{"line":392,"column":8},"end":{"line":392,"column":22}},"183":{"start":{"line":393,"column":8},"end":{"line":393,"column":17}},"184":{"start":{"line":403,"column":8},"end":{"line":403,"column":50}},"185":{"start":{"line":413,"column":8},"end":{"line":414,"column":78}},"186":{"start":{"line":414,"column":12},"end":{"line":414,"column":78}},"187":{"start":{"line":416,"column":8},"end":{"line":417,"column":37}},"188":{"start":{"line":417,"column":12},"end":{"line":417,"column":37}},"189":{"start":{"line":419,"column":8},"end":{"line":420,"column":44}},"190":{"start":{"line":420,"column":12},"end":{"line":420,"column":44}},"191":{"start":{"line":422,"column":8},"end":{"line":423,"column":37}},"192":{"start":{"line":423,"column":12},"end":{"line":423,"column":37}},"193":{"start":{"line":425,"column":8},"end":{"line":426,"column":97}},"194":{"start":{"line":426,"column":12},"end":{"line":426,"column":97}},"195":{"start":{"line":428,"column":8},"end":{"line":429,"column":109}},"196":{"start":{"line":429,"column":12},"end":{"line":429,"column":109}},"197":{"start":{"line":431,"column":8},"end":{"line":432,"column":107}},"198":{"start":{"line":432,"column":12},"end":{"line":432,"column":107}},"199":{"start":{"line":434,"column":8},"end":{"line":435,"column":109}},"200":{"start":{"line":435,"column":12},"end":{"line":435,"column":109}},"201":{"start":{"line":437,"column":23},"end":{"line":437,"column":41}},"202":{"start":{"line":438,"column":8},"end":{"line":438,"column":50}},"203":{"start":{"line":439,"column":8},"end":{"line":439,"column":79}},"204":{"start":{"line":440,"column":8},"end":{"line":440,"column":67}},"205":{"start":{"line":441,"column":8},"end":{"line":441,"column":22}},"206":{"start":{"line":455,"column":27},"end":{"line":455,"column":37}},"207":{"start":{"line":459,"column":8},"end":{"line":460,"column":38}},"208":{"start":{"line":460,"column":12},"end":{"line":460,"column":38}},"209":{"start":{"line":463,"column":23},"end":{"line":463,"column":47}},"210":{"start":{"line":464,"column":8},"end":{"line":471,"column":9}},"211":{"start":{"line":466,"column":12},"end":{"line":468,"column":42}},"212":{"start":{"line":466,"column":58},"end":{"line":466,"column":83}},"213":{"start":{"line":468,"column":17},"end":{"line":468,"column":42}},"214":{"start":{"line":470,"column":12},"end":{"line":470,"column":34}},"215":{"start":{"line":474,"column":29},"end":{"line":474,"column":54}},"216":{"start":{"line":475,"column":32},"end":{"line":475,"column":59}},"217":{"start":{"line":480,"column":8},"end":{"line":480,"column":101}},"218":{"start":{"line":490,"column":29},"end":{"line":490,"column":47}},"219":{"start":{"line":492,"column":30},"end":{"line":492,"column":79}},"220":{"start":{"line":494,"column":8},"end":{"line":494,"column":60}},"221":{"start":{"line":497,"column":8},"end":{"line":506,"column":9}},"222":{"start":{"line":499,"column":12},"end":{"line":499,"column":61}},"223":{"start":{"line":505,"column":12},"end":{"line":505,"column":89}},"224":{"start":{"line":507,"column":8},"end":{"line":507,"column":40}},"225":{"start":{"line":523,"column":29},"end":{"line":523,"column":47}},"226":{"start":{"line":526,"column":8},"end":{"line":530,"column":9}},"227":{"start":{"line":526,"column":34},"end":{"line":526,"column":35}},"228":{"start":{"line":529,"column":12},"end":{"line":529,"column":85}},"229":{"start":{"line":532,"column":8},"end":{"line":532,"column":40}},"230":{"start":{"line":547,"column":29},"end":{"line":547,"column":47}},"231":{"start":{"line":550,"column":8},"end":{"line":556,"column":9}},"232":{"start":{"line":550,"column":25},"end":{"line":550,"column":26}},"233":{"start":{"line":553,"column":30},"end":{"line":553,"column":52}},"234":{"start":{"line":554,"column":26},"end":{"line":554,"column":48}},"235":{"start":{"line":555,"column":12},"end":{"line":555,"column":59}},"236":{"start":{"line":558,"column":8},"end":{"line":558,"column":40}},"237":{"start":{"line":572,"column":29},"end":{"line":572,"column":47}},"238":{"start":{"line":575,"column":28},"end":{"line":575,"column":30}},"239":{"start":{"line":576,"column":8},"end":{"line":580,"column":9}},"240":{"start":{"line":576,"column":25},"end":{"line":576,"column":26}},"241":{"start":{"line":579,"column":12},"end":{"line":579,"column":53}},"242":{"start":{"line":583,"column":8},"end":{"line":583,"column":41}},"243":{"start":{"line":584,"column":8},"end":{"line":584,"column":38}},"244":{"start":{"line":585,"column":8},"end":{"line":585,"column":40}},"245":{"start":{"line":587,"column":8},"end":{"line":587,"column":28}},"246":{"start":{"line":596,"column":18},"end":{"line":596,"column":30}},"247":{"start":{"line":597,"column":8},"end":{"line":597,"column":19}},"248":{"start":{"line":598,"column":8},"end":{"line":598,"column":17}},"249":{"start":{"line":607,"column":18},"end":{"line":607,"column":30}},"250":{"start":{"line":608,"column":8},"end":{"line":608,"column":21}},"251":{"start":{"line":609,"column":8},"end":{"line":609,"column":17}},"252":{"start":{"line":618,"column":8},"end":{"line":618,"column":39}},"253":{"start":{"line":629,"column":8},"end":{"line":630,"column":42}},"254":{"start":{"line":630,"column":12},"end":{"line":630,"column":42}},"255":{"start":{"line":631,"column":8},"end":{"line":632,"column":24}},"256":{"start":{"line":632,"column":12},"end":{"line":632,"column":24}},"257":{"start":{"line":633,"column":8},"end":{"line":633,"column":49}},"258":{"start":{"line":642,"column":8},"end":{"line":642,"column":42}},"259":{"start":{"line":653,"column":8},"end":{"line":653,"column":52}},"260":{"start":{"line":664,"column":8},"end":{"line":664,"column":53}},"261":{"start":{"line":675,"column":8},"end":{"line":675,"column":45}},"262":{"start":{"line":690,"column":8},"end":{"line":692,"column":9}},"263":{"start":{"line":691,"column":12},"end":{"line":691,"column":23}},"264":{"start":{"line":694,"column":8},"end":{"line":696,"column":9}},"265":{"start":{"line":695,"column":12},"end":{"line":695,"column":29}},"266":{"start":{"line":698,"column":8},"end":{"line":700,"column":9}},"267":{"start":{"line":699,"column":12},"end":{"line":699,"column":30}},"268":{"start":{"line":702,"column":8},"end":{"line":703,"column":21}},"269":{"start":{"line":703,"column":12},"end":{"line":703,"column":21}},"270":{"start":{"line":705,"column":8},"end":{"line":706,"column":29}},"271":{"start":{"line":706,"column":12},"end":{"line":706,"column":29}},"272":{"start":{"line":708,"column":18},"end":{"line":708,"column":27}},"273":{"start":{"line":709,"column":36},"end":{"line":709,"column":45}},"274":{"start":{"line":710,"column":8},"end":{"line":750,"column":9}},"275":{"start":{"line":711,"column":12},"end":{"line":711,"column":18}},"276":{"start":{"line":713,"column":13},"end":{"line":750,"column":9}},"277":{"start":{"line":714,"column":12},"end":{"line":714,"column":19}},"278":{"start":{"line":719,"column":22},"end":{"line":719,"column":23}},"279":{"start":{"line":720,"column":12},"end":{"line":730,"column":13}},"280":{"start":{"line":720,"column":25},"end":{"line":720,"column":26}},"281":{"start":{"line":720,"column":32},"end":{"line":720,"column":79}},"282":{"start":{"line":721,"column":16},"end":{"line":721,"column":58}},"283":{"start":{"line":722,"column":16},"end":{"line":722,"column":60}},"284":{"start":{"line":723,"column":16},"end":{"line":729,"column":17}},"285":{"start":{"line":724,"column":20},"end":{"line":724,"column":26}},"286":{"start":{"line":725,"column":20},"end":{"line":725,"column":26}},"287":{"start":{"line":726,"column":23},"end":{"line":729,"column":17}},"288":{"start":{"line":727,"column":20},"end":{"line":727,"column":27}},"289":{"start":{"line":728,"column":20},"end":{"line":728,"column":26}},"290":{"start":{"line":731,"column":12},"end":{"line":749,"column":13}},"291":{"start":{"line":732,"column":16},"end":{"line":748,"column":17}},"292":{"start":{"line":733,"column":20},"end":{"line":733,"column":26}},"293":{"start":{"line":734,"column":23},"end":{"line":748,"column":17}},"294":{"start":{"line":735,"column":20},"end":{"line":735,"column":58}},"295":{"start":{"line":736,"column":20},"end":{"line":740,"column":21}},"296":{"start":{"line":737,"column":24},"end":{"line":737,"column":30}},"297":{"start":{"line":739,"column":24},"end":{"line":739,"column":31}},"298":{"start":{"line":742,"column":20},"end":{"line":742,"column":60}},"299":{"start":{"line":743,"column":20},"end":{"line":747,"column":21}},"300":{"start":{"line":744,"column":24},"end":{"line":744,"column":31}},"301":{"start":{"line":746,"column":24},"end":{"line":746,"column":30}},"302":{"start":{"line":751,"column":8},"end":{"line":751,"column":21}},"303":{"start":{"line":763,"column":8},"end":{"line":763,"column":41}},"304":{"start":{"line":775,"column":8},"end":{"line":775,"column":41}},"305":{"start":{"line":787,"column":8},"end":{"line":787,"column":43}},"306":{"start":{"line":799,"column":8},"end":{"line":799,"column":42}},"307":{"start":{"line":811,"column":8},"end":{"line":811,"column":42}},"308":{"start":{"line":825,"column":8},"end":{"line":826,"column":25}},"309":{"start":{"line":826,"column":12},"end":{"line":826,"column":25}},"310":{"start":{"line":828,"column":8},"end":{"line":829,"column":25}},"311":{"start":{"line":829,"column":12},"end":{"line":829,"column":25}},"312":{"start":{"line":831,"column":8},"end":{"line":832,"column":25}},"313":{"start":{"line":832,"column":12},"end":{"line":832,"column":25}},"314":{"start":{"line":837,"column":8},"end":{"line":955,"column":9}},"315":{"start":{"line":838,"column":38},"end":{"line":838,"column":77}},"316":{"start":{"line":839,"column":37},"end":{"line":839,"column":76}},"317":{"start":{"line":841,"column":12},"end":{"line":847,"column":29}},"318":{"start":{"line":847,"column":16},"end":{"line":847,"column":29}},"319":{"start":{"line":849,"column":12},"end":{"line":849,"column":46}},"320":{"start":{"line":851,"column":29},"end":{"line":851,"column":86}},"321":{"start":{"line":852,"column":12},"end":{"line":856,"column":13}},"322":{"start":{"line":853,"column":16},"end":{"line":853,"column":48}},"323":{"start":{"line":855,"column":16},"end":{"line":855,"column":44}},"324":{"start":{"line":858,"column":30},"end":{"line":858,"column":77}},"325":{"start":{"line":860,"column":12},"end":{"line":861,"column":29}},"326":{"start":{"line":861,"column":16},"end":{"line":861,"column":29}},"327":{"start":{"line":863,"column":12},"end":{"line":954,"column":13}},"328":{"start":{"line":863,"column":25},"end":{"line":863,"column":26}},"329":{"start":{"line":864,"column":32},"end":{"line":864,"column":53}},"330":{"start":{"line":865,"column":33},"end":{"line":865,"column":55}},"331":{"start":{"line":868,"column":16},"end":{"line":868,"column":58}},"332":{"start":{"line":868,"column":49},"end":{"line":868,"column":58}},"333":{"start":{"line":870,"column":34},"end":{"line":870,"column":56}},"334":{"start":{"line":871,"column":35},"end":{"line":871,"column":59}},"335":{"start":{"line":873,"column":16},"end":{"line":953,"column":17}},"336":{"start":{"line":875,"column":43},"end":{"line":875,"column":80}},"337":{"start":{"line":876,"column":44},"end":{"line":876,"column":81}},"338":{"start":{"line":877,"column":40},"end":{"line":877,"column":87}},"339":{"start":{"line":878,"column":38},"end":{"line":878,"column":69}},"340":{"start":{"line":880,"column":30},"end":{"line":880,"column":64}},"341":{"start":{"line":881,"column":30},"end":{"line":881,"column":31}},"342":{"start":{"line":883,"column":20},"end":{"line":885,"column":21}},"343":{"start":{"line":884,"column":24},"end":{"line":884,"column":37}},"344":{"start":{"line":887,"column":20},"end":{"line":895,"column":21}},"345":{"start":{"line":894,"column":24},"end":{"line":894,"column":37}},"346":{"start":{"line":897,"column":20},"end":{"line":897,"column":51}},"347":{"start":{"line":899,"column":20},"end":{"line":907,"column":21}},"348":{"start":{"line":900,"column":24},"end":{"line":900,"column":73}},"349":{"start":{"line":901,"column":27},"end":{"line":907,"column":21}},"350":{"start":{"line":902,"column":24},"end":{"line":902,"column":77}},"351":{"start":{"line":903,"column":27},"end":{"line":907,"column":21}},"352":{"start":{"line":904,"column":24},"end":{"line":904,"column":91}},"353":{"start":{"line":906,"column":24},"end":{"line":906,"column":87}},"354":{"start":{"line":908,"column":20},"end":{"line":908,"column":26}},"355":{"start":{"line":911,"column":30},"end":{"line":911,"column":52}},"356":{"start":{"line":912,"column":30},"end":{"line":912,"column":54}},"357":{"start":{"line":914,"column":20},"end":{"line":918,"column":21}},"358":{"start":{"line":915,"column":24},"end":{"line":915,"column":30}},"359":{"start":{"line":916,"column":24},"end":{"line":916,"column":30}},"360":{"start":{"line":917,"column":24},"end":{"line":917,"column":30}},"361":{"start":{"line":920,"column":20},"end":{"line":922,"column":21}},"362":{"start":{"line":921,"column":24},"end":{"line":921,"column":37}},"363":{"start":{"line":924,"column":20},"end":{"line":952,"column":21}},"364":{"start":{"line":925,"column":47},"end":{"line":925,"column":67}},"365":{"start":{"line":926,"column":46},"end":{"line":926,"column":66}},"366":{"start":{"line":927,"column":42},"end":{"line":927,"column":73}},"367":{"start":{"line":928,"column":34},"end":{"line":928,"column":43}},"368":{"start":{"line":930,"column":24},"end":{"line":938,"column":25}},"369":{"start":{"line":937,"column":28},"end":{"line":937,"column":41}},"370":{"start":{"line":940,"column":24},"end":{"line":940,"column":55}},"371":{"start":{"line":942,"column":24},"end":{"line":950,"column":25}},"372":{"start":{"line":943,"column":28},"end":{"line":943,"column":75}},"373":{"start":{"line":944,"column":31},"end":{"line":950,"column":25}},"374":{"start":{"line":945,"column":28},"end":{"line":945,"column":79}},"375":{"start":{"line":946,"column":31},"end":{"line":950,"column":25}},"376":{"start":{"line":947,"column":28},"end":{"line":947,"column":83}},"377":{"start":{"line":949,"column":28},"end":{"line":949,"column":79}},"378":{"start":{"line":951,"column":24},"end":{"line":951,"column":30}},"379":{"start":{"line":957,"column":8},"end":{"line":959,"column":9}},"380":{"start":{"line":958,"column":12},"end":{"line":958,"column":25}},"381":{"start":{"line":961,"column":8},"end":{"line":961,"column":81}},"382":{"start":{"line":975,"column":8},"end":{"line":975,"column":83}},"383":{"start":{"line":989,"column":8},"end":{"line":989,"column":62}},"384":{"start":{"line":1003,"column":8},"end":{"line":1003,"column":62}},"385":{"start":{"line":1017,"column":8},"end":{"line":1017,"column":63}},"386":{"start":{"line":1031,"column":8},"end":{"line":1031,"column":63}},"387":{"start":{"line":1041,"column":8},"end":{"line":1041,"column":67}},"388":{"start":{"line":1051,"column":8},"end":{"line":1051,"column":70}},"389":{"start":{"line":1062,"column":25},"end":{"line":1062,"column":29}},"390":{"start":{"line":1064,"column":8},"end":{"line":1066,"column":9}},"391":{"start":{"line":1065,"column":12},"end":{"line":1065,"column":37}},"392":{"start":{"line":1068,"column":8},"end":{"line":1071,"column":9}},"393":{"start":{"line":1069,"column":25},"end":{"line":1069,"column":86}},"394":{"start":{"line":1070,"column":12},"end":{"line":1070,"column":42}},"395":{"start":{"line":1073,"column":8},"end":{"line":1077,"column":9}},"396":{"start":{"line":1074,"column":12},"end":{"line":1074,"column":44}},"397":{"start":{"line":1075,"column":12},"end":{"line":1075,"column":27}},"398":{"start":{"line":1076,"column":12},"end":{"line":1076,"column":24}},"399":{"start":{"line":1078,"column":8},"end":{"line":1080,"column":9}},"400":{"start":{"line":1079,"column":12},"end":{"line":1079,"column":48}},"401":{"start":{"line":1081,"column":8},"end":{"line":1114,"column":9}},"402":{"start":{"line":1081,"column":21},"end":{"line":1081,"column":22}},"403":{"start":{"line":1082,"column":22},"end":{"line":1082,"column":35}},"404":{"start":{"line":1083,"column":12},"end":{"line":1085,"column":13}},"405":{"start":{"line":1084,"column":16},"end":{"line":1084,"column":25}},"406":{"start":{"line":1087,"column":12},"end":{"line":1091,"column":13}},"407":{"start":{"line":1088,"column":16},"end":{"line":1088,"column":40}},"408":{"start":{"line":1089,"column":16},"end":{"line":1089,"column":20}},"409":{"start":{"line":1090,"column":16},"end":{"line":1090,"column":25}},"410":{"start":{"line":1093,"column":12},"end":{"line":1096,"column":13}},"411":{"start":{"line":1094,"column":16},"end":{"line":1094,"column":43}},"412":{"start":{"line":1095,"column":16},"end":{"line":1095,"column":28}},"413":{"start":{"line":1098,"column":12},"end":{"line":1101,"column":13}},"414":{"start":{"line":1099,"column":16},"end":{"line":1099,"column":48}},"415":{"start":{"line":1100,"column":16},"end":{"line":1100,"column":28}},"416":{"start":{"line":1103,"column":12},"end":{"line":1105,"column":13}},"417":{"start":{"line":1104,"column":16},"end":{"line":1104,"column":40}},"418":{"start":{"line":1107,"column":12},"end":{"line":1109,"column":13}},"419":{"start":{"line":1108,"column":16},"end":{"line":1108,"column":40}},"420":{"start":{"line":1111,"column":12},"end":{"line":1113,"column":13}},"421":{"start":{"line":1112,"column":16},"end":{"line":1112,"column":40}},"422":{"start":{"line":1116,"column":8},"end":{"line":1229,"column":18}},"423":{"start":{"line":1117,"column":12},"end":{"line":1117,"column":22}},"424":{"start":{"line":1118,"column":12},"end":{"line":1118,"column":78}},"425":{"start":{"line":1118,"column":38},"end":{"line":1118,"column":76}},"426":{"start":{"line":1119,"column":12},"end":{"line":1119,"column":78}},"427":{"start":{"line":1119,"column":38},"end":{"line":1119,"column":76}},"428":{"start":{"line":1120,"column":12},"end":{"line":1122,"column":13}},"429":{"start":{"line":1121,"column":16},"end":{"line":1121,"column":78}},"430":{"start":{"line":1124,"column":12},"end":{"line":1126,"column":13}},"431":{"start":{"line":1125,"column":16},"end":{"line":1125,"column":41}},"432":{"start":{"line":1128,"column":12},"end":{"line":1138,"column":13}},"433":{"start":{"line":1129,"column":16},"end":{"line":1129,"column":29}},"434":{"start":{"line":1130,"column":16},"end":{"line":1130,"column":76}},"435":{"start":{"line":1131,"column":16},"end":{"line":1131,"column":25}},"436":{"start":{"line":1133,"column":17},"end":{"line":1138,"column":13}},"437":{"start":{"line":1134,"column":16},"end":{"line":1134,"column":29}},"438":{"start":{"line":1135,"column":16},"end":{"line":1136,"column":85}},"439":{"start":{"line":1135,"column":44},"end":{"line":1135,"column":70}},"440":{"start":{"line":1136,"column":21},"end":{"line":1136,"column":85}},"441":{"start":{"line":1137,"column":16},"end":{"line":1137,"column":25}},"442":{"start":{"line":1140,"column":12},"end":{"line":1142,"column":13}},"443":{"start":{"line":1141,"column":16},"end":{"line":1141,"column":47}},"444":{"start":{"line":1144,"column":12},"end":{"line":1151,"column":13}},"445":{"start":{"line":1144,"column":25},"end":{"line":1144,"column":26}},"446":{"start":{"line":1145,"column":16},"end":{"line":1150,"column":17}},"447":{"start":{"line":1146,"column":20},"end":{"line":1146,"column":61}},"448":{"start":{"line":1147,"column":20},"end":{"line":1147,"column":48}},"449":{"start":{"line":1148,"column":20},"end":{"line":1148,"column":24}},"450":{"start":{"line":1149,"column":20},"end":{"line":1149,"column":29}},"451":{"start":{"line":1152,"column":12},"end":{"line":1160,"column":13}},"452":{"start":{"line":1153,"column":16},"end":{"line":1157,"column":17}},"453":{"start":{"line":1154,"column":20},"end":{"line":1154,"column":39}},"454":{"start":{"line":1156,"column":20},"end":{"line":1156,"column":55}},"455":{"start":{"line":1158,"column":16},"end":{"line":1158,"column":64}},"456":{"start":{"line":1159,"column":16},"end":{"line":1159,"column":25}},"457":{"start":{"line":1161,"column":12},"end":{"line":1169,"column":13}},"458":{"start":{"line":1162,"column":16},"end":{"line":1162,"column":66}},"459":{"start":{"line":1163,"column":16},"end":{"line":1167,"column":17}},"460":{"start":{"line":1164,"column":20},"end":{"line":1164,"column":39}},"461":{"start":{"line":1166,"column":20},"end":{"line":1166,"column":44}},"462":{"start":{"line":1168,"column":16},"end":{"line":1168,"column":25}},"463":{"start":{"line":1170,"column":12},"end":{"line":1177,"column":13}},"464":{"start":{"line":1171,"column":16},"end":{"line":1175,"column":17}},"465":{"start":{"line":1172,"column":20},"end":{"line":1172,"column":39}},"466":{"start":{"line":1174,"column":20},"end":{"line":1174,"column":44}},"467":{"start":{"line":1176,"column":16},"end":{"line":1176,"column":38}},"468":{"start":{"line":1178,"column":12},"end":{"line":1196,"column":13}},"469":{"start":{"line":1179,"column":16},"end":{"line":1181,"column":17}},"470":{"start":{"line":1180,"column":20},"end":{"line":1180,"column":104}},"471":{"start":{"line":1183,"column":16},"end":{"line":1183,"column":37}},"472":{"start":{"line":1184,"column":16},"end":{"line":1189,"column":17}},"473":{"start":{"line":1185,"column":20},"end":{"line":1185,"column":39}},"474":{"start":{"line":1188,"column":20},"end":{"line":1188,"column":44}},"475":{"start":{"line":1191,"column":16},"end":{"line":1194,"column":17}},"476":{"start":{"line":1192,"column":20},"end":{"line":1192,"column":80}},"477":{"start":{"line":1193,"column":20},"end":{"line":1193,"column":42}},"478":{"start":{"line":1195,"column":16},"end":{"line":1195,"column":25}},"479":{"start":{"line":1197,"column":12},"end":{"line":1227,"column":13}},"480":{"start":{"line":1197,"column":25},"end":{"line":1197,"column":26}},"481":{"start":{"line":1198,"column":16},"end":{"line":1212,"column":17}},"482":{"start":{"line":1199,"column":20},"end":{"line":1204,"column":21}},"483":{"start":{"line":1200,"column":24},"end":{"line":1200,"column":47}},"484":{"start":{"line":1202,"column":24},"end":{"line":1202,"column":82}},"485":{"start":{"line":1203,"column":24},"end":{"line":1203,"column":33}},"486":{"start":{"line":1205,"column":20},"end":{"line":1209,"column":21}},"487":{"start":{"line":1206,"column":24},"end":{"line":1206,"column":64}},"488":{"start":{"line":1208,"column":24},"end":{"line":1208,"column":78}},"489":{"start":{"line":1210,"column":20},"end":{"line":1210,"column":44}},"490":{"start":{"line":1211,"column":20},"end":{"line":1211,"column":29}},"491":{"start":{"line":1213,"column":16},"end":{"line":1226,"column":17}},"492":{"start":{"line":1214,"column":20},"end":{"line":1218,"column":21}},"493":{"start":{"line":1215,"column":24},"end":{"line":1215,"column":47}},"494":{"start":{"line":1217,"column":24},"end":{"line":1217,"column":97}},"495":{"start":{"line":1219,"column":20},"end":{"line":1223,"column":21}},"496":{"start":{"line":1220,"column":24},"end":{"line":1220,"column":64}},"497":{"start":{"line":1222,"column":24},"end":{"line":1222,"column":78}},"498":{"start":{"line":1224,"column":20},"end":{"line":1224,"column":44}},"499":{"start":{"line":1225,"column":20},"end":{"line":1225,"column":29}},"500":{"start":{"line":1231,"column":8},"end":{"line":1232,"column":37}},"501":{"start":{"line":1232,"column":12},"end":{"line":1232,"column":37}},"502":{"start":{"line":1234,"column":8},"end":{"line":1234,"column":20}},"503":{"start":{"line":1244,"column":18},"end":{"line":1244,"column":30}},"504":{"start":{"line":1246,"column":8},"end":{"line":1247,"column":59}},"505":{"start":{"line":1247,"column":12},"end":{"line":1247,"column":59}},"506":{"start":{"line":1249,"column":8},"end":{"line":1250,"column":41}},"507":{"start":{"line":1250,"column":12},"end":{"line":1250,"column":41}},"508":{"start":{"line":1252,"column":8},"end":{"line":1253,"column":25}},"509":{"start":{"line":1253,"column":12},"end":{"line":1253,"column":25}},"510":{"start":{"line":1255,"column":8},"end":{"line":1256,"column":21}},"511":{"start":{"line":1256,"column":12},"end":{"line":1256,"column":21}},"512":{"start":{"line":1258,"column":8},"end":{"line":1259,"column":44}},"513":{"start":{"line":1259,"column":12},"end":{"line":1259,"column":44}},"514":{"start":{"line":1261,"column":8},"end":{"line":1262,"column":21}},"515":{"start":{"line":1262,"column":12},"end":{"line":1262,"column":21}},"516":{"start":{"line":1264,"column":8},"end":{"line":1265,"column":25}},"517":{"start":{"line":1265,"column":12},"end":{"line":1265,"column":25}},"518":{"start":{"line":1267,"column":18},"end":{"line":1267,"column":30}},"519":{"start":{"line":1268,"column":18},"end":{"line":1268,"column":30}},"520":{"start":{"line":1269,"column":20},"end":{"line":1269,"column":38}},"521":{"start":{"line":1270,"column":20},"end":{"line":1270,"column":38}},"522":{"start":{"line":1273,"column":8},"end":{"line":1282,"column":9}},"523":{"start":{"line":1274,"column":12},"end":{"line":1274,"column":18}},"524":{"start":{"line":1276,"column":13},"end":{"line":1282,"column":9}},"525":{"start":{"line":1277,"column":12},"end":{"line":1277,"column":73}},"526":{"start":{"line":1279,"column":13},"end":{"line":1282,"column":9}},"527":{"start":{"line":1280,"column":22},"end":{"line":1280,"column":94}},"528":{"start":{"line":1281,"column":12},"end":{"line":1281,"column":90}},"529":{"start":{"line":1284,"column":8},"end":{"line":1284,"column":45}},"530":{"start":{"line":1294,"column":18},"end":{"line":1294,"column":30}},"531":{"start":{"line":1296,"column":8},"end":{"line":1297,"column":59}},"532":{"start":{"line":1297,"column":12},"end":{"line":1297,"column":59}},"533":{"start":{"line":1299,"column":8},"end":{"line":1300,"column":41}},"534":{"start":{"line":1300,"column":12},"end":{"line":1300,"column":41}},"535":{"start":{"line":1302,"column":8},"end":{"line":1303,"column":45}},"536":{"start":{"line":1303,"column":12},"end":{"line":1303,"column":45}},"537":{"start":{"line":1305,"column":8},"end":{"line":1306,"column":21}},"538":{"start":{"line":1306,"column":12},"end":{"line":1306,"column":21}},"539":{"start":{"line":1308,"column":8},"end":{"line":1309,"column":44}},"540":{"start":{"line":1309,"column":12},"end":{"line":1309,"column":44}},"541":{"start":{"line":1311,"column":8},"end":{"line":1312,"column":21}},"542":{"start":{"line":1312,"column":12},"end":{"line":1312,"column":21}},"543":{"start":{"line":1314,"column":8},"end":{"line":1315,"column":34}},"544":{"start":{"line":1315,"column":12},"end":{"line":1315,"column":34}},"545":{"start":{"line":1317,"column":18},"end":{"line":1317,"column":30}},"546":{"start":{"line":1318,"column":18},"end":{"line":1318,"column":30}},"547":{"start":{"line":1319,"column":18},"end":{"line":1319,"column":38}},"548":{"start":{"line":1320,"column":20},"end":{"line":1320,"column":38}},"549":{"start":{"line":1321,"column":20},"end":{"line":1321,"column":38}},"550":{"start":{"line":1324,"column":8},"end":{"line":1335,"column":9}},"551":{"start":{"line":1325,"column":12},"end":{"line":1325,"column":18}},"552":{"start":{"line":1326,"column":12},"end":{"line":1326,"column":35}},"553":{"start":{"line":1328,"column":13},"end":{"line":1335,"column":9}},"554":{"start":{"line":1329,"column":12},"end":{"line":1329,"column":73}},"555":{"start":{"line":1331,"column":13},"end":{"line":1335,"column":9}},"556":{"start":{"line":1332,"column":22},"end":{"line":1332,"column":94}},"557":{"start":{"line":1333,"column":12},"end":{"line":1333,"column":90}},"558":{"start":{"line":1334,"column":12},"end":{"line":1334,"column":35}},"559":{"start":{"line":1337,"column":8},"end":{"line":1337,"column":45}},"560":{"start":{"line":1347,"column":18},"end":{"line":1347,"column":30}},"561":{"start":{"line":1349,"column":8},"end":{"line":1350,"column":53}},"562":{"start":{"line":1350,"column":12},"end":{"line":1350,"column":53}},"563":{"start":{"line":1352,"column":8},"end":{"line":1353,"column":44}},"564":{"start":{"line":1353,"column":12},"end":{"line":1353,"column":44}},"565":{"start":{"line":1355,"column":8},"end":{"line":1356,"column":44}},"566":{"start":{"line":1356,"column":12},"end":{"line":1356,"column":44}},"567":{"start":{"line":1358,"column":8},"end":{"line":1359,"column":45}},"568":{"start":{"line":1359,"column":12},"end":{"line":1359,"column":45}},"569":{"start":{"line":1361,"column":8},"end":{"line":1362,"column":29}},"570":{"start":{"line":1362,"column":12},"end":{"line":1362,"column":29}},"571":{"start":{"line":1364,"column":8},"end":{"line":1365,"column":21}},"572":{"start":{"line":1365,"column":12},"end":{"line":1365,"column":21}},"573":{"start":{"line":1367,"column":8},"end":{"line":1368,"column":25}},"574":{"start":{"line":1368,"column":12},"end":{"line":1368,"column":25}},"575":{"start":{"line":1370,"column":8},"end":{"line":1371,"column":32}},"576":{"start":{"line":1371,"column":12},"end":{"line":1371,"column":32}},"577":{"start":{"line":1373,"column":18},"end":{"line":1373,"column":49}},"578":{"start":{"line":1374,"column":8},"end":{"line":1375,"column":46}},"579":{"start":{"line":1375,"column":12},"end":{"line":1375,"column":46}},"580":{"start":{"line":1376,"column":8},"end":{"line":1376,"column":66}},"581":{"start":{"line":1387,"column":25},"end":{"line":1387,"column":37}},"582":{"start":{"line":1390,"column":8},"end":{"line":1391,"column":62}},"583":{"start":{"line":1391,"column":12},"end":{"line":1391,"column":62}},"584":{"start":{"line":1394,"column":8},"end":{"line":1395,"column":53}},"585":{"start":{"line":1395,"column":12},"end":{"line":1395,"column":53}},"586":{"start":{"line":1401,"column":8},"end":{"line":1404,"column":44}},"587":{"start":{"line":1404,"column":12},"end":{"line":1404,"column":44}},"588":{"start":{"line":1407,"column":8},"end":{"line":1408,"column":58}},"589":{"start":{"line":1408,"column":12},"end":{"line":1408,"column":58}},"590":{"start":{"line":1411,"column":8},"end":{"line":1412,"column":36}},"591":{"start":{"line":1412,"column":12},"end":{"line":1412,"column":36}},"592":{"start":{"line":1415,"column":8},"end":{"line":1416,"column":44}},"593":{"start":{"line":1416,"column":12},"end":{"line":1416,"column":44}},"594":{"start":{"line":1419,"column":8},"end":{"line":1420,"column":28}},"595":{"start":{"line":1420,"column":12},"end":{"line":1420,"column":28}},"596":{"start":{"line":1423,"column":8},"end":{"line":1424,"column":45}},"597":{"start":{"line":1424,"column":12},"end":{"line":1424,"column":45}},"598":{"start":{"line":1429,"column":8},"end":{"line":1430,"column":96}},"599":{"start":{"line":1430,"column":12},"end":{"line":1430,"column":96}},"600":{"start":{"line":1433,"column":29},"end":{"line":1433,"column":69}},"601":{"start":{"line":1434,"column":8},"end":{"line":1435,"column":57}},"602":{"start":{"line":1435,"column":12},"end":{"line":1435,"column":57}},"603":{"start":{"line":1439,"column":34},"end":{"line":1439,"column":93}},"604":{"start":{"line":1442,"column":30},"end":{"line":1442,"column":55}},"605":{"start":{"line":1443,"column":37},"end":{"line":1443,"column":113}},"606":{"start":{"line":1445,"column":8},"end":{"line":1445,"column":72}},"607":{"start":{"line":1456,"column":8},"end":{"line":1457,"column":44}},"608":{"start":{"line":1457,"column":12},"end":{"line":1457,"column":44}},"609":{"start":{"line":1459,"column":8},"end":{"line":1460,"column":45}},"610":{"start":{"line":1460,"column":12},"end":{"line":1460,"column":45}},"611":{"start":{"line":1462,"column":8},"end":{"line":1462,"column":60}},"612":{"start":{"line":1472,"column":8},"end":{"line":1473,"column":44}},"613":{"start":{"line":1473,"column":12},"end":{"line":1473,"column":44}},"614":{"start":{"line":1475,"column":8},"end":{"line":1476,"column":45}},"615":{"start":{"line":1476,"column":12},"end":{"line":1476,"column":45}},"616":{"start":{"line":1478,"column":8},"end":{"line":1479,"column":59}},"617":{"start":{"line":1479,"column":12},"end":{"line":1479,"column":59}},"618":{"start":{"line":1481,"column":8},"end":{"line":1482,"column":59}},"619":{"start":{"line":1482,"column":12},"end":{"line":1482,"column":59}},"620":{"start":{"line":1484,"column":8},"end":{"line":1484,"column":60}},"621":{"start":{"line":1496,"column":18},"end":{"line":1496,"column":30}},"622":{"start":{"line":1497,"column":8},"end":{"line":1498,"column":21}},"623":{"start":{"line":1498,"column":12},"end":{"line":1498,"column":21}},"624":{"start":{"line":1499,"column":8},"end":{"line":1500,"column":27}},"625":{"start":{"line":1500,"column":12},"end":{"line":1500,"column":27}},"626":{"start":{"line":1501,"column":8},"end":{"line":1502,"column":61}},"627":{"start":{"line":1502,"column":12},"end":{"line":1502,"column":61}},"628":{"start":{"line":1504,"column":18},"end":{"line":1504,"column":36}},"629":{"start":{"line":1505,"column":8},"end":{"line":1535,"column":9}},"630":{"start":{"line":1506,"column":12},"end":{"line":1506,"column":76}},"631":{"start":{"line":1506,"column":24},"end":{"line":1506,"column":76}},"632":{"start":{"line":1507,"column":22},"end":{"line":1507,"column":27}},"633":{"start":{"line":1508,"column":20},"end":{"line":1508,"column":38}},"634":{"start":{"line":1509,"column":12},"end":{"line":1509,"column":43}},"635":{"start":{"line":1510,"column":12},"end":{"line":1510,"column":19}},"636":{"start":{"line":1511,"column":23},"end":{"line":1511,"column":28}},"637":{"start":{"line":1512,"column":21},"end":{"line":1512,"column":22}},"638":{"start":{"line":1513,"column":21},"end":{"line":1513,"column":28}},"639":{"start":{"line":1514,"column":22},"end":{"line":1514,"column":28}},"640":{"start":{"line":1515,"column":21},"end":{"line":1515,"column":28}},"641":{"start":{"line":1516,"column":12},"end":{"line":1517,"column":56}},"642":{"start":{"line":1517,"column":16},"end":{"line":1517,"column":56}},"643":{"start":{"line":1518,"column":12},"end":{"line":1518,"column":19}},"644":{"start":{"line":1519,"column":12},"end":{"line":1519,"column":21}},"645":{"start":{"line":1520,"column":12},"end":{"line":1520,"column":26}},"646":{"start":{"line":1521,"column":12},"end":{"line":1521,"column":25}},"647":{"start":{"line":1522,"column":12},"end":{"line":1522,"column":25}},"648":{"start":{"line":1523,"column":12},"end":{"line":1524,"column":56}},"649":{"start":{"line":1524,"column":16},"end":{"line":1524,"column":56}},"650":{"start":{"line":1525,"column":12},"end":{"line":1525,"column":19}},"651":{"start":{"line":1526,"column":12},"end":{"line":1526,"column":21}},"652":{"start":{"line":1527,"column":12},"end":{"line":1527,"column":27}},"653":{"start":{"line":1528,"column":21},"end":{"line":1528,"column":27}},"654":{"start":{"line":1529,"column":12},"end":{"line":1529,"column":20}},"655":{"start":{"line":1530,"column":12},"end":{"line":1530,"column":21}},"656":{"start":{"line":1531,"column":12},"end":{"line":1531,"column":27}},"657":{"start":{"line":1532,"column":12},"end":{"line":1532,"column":24}},"658":{"start":{"line":1533,"column":12},"end":{"line":1533,"column":20}},"659":{"start":{"line":1534,"column":12},"end":{"line":1534,"column":52}},"660":{"start":{"line":1537,"column":8},"end":{"line":1537,"column":33}},"661":{"start":{"line":1549,"column":18},"end":{"line":1549,"column":30}},"662":{"start":{"line":1551,"column":8},"end":{"line":1552,"column":51}},"663":{"start":{"line":1552,"column":12},"end":{"line":1552,"column":51}},"664":{"start":{"line":1554,"column":8},"end":{"line":1555,"column":59}},"665":{"start":{"line":1555,"column":12},"end":{"line":1555,"column":59}},"666":{"start":{"line":1557,"column":27},"end":{"line":1557,"column":28}},"667":{"start":{"line":1558,"column":16},"end":{"line":1558,"column":18}},"668":{"start":{"line":1559,"column":8},"end":{"line":1559,"column":62}},"669":{"start":{"line":1559,"column":21},"end":{"line":1559,"column":62}},"670":{"start":{"line":1560,"column":8},"end":{"line":1560,"column":59}},"671":{"start":{"line":1560,"column":22},"end":{"line":1560,"column":59}},"672":{"start":{"line":1561,"column":8},"end":{"line":1561,"column":58}},"673":{"start":{"line":1561,"column":23},"end":{"line":1561,"column":58}},"674":{"start":{"line":1562,"column":8},"end":{"line":1562,"column":51}},"675":{"start":{"line":1562,"column":21},"end":{"line":1562,"column":51}},"676":{"start":{"line":1563,"column":8},"end":{"line":1563,"column":38}},"677":{"start":{"line":1563,"column":22},"end":{"line":1563,"column":38}},"678":{"start":{"line":1564,"column":8},"end":{"line":1564,"column":142}},"679":{"start":{"line":1574,"column":8},"end":{"line":1575,"column":44}},"680":{"start":{"line":1575,"column":12},"end":{"line":1575,"column":44}},"681":{"start":{"line":1577,"column":8},"end":{"line":1578,"column":32}},"682":{"start":{"line":1578,"column":12},"end":{"line":1578,"column":32}},"683":{"start":{"line":1580,"column":8},"end":{"line":1581,"column":57}},"684":{"start":{"line":1581,"column":12},"end":{"line":1581,"column":57}},"685":{"start":{"line":1583,"column":8},"end":{"line":1588,"column":9}},"686":{"start":{"line":1584,"column":12},"end":{"line":1585,"column":45}},"687":{"start":{"line":1585,"column":16},"end":{"line":1585,"column":45}},"688":{"start":{"line":1587,"column":12},"end":{"line":1587,"column":50}},"689":{"start":{"line":1590,"column":8},"end":{"line":1591,"column":44}},"690":{"start":{"line":1591,"column":12},"end":{"line":1591,"column":44}},"691":{"start":{"line":1593,"column":8},"end":{"line":1594,"column":44}},"692":{"start":{"line":1594,"column":12},"end":{"line":1594,"column":44}},"693":{"start":{"line":1596,"column":8},"end":{"line":1597,"column":45}},"694":{"start":{"line":1597,"column":12},"end":{"line":1597,"column":45}},"695":{"start":{"line":1599,"column":8},"end":{"line":1600,"column":35}},"696":{"start":{"line":1600,"column":12},"end":{"line":1600,"column":35}},"697":{"start":{"line":1602,"column":8},"end":{"line":1610,"column":9}},"698":{"start":{"line":1603,"column":12},"end":{"line":1609,"column":13}},"699":{"start":{"line":1604,"column":16},"end":{"line":1604,"column":74}},"700":{"start":{"line":1605,"column":16},"end":{"line":1605,"column":34}},"701":{"start":{"line":1606,"column":16},"end":{"line":1606,"column":29}},"702":{"start":{"line":1608,"column":16},"end":{"line":1608,"column":79}},"703":{"start":{"line":1612,"column":8},"end":{"line":1613,"column":49}},"704":{"start":{"line":1613,"column":12},"end":{"line":1613,"column":49}},"705":{"start":{"line":1615,"column":18},"end":{"line":1615,"column":61}},"706":{"start":{"line":1616,"column":8},"end":{"line":1617,"column":46}},"707":{"start":{"line":1617,"column":12},"end":{"line":1617,"column":46}},"708":{"start":{"line":1619,"column":8},"end":{"line":1619,"column":61}},"709":{"start":{"line":1628,"column":8},"end":{"line":1628,"column":40}},"710":{"start":{"line":1637,"column":8},"end":{"line":1637,"column":43}},"711":{"start":{"line":1646,"column":8},"end":{"line":1646,"column":45}},"712":{"start":{"line":1656,"column":8},"end":{"line":1657,"column":32}},"713":{"start":{"line":1657,"column":12},"end":{"line":1657,"column":32}},"714":{"start":{"line":1659,"column":8},"end":{"line":1660,"column":58}},"715":{"start":{"line":1660,"column":12},"end":{"line":1660,"column":58}},"716":{"start":{"line":1662,"column":8},"end":{"line":1663,"column":48}},"717":{"start":{"line":1663,"column":12},"end":{"line":1663,"column":48}},"718":{"start":{"line":1665,"column":8},"end":{"line":1666,"column":54}},"719":{"start":{"line":1666,"column":12},"end":{"line":1666,"column":54}},"720":{"start":{"line":1668,"column":8},"end":{"line":1669,"column":44}},"721":{"start":{"line":1669,"column":12},"end":{"line":1669,"column":44}},"722":{"start":{"line":1671,"column":8},"end":{"line":1672,"column":44}},"723":{"start":{"line":1672,"column":12},"end":{"line":1672,"column":44}},"724":{"start":{"line":1674,"column":8},"end":{"line":1675,"column":45}},"725":{"start":{"line":1675,"column":12},"end":{"line":1675,"column":45}},"726":{"start":{"line":1677,"column":8},"end":{"line":1678,"column":86}},"727":{"start":{"line":1678,"column":12},"end":{"line":1678,"column":86}},"728":{"start":{"line":1680,"column":8},"end":{"line":1680,"column":61}},"729":{"start":{"line":1689,"column":18},"end":{"line":1689,"column":30}},"730":{"start":{"line":1691,"column":8},"end":{"line":1692,"column":44}},"731":{"start":{"line":1692,"column":12},"end":{"line":1692,"column":44}},"732":{"start":{"line":1694,"column":8},"end":{"line":1695,"column":58}},"733":{"start":{"line":1695,"column":12},"end":{"line":1695,"column":58}},"734":{"start":{"line":1697,"column":8},"end":{"line":1698,"column":69}},"735":{"start":{"line":1698,"column":12},"end":{"line":1698,"column":69}},"736":{"start":{"line":1700,"column":8},"end":{"line":1701,"column":21}},"737":{"start":{"line":1701,"column":12},"end":{"line":1701,"column":21}},"738":{"start":{"line":1703,"column":8},"end":{"line":1704,"column":21}},"739":{"start":{"line":1704,"column":12},"end":{"line":1704,"column":21}},"740":{"start":{"line":1706,"column":8},"end":{"line":1706,"column":51}},"741":{"start":{"line":1707,"column":8},"end":{"line":1707,"column":29}},"742":{"start":{"line":1717,"column":8},"end":{"line":1717,"column":46}},"743":{"start":{"line":1726,"column":8},"end":{"line":1726,"column":40}},"744":{"start":{"line":1743,"column":8},"end":{"line":1744,"column":24}},"745":{"start":{"line":1744,"column":12},"end":{"line":1744,"column":24}},"746":{"start":{"line":1746,"column":8},"end":{"line":1759,"column":9}},"747":{"start":{"line":1747,"column":12},"end":{"line":1748,"column":28}},"748":{"start":{"line":1748,"column":16},"end":{"line":1748,"column":28}},"749":{"start":{"line":1750,"column":12},"end":{"line":1751,"column":54}},"750":{"start":{"line":1751,"column":16},"end":{"line":1751,"column":54}},"751":{"start":{"line":1753,"column":12},"end":{"line":1753,"column":26}},"752":{"start":{"line":1756,"column":12},"end":{"line":1757,"column":62}},"753":{"start":{"line":1757,"column":16},"end":{"line":1757,"column":62}},"754":{"start":{"line":1758,"column":12},"end":{"line":1758,"column":35}},"755":{"start":{"line":1760,"column":8},"end":{"line":1771,"column":9}},"756":{"start":{"line":1760,"column":21},"end":{"line":1760,"column":22}},"757":{"start":{"line":1761,"column":23},"end":{"line":1761,"column":39}},"758":{"start":{"line":1762,"column":25},"end":{"line":1762,"column":44}},"759":{"start":{"line":1763,"column":23},"end":{"line":1763,"column":136}},"760":{"start":{"line":1764,"column":12},"end":{"line":1765,"column":25}},"761":{"start":{"line":1765,"column":16},"end":{"line":1765,"column":25}},"762":{"start":{"line":1767,"column":23},"end":{"line":1767,"column":42}},"763":{"start":{"line":1768,"column":12},"end":{"line":1769,"column":26}},"764":{"start":{"line":1769,"column":16},"end":{"line":1769,"column":26}},"765":{"start":{"line":1770,"column":12},"end":{"line":1770,"column":19}},"766":{"start":{"line":1772,"column":8},"end":{"line":1772,"column":73}},"767":{"start":{"line":1786,"column":18},"end":{"line":1786,"column":30}},"768":{"start":{"line":1787,"column":8},"end":{"line":1788,"column":21}},"769":{"start":{"line":1788,"column":12},"end":{"line":1788,"column":21}},"770":{"start":{"line":1790,"column":8},"end":{"line":1791,"column":44}},"771":{"start":{"line":1791,"column":12},"end":{"line":1791,"column":44}},"772":{"start":{"line":1793,"column":8},"end":{"line":1818,"column":9}},"773":{"start":{"line":1794,"column":12},"end":{"line":1795,"column":25}},"774":{"start":{"line":1795,"column":16},"end":{"line":1795,"column":25}},"775":{"start":{"line":1797,"column":12},"end":{"line":1800,"column":13}},"776":{"start":{"line":1798,"column":16},"end":{"line":1798,"column":59}},"777":{"start":{"line":1799,"column":16},"end":{"line":1799,"column":25}},"778":{"start":{"line":1802,"column":12},"end":{"line":1803,"column":41}},"779":{"start":{"line":1803,"column":16},"end":{"line":1803,"column":41}},"780":{"start":{"line":1805,"column":12},"end":{"line":1805,"column":84}},"781":{"start":{"line":1808,"column":12},"end":{"line":1809,"column":48}},"782":{"start":{"line":1809,"column":16},"end":{"line":1809,"column":48}},"783":{"start":{"line":1811,"column":12},"end":{"line":1812,"column":67}},"784":{"start":{"line":1812,"column":16},"end":{"line":1812,"column":67}},"785":{"start":{"line":1814,"column":12},"end":{"line":1815,"column":53}},"786":{"start":{"line":1815,"column":16},"end":{"line":1815,"column":53}},"787":{"start":{"line":1817,"column":12},"end":{"line":1817,"column":98}},"788":{"start":{"line":1831,"column":18},"end":{"line":1831,"column":30}},"789":{"start":{"line":1832,"column":8},"end":{"line":1834,"column":9}},"790":{"start":{"line":1833,"column":12},"end":{"line":1833,"column":47}},"791":{"start":{"line":1836,"column":8},"end":{"line":1837,"column":44}},"792":{"start":{"line":1837,"column":12},"end":{"line":1837,"column":44}},"793":{"start":{"line":1840,"column":8},"end":{"line":1847,"column":9}},"794":{"start":{"line":1841,"column":12},"end":{"line":1842,"column":62}},"795":{"start":{"line":1842,"column":16},"end":{"line":1842,"column":62}},"796":{"start":{"line":1845,"column":12},"end":{"line":1845,"column":36}},"797":{"start":{"line":1846,"column":12},"end":{"line":1846,"column":47}},"798":{"start":{"line":1849,"column":8},"end":{"line":1850,"column":44}},"799":{"start":{"line":1850,"column":12},"end":{"line":1850,"column":44}},"800":{"start":{"line":1852,"column":8},"end":{"line":1860,"column":9}},"801":{"start":{"line":1853,"column":12},"end":{"line":1854,"column":48}},"802":{"start":{"line":1854,"column":16},"end":{"line":1854,"column":48}},"803":{"start":{"line":1856,"column":12},"end":{"line":1857,"column":49}},"804":{"start":{"line":1857,"column":16},"end":{"line":1857,"column":49}},"805":{"start":{"line":1859,"column":12},"end":{"line":1859,"column":44}},"806":{"start":{"line":1862,"column":8},"end":{"line":1866,"column":9}},"807":{"start":{"line":1863,"column":12},"end":{"line":1864,"column":48}},"808":{"start":{"line":1864,"column":16},"end":{"line":1864,"column":48}},"809":{"start":{"line":1865,"column":12},"end":{"line":1865,"column":44}},"810":{"start":{"line":1868,"column":8},"end":{"line":1869,"column":45}},"811":{"start":{"line":1869,"column":12},"end":{"line":1869,"column":45}},"812":{"start":{"line":1871,"column":8},"end":{"line":1872,"column":44}},"813":{"start":{"line":1872,"column":12},"end":{"line":1872,"column":44}},"814":{"start":{"line":1874,"column":8},"end":{"line":1875,"column":21}},"815":{"start":{"line":1875,"column":12},"end":{"line":1875,"column":21}},"816":{"start":{"line":1877,"column":8},"end":{"line":1878,"column":28}},"817":{"start":{"line":1878,"column":12},"end":{"line":1878,"column":28}},"818":{"start":{"line":1880,"column":8},"end":{"line":1885,"column":9}},"819":{"start":{"line":1881,"column":12},"end":{"line":1882,"column":51}},"820":{"start":{"line":1882,"column":16},"end":{"line":1882,"column":51}},"821":{"start":{"line":1883,"column":12},"end":{"line":1884,"column":54}},"822":{"start":{"line":1884,"column":16},"end":{"line":1884,"column":54}},"823":{"start":{"line":1887,"column":18},"end":{"line":1887,"column":30}},"824":{"start":{"line":1888,"column":8},"end":{"line":1889,"column":21}},"825":{"start":{"line":1889,"column":12},"end":{"line":1889,"column":21}},"826":{"start":{"line":1891,"column":8},"end":{"line":1901,"column":9}},"827":{"start":{"line":1892,"column":12},"end":{"line":1895,"column":13}},"828":{"start":{"line":1893,"column":16},"end":{"line":1893,"column":40}},"829":{"start":{"line":1894,"column":16},"end":{"line":1894,"column":51}},"830":{"start":{"line":1897,"column":22},"end":{"line":1897,"column":57}},"831":{"start":{"line":1898,"column":12},"end":{"line":1898,"column":62}},"832":{"start":{"line":1899,"column":12},"end":{"line":1899,"column":26}},"833":{"start":{"line":1900,"column":12},"end":{"line":1900,"column":21}},"834":{"start":{"line":1904,"column":18},"end":{"line":1904,"column":34}},"835":{"start":{"line":1905,"column":16},"end":{"line":1905,"column":29}},"836":{"start":{"line":1906,"column":16},"end":{"line":1906,"column":53}},"837":{"start":{"line":1907,"column":16},"end":{"line":1907,"column":32}},"838":{"start":{"line":1911,"column":8},"end":{"line":1930,"column":9}},"839":{"start":{"line":1912,"column":12},"end":{"line":1929,"column":13}},"840":{"start":{"line":1913,"column":16},"end":{"line":1913,"column":29}},"841":{"start":{"line":1914,"column":16},"end":{"line":1917,"column":17}},"842":{"start":{"line":1915,"column":20},"end":{"line":1915,"column":26}},"843":{"start":{"line":1916,"column":20},"end":{"line":1916,"column":26}},"844":{"start":{"line":1918,"column":16},"end":{"line":1918,"column":22}},"845":{"start":{"line":1919,"column":16},"end":{"line":1919,"column":20}},"846":{"start":{"line":1922,"column":16},"end":{"line":1922,"column":29}},"847":{"start":{"line":1923,"column":16},"end":{"line":1926,"column":17}},"848":{"start":{"line":1924,"column":20},"end":{"line":1924,"column":26}},"849":{"start":{"line":1925,"column":20},"end":{"line":1925,"column":26}},"850":{"start":{"line":1927,"column":16},"end":{"line":1927,"column":22}},"851":{"start":{"line":1928,"column":16},"end":{"line":1928,"column":20}},"852":{"start":{"line":1932,"column":8},"end":{"line":1934,"column":9}},"853":{"start":{"line":1933,"column":12},"end":{"line":1933,"column":18}},"854":{"start":{"line":1935,"column":8},"end":{"line":1935,"column":58}},"855":{"start":{"line":1936,"column":8},"end":{"line":1936,"column":22}},"856":{"start":{"line":1938,"column":8},"end":{"line":1938,"column":17}},"857":{"start":{"line":1950,"column":8},"end":{"line":1951,"column":44}},"858":{"start":{"line":1951,"column":12},"end":{"line":1951,"column":44}},"859":{"start":{"line":1953,"column":8},"end":{"line":1954,"column":32}},"860":{"start":{"line":1954,"column":12},"end":{"line":1954,"column":32}},"861":{"start":{"line":1956,"column":8},"end":{"line":1957,"column":45}},"862":{"start":{"line":1957,"column":12},"end":{"line":1957,"column":45}},"863":{"start":{"line":1959,"column":8},"end":{"line":1960,"column":53}},"864":{"start":{"line":1960,"column":12},"end":{"line":1960,"column":53}},"865":{"start":{"line":1962,"column":8},"end":{"line":1963,"column":45}},"866":{"start":{"line":1963,"column":12},"end":{"line":1963,"column":45}},"867":{"start":{"line":1965,"column":8},"end":{"line":1966,"column":44}},"868":{"start":{"line":1966,"column":12},"end":{"line":1966,"column":44}},"869":{"start":{"line":1968,"column":8},"end":{"line":1974,"column":9}},"870":{"start":{"line":1969,"column":22},"end":{"line":1969,"column":66}},"871":{"start":{"line":1970,"column":12},"end":{"line":1971,"column":62}},"872":{"start":{"line":1971,"column":16},"end":{"line":1971,"column":62}},"873":{"start":{"line":1972,"column":12},"end":{"line":1973,"column":48}},"874":{"start":{"line":1973,"column":16},"end":{"line":1973,"column":48}},"875":{"start":{"line":1976,"column":16},"end":{"line":1976,"column":28}},"876":{"start":{"line":1978,"column":8},"end":{"line":1982,"column":9}},"877":{"start":{"line":1979,"column":12},"end":{"line":1980,"column":25}},"878":{"start":{"line":1980,"column":16},"end":{"line":1980,"column":25}},"879":{"start":{"line":1981,"column":12},"end":{"line":1981,"column":45}},"880":{"start":{"line":1984,"column":8},"end":{"line":1991,"column":9}},"881":{"start":{"line":1985,"column":12},"end":{"line":1989,"column":13}},"882":{"start":{"line":1986,"column":16},"end":{"line":1986,"column":59}},"883":{"start":{"line":1987,"column":16},"end":{"line":1987,"column":30}},"884":{"start":{"line":1988,"column":16},"end":{"line":1988,"column":74}},"885":{"start":{"line":1990,"column":12},"end":{"line":1990,"column":45}},"886":{"start":{"line":1993,"column":16},"end":{"line":1993,"column":17}},"887":{"start":{"line":1994,"column":18},"end":{"line":1994,"column":74}},"888":{"start":{"line":1995,"column":8},"end":{"line":1999,"column":9}},"889":{"start":{"line":1996,"column":22},"end":{"line":1996,"column":27}},"890":{"start":{"line":1997,"column":12},"end":{"line":1997,"column":19}},"891":{"start":{"line":1998,"column":12},"end":{"line":1998,"column":55}},"892":{"start":{"line":2001,"column":8},"end":{"line":2013,"column":9}},"893":{"start":{"line":2001,"column":21},"end":{"line":2001,"column":22}},"894":{"start":{"line":2002,"column":12},"end":{"line":2012,"column":13}},"895":{"start":{"line":2003,"column":16},"end":{"line":2003,"column":32}},"896":{"start":{"line":2004,"column":16},"end":{"line":2004,"column":20}},"897":{"start":{"line":2006,"column":17},"end":{"line":2012,"column":13}},"898":{"start":{"line":2007,"column":16},"end":{"line":2007,"column":69}},"899":{"start":{"line":2010,"column":16},"end":{"line":2010,"column":20}},"900":{"start":{"line":2011,"column":16},"end":{"line":2011,"column":32}},"901":{"start":{"line":2015,"column":8},"end":{"line":2017,"column":9}},"902":{"start":{"line":2016,"column":12},"end":{"line":2016,"column":46}},"903":{"start":{"line":2020,"column":8},"end":{"line":2020,"column":40}},"904":{"start":{"line":2033,"column":8},"end":{"line":2033,"column":56}},"905":{"start":{"line":2046,"column":18},"end":{"line":2046,"column":30}},"906":{"start":{"line":2048,"column":8},"end":{"line":2049,"column":44}},"907":{"start":{"line":2049,"column":12},"end":{"line":2049,"column":44}},"908":{"start":{"line":2051,"column":8},"end":{"line":2052,"column":21}},"909":{"start":{"line":2052,"column":12},"end":{"line":2052,"column":21}},"910":{"start":{"line":2054,"column":8},"end":{"line":2055,"column":21}},"911":{"start":{"line":2055,"column":12},"end":{"line":2055,"column":21}},"912":{"start":{"line":2057,"column":8},"end":{"line":2060,"column":9}},"913":{"start":{"line":2058,"column":12},"end":{"line":2058,"column":55}},"914":{"start":{"line":2059,"column":12},"end":{"line":2059,"column":21}},"915":{"start":{"line":2062,"column":18},"end":{"line":2062,"column":24}},"916":{"start":{"line":2063,"column":8},"end":{"line":2063,"column":35}},"917":{"start":{"line":2086,"column":18},"end":{"line":2086,"column":30}},"918":{"start":{"line":2088,"column":8},"end":{"line":2089,"column":50}},"919":{"start":{"line":2089,"column":12},"end":{"line":2089,"column":50}},"920":{"start":{"line":2089,"column":25},"end":{"line":2089,"column":49}},"921":{"start":{"line":2091,"column":8},"end":{"line":2092,"column":43}},"922":{"start":{"line":2092,"column":12},"end":{"line":2092,"column":43}},"923":{"start":{"line":2092,"column":30},"end":{"line":2092,"column":42}},"924":{"start":{"line":2094,"column":8},"end":{"line":2095,"column":43}},"925":{"start":{"line":2095,"column":12},"end":{"line":2095,"column":43}},"926":{"start":{"line":2095,"column":30},"end":{"line":2095,"column":42}},"927":{"start":{"line":2097,"column":8},"end":{"line":2098,"column":47}},"928":{"start":{"line":2098,"column":12},"end":{"line":2098,"column":47}},"929":{"start":{"line":2098,"column":30},"end":{"line":2098,"column":46}},"930":{"start":{"line":2101,"column":8},"end":{"line":2180,"column":10}},"931":{"start":{"line":2102,"column":12},"end":{"line":2103,"column":48}},"932":{"start":{"line":2103,"column":16},"end":{"line":2103,"column":48}},"933":{"start":{"line":2105,"column":12},"end":{"line":2106,"column":48}},"934":{"start":{"line":2106,"column":16},"end":{"line":2106,"column":48}},"935":{"start":{"line":2108,"column":12},"end":{"line":2113,"column":13}},"936":{"start":{"line":2109,"column":16},"end":{"line":2110,"column":53}},"937":{"start":{"line":2110,"column":20},"end":{"line":2110,"column":53}},"938":{"start":{"line":2112,"column":16},"end":{"line":2112,"column":48}},"939":{"start":{"line":2115,"column":12},"end":{"line":2116,"column":48}},"940":{"start":{"line":2116,"column":16},"end":{"line":2116,"column":48}},"941":{"start":{"line":2118,"column":12},"end":{"line":2119,"column":48}},"942":{"start":{"line":2119,"column":16},"end":{"line":2119,"column":48}},"943":{"start":{"line":2121,"column":12},"end":{"line":2122,"column":33}},"944":{"start":{"line":2122,"column":16},"end":{"line":2122,"column":33}},"945":{"start":{"line":2125,"column":12},"end":{"line":2129,"column":13}},"946":{"start":{"line":2126,"column":16},"end":{"line":2126,"column":35}},"947":{"start":{"line":2127,"column":16},"end":{"line":2127,"column":40}},"948":{"start":{"line":2128,"column":16},"end":{"line":2128,"column":37}},"949":{"start":{"line":2131,"column":30},"end":{"line":2131,"column":47}},"950":{"start":{"line":2132,"column":12},"end":{"line":2133,"column":85}},"951":{"start":{"line":2133,"column":16},"end":{"line":2133,"column":85}},"952":{"start":{"line":2135,"column":12},"end":{"line":2136,"column":36}},"953":{"start":{"line":2136,"column":16},"end":{"line":2136,"column":36}},"954":{"start":{"line":2138,"column":12},"end":{"line":2154,"column":13}},"955":{"start":{"line":2139,"column":16},"end":{"line":2149,"column":17}},"956":{"start":{"line":2140,"column":20},"end":{"line":2140,"column":34}},"957":{"start":{"line":2141,"column":20},"end":{"line":2141,"column":79}},"958":{"start":{"line":2142,"column":20},"end":{"line":2142,"column":34}},"959":{"start":{"line":2144,"column":21},"end":{"line":2149,"column":17}},"960":{"start":{"line":2145,"column":20},"end":{"line":2145,"column":80}},"961":{"start":{"line":2148,"column":20},"end":{"line":2148,"column":42}},"962":{"start":{"line":2151,"column":26},"end":{"line":2151,"column":38}},"963":{"start":{"line":2152,"column":16},"end":{"line":2152,"column":82}},"964":{"start":{"line":2153,"column":16},"end":{"line":2153,"column":37}},"965":{"start":{"line":2156,"column":12},"end":{"line":2160,"column":13}},"966":{"start":{"line":2157,"column":31},"end":{"line":2157,"column":49}},"967":{"start":{"line":2158,"column":16},"end":{"line":2158,"column":63}},"968":{"start":{"line":2159,"column":16},"end":{"line":2159,"column":30}},"969":{"start":{"line":2162,"column":22},"end":{"line":2162,"column":38}},"970":{"start":{"line":2163,"column":20},"end":{"line":2163,"column":33}},"971":{"start":{"line":2164,"column":30},"end":{"line":2164,"column":58}},"972":{"start":{"line":2165,"column":12},"end":{"line":2165,"column":78}},"973":{"start":{"line":2167,"column":12},"end":{"line":2172,"column":13}},"974":{"start":{"line":2168,"column":16},"end":{"line":2171,"column":17}},"975":{"start":{"line":2169,"column":20},"end":{"line":2169,"column":57}},"976":{"start":{"line":2170,"column":20},"end":{"line":2170,"column":24}},"977":{"start":{"line":2174,"column":12},"end":{"line":2175,"column":22}},"978":{"start":{"line":2175,"column":16},"end":{"line":2175,"column":22}},"979":{"start":{"line":2177,"column":12},"end":{"line":2177,"column":86}},"980":{"start":{"line":2178,"column":12},"end":{"line":2178,"column":26}},"981":{"start":{"line":2179,"column":12},"end":{"line":2179,"column":21}},"982":{"start":{"line":2200,"column":8},"end":{"line":2201,"column":95}},"983":{"start":{"line":2201,"column":12},"end":{"line":2201,"column":95}},"984":{"start":{"line":2201,"column":29},"end":{"line":2201,"column":94}},"985":{"start":{"line":2202,"column":8},"end":{"line":2203,"column":38}},"986":{"start":{"line":2203,"column":12},"end":{"line":2203,"column":38}},"987":{"start":{"line":2203,"column":29},"end":{"line":2203,"col
[...]
,"end":{"line":2474,"column":136}},{"start":{"line":2474,"column":140},"end":{"line":2474,"column":144}}]},"446":{"loc":{"start":{"line":2478,"column":12},"end":{"line":2479,"column":32}},"type":"if","locations":[{"start":{"line":2478,"column":12},"end":{"line":2479,"column":32}}]},"447":{"loc":{"start":{"line":2478,"column":133},"end":{"line":2478,"column":144}},"type":"binary-expr","locations":[{"start":{"line":2478,"column":133},"end":{"line":2478,"column":136}},{"start":{"line":2478,"column":140},"end":{"line":2478,"column":144}}]},"448":{"loc":{"start":{"line":2485,"column":12},"end":{"line":2489,"column":13}},"type":"if","locations":[{"start":{"line":2485,"column":12},"end":{"line":2489,"column":13}}]},"449":{"loc":{"start":{"line":2485,"column":16},"end":{"line":2486,"column":146}},"type":"binary-expr","locations":[{"start":{"line":2485,"column":16},"end":{"line":2485,"column":36}},{"start":{"line":2486,"column":16},"end":{"line":2486,"column":146}}]},"450":{"loc":{"start":{"line":2486,"column":133},"end":{"line":2486,"column":144}},"type":"binary-expr","locations":[{"start":{"line":2486,"column":133},"end":{"line":2486,"column":136}},{"start":{"line":2486,"column":140},"end":{"line":2486,"column":144}}]},"451":{"loc":{"start":{"line":2493,"column":12},"end":{"line":2496,"column":13}},"type":"if","locations":[{"start":{"line":2493,"column":12},"end":{"line":2496,"column":13}}]},"452":{"loc":{"start":{"line":2493,"column":16},"end":{"line":2494,"column":115}},"type":"binary-expr","locations":[{"start":{"line":2493,"column":16},"end":{"line":2493,"column":62}},{"start":{"line":2494,"column":17},"end":{"line":2494,"column":64}},{"start":{"line":2494,"column":68},"end":{"line":2494,"column":114}}]},"453":{"loc":{"start":{"line":2498,"column":12},"end":{"line":2501,"column":13}},"type":"if","locations":[{"start":{"line":2498,"column":12},"end":{"line":2501,"column":13}}]},"454":{"loc":{"start":{"line":2498,"column":16},"end":{"line":2499,"column":115}},"type":"binary-expr","locations":[{"start":{"line":2498,"column":16},"end":{"line":2498,"column":62}},{"start":{"line":2499,"column":17},"end":{"line":2499,"column":64}},{"start":{"line":2499,"column":68},"end":{"line":2499,"column":114}}]},"455":{"loc":{"start":{"line":2505,"column":15},"end":{"line":2507,"column":28}},"type":"cond-expr","locations":[{"start":{"line":2506,"column":14},"end":{"line":2506,"column":22}},{"start":{"line":2507,"column":14},"end":{"line":2507,"column":28}}]},"456":{"loc":{"start":{"line":2505,"column":16},"end":{"line":2505,"column":114}},"type":"binary-expr","locations":[{"start":{"line":2505,"column":16},"end":{"line":2505,"column":63}},{"start":{"line":2505,"column":67},"end":{"line":2505,"column":114}}]},"457":{"loc":{"start":{"line":2528,"column":8},"end":{"line":2537,"column":9}},"type":"if","locations":[{"start":{"line":2528,"column":8},"end":{"line":2537,"column":9}}]},"458":{"loc":{"start":{"line":2529,"column":12},"end":{"line":2536,"column":13}},"type":"if","locations":[{"start":{"line":2529,"column":12},"end":{"line":2536,"column":13}},{"start":{"line":2532,"column":19},"end":{"line":2536,"column":13}}]},"459":{"loc":{"start":{"line":2535,"column":23},"end":{"line":2535,"column":92}},"type":"cond-expr","locations":[{"start":{"line":2535,"column":86},"end":{"line":2535,"column":88}},{"start":{"line":2535,"column":91},"end":{"line":2535,"column":92}}]},"460":{"loc":{"start":{"line":2535,"column":23},"end":{"line":2535,"column":83}},"type":"binary-expr","locations":[{"start":{"line":2535,"column":23},"end":{"line":2535,"column":51}},{"start":{"line":2535,"column":55},"end":{"line":2535,"column":83}}]},"461":{"loc":{"start":{"line":2540,"column":8},"end":{"line":2555,"column":9}},"type":"if","locations":[{"start":{"line":2540,"column":8},"end":{"line":2555,"column":9}},{"start":{"line":2544,"column":13},"end":{"line":2555,"column":9}}]},"462":{"loc":{"start":{"line":2568,"column":8},"end":{"line":2569,"column":32}},"type":"if","locations":[{"start":{"line":2568,"column":8},"end":{"line":2569,"column":32}}]},"463":{"loc":{"start":{"line":2581,"column":8},"end":{"line":2582,"column":32}},"type":"if","locations":[{"start":{"line":2581,"column":8},"end":{"line":2582,"column":32}}]},"464":{"loc":{"start":{"line":2594,"column":8},"end":{"line":2595,"column":32}},"type":"if","locations":[{"start":{"line":2594,"column":8},"end":{"line":2595,"column":32}}]}},"s":{"0":1,"1":1,"2":1,"3":1,"4":1,"5":1,"6":1,"7":1,"8":1,"9":1,"10":1,"11":1,"12":1,"13":1,"14":1,"15":1,"16":1,"17":1,"18":1,"19":1,"20":1,"21":1,"22":1,"23":1,"24":1,"25":1,"26":1,"27":1,"28":1,"29":1,"30":1,"31":1,"32":1,"33":1,"34":1,"35":1,"36":1,"37":1,"38":1,"39":1,"40":1,"41":1,"42":1,"43":1,"44":1,"45":1,"46":1,"47":1,"48":1,"49":1426,"50":1426,"51":1426,"52":559,"53":559,"54":559,"55":559,"56":559,"57":2,"58":92,"59":92,"60":0,"61":0,"62":0,"63":92,"64":0,"65":92,"66":92,"67":92,"68":92,"69":92,"70":92,"71":1,"72":1,"73":1,"74":91,"75":91,"76":12,"77":12,"78":12,"79":12,"80":12,"81":91,"82":1,"83":90,"84":1,"85":89,"86":6,"87":3,"88":3,"89":3,"90":3,"91":3,"92":3,"93":89,"94":104,"95":15,"96":2,"97":15,"98":10,"99":10,"100":10,"101":5,"102":5,"103":10,"104":5,"105":0,"106":5,"107":15,"108":15,"109":2,"110":2,"111":2,"112":13,"113":15,"114":7,"115":4,"116":3,"117":8,"118":1,"119":1,"120":1,"121":0,"122":1,"123":0,"124":1,"125":1,"126":0,"127":1,"128":1,"129":0,"130":1,"131":7,"132":7,"133":7,"134":0,"135":7,"136":7,"137":7,"138":7,"139":0,"140":7,"141":89,"142":89,"143":89,"144":89,"145":89,"146":139,"147":94,"148":45,"149":0,"150":0,"151":0,"152":0,"153":0,"154":0,"155":45,"156":139,"157":139,"158":139,"159":94,"160":2,"161":2,"162":92,"163":92,"164":45,"165":45,"166":44,"167":1,"168":0,"169":139,"170":0,"171":0,"172":139,"173":0,"174":0,"175":89,"176":89,"177":46,"178":0,"179":46,"180":91,"181":12,"182":91,"183":91,"184":4,"185":8,"186":1,"187":7,"188":1,"189":6,"190":0,"191":6,"192":0,"193":6,"194":2,"195":4,"196":0,"197":4,"198":0,"199":4,"200":1,"201":3,"202":3,"203":3,"204":3,"205":3,"206":3,"207":3,"208":5,"209":3,"210":3,"211":23,"212":8,"213":15,"214":23,"215":3,"216":3,"217":3,"218":4,"219":4,"220":4,"221":4,"222":1,"223":3,"224":4,"225":7,"226":7,"227":7,"228":12,"229":7,"230":2,"231":2,"232":2,"233":1,"234":1,"235":1,"236":2,"237":756,"238":756,"239":756,"240":756,"241":836,"242":756,"243":756,"244":756,"245":756,"246":41,"247":41,"248":41,"249":34,"250":34,"251":34,"252":5951,"253":50,"254":4,"255":46,"256":0,"257":46,"258":117,"259":5298,"260":12,"261":5780,"262":2768,"263":120,"264":2648,"265":0,"266":2648,"267":0,"268":2648,"269":59,"270":2589,"271":42,"272":2547,"273":2547,"274":2547,"275":1,"276":2546,"277":0,"278":2546,"279":2546,"280":2546,"281":2546,"282":2585,"283":2585,"284":2585,"285":1376,"286":1376,"287":1209,"288":1005,"289":1005,"290":2546,"291":165,"292":165,"293":0,"294":0,"295":0,"296":0,"297":0,"298":0,"299":0,"300":0,"301":0,"302":2547,"303":1054,"304":445,"305":1143,"306":2,"307":114,"308":42,"309":0,"310":42,"311":0,"312":42,"313":0,"314":42,"315":0,"316":0,"317":0,"318":0,"319":0,"320":0,"321":0,"322":0,"323":0,"324":42,"325":42,"326":0,"327":42,"328":42,"329":57,"330":57,"331":57,"332":0,"333":57,"334":57,"335":57,"336":0,"337":0,"338":0,"339":0,"340":0,"341":0,"342":0,"343":0,"344":0,"345":0,"346":0,"347":0,"348":0,"349":0,"350":0,"351":0,"352":0,"353":0,"354":0,"355":57,"356":57,"357":57,"358":42,"359":42,"360":42,"361":15,"362":0,"363":15,"364":0,"365":0,"366":0,"367":0,"368":0,"369":0,"370":0,"371":0,"372":0,"373":0,"374":0,"375":0,"376":0,"377":0,"378":0,"379":42,"380":0,"381":42,"382":10,"383":2,"384":2,"385":2,"386":2,"387":43,"388":207,"389":772,"390":772,"391":0,"392":772,"393":0,"394":0,"395":772,"396":0,"397":0,"398":0,"399":772,"400":772,"401":772,"402":772,"403":911,"404":911,"405":0,"406":911,"407":23,"408":23,"409":23,"410":888,"411":30,"412":30,"413":858,"414":20,"415":20,"416":838,"417":0,"418":838,"419":0,"420":838,"421":0,"422":722,"423":881,"424":881,"425":1855,"426":881,"427":1595,"428":881,"429":6,"430":881,"431":0,"432":881,"433":0,"434":0,"435":0,"436":881,"437":6,"438":6,"439":0,"440":6,"441":6,"442":881,"443":0,"444":881,"445":881,"446":1013,"447":8,"448":8,"449":8,"450":8,"451":881,"452":2,"453":0,"454":2,"455":2,"456":2,"457":881,"458":33,"459":33,"460":14,"461":19,"462":33,"463":881,"464":95,"465":95,"466":0,"467":95,"468":881,"469":123,"470":123,"471":123,"472":123,"473":95,"474":28,"475":123,"476":16,"477":16,"478":123,"479":881,"480":881,"481":1083,"482":0,"483":0,"484":0,"485":0,"486":0,"487":0,"488":0,"489":0,"490":0,"491":1083,"492":0,"493":0,"494":0,"495":0,"496":0,"497":0,"498":0,"499":0,"500":722,"501":0,"502":722,"503":30,"504":30,"505":3,"506":27,"507":7,"508":20,"509":0,"510":20,"511":3,"512":17,"513":2,"514":15,"515":0,"516":15,"517":0,"518":15,"519":15,"520":15,"521":15,"522":15,"523":1,"524":14,"525":11,"526":3,"527":3,"528":3,"529":15,"530":36,"531":36,"532":0,"533":36,"534":0,"535":36,"536":7,"537":29,"538":2,"539":27,"540":1,"541":26,"542":0,"543":26,"544":0,"545":26,"546":26,"547":26,"548":26,"549":26,"550":26,"551":0,"552":0,"553":26,"554":24,"555":2,"556":2,"557":2,"558":2,"559":26,"560":48,"561":48,"562":3,"563":45,"564":3,"565":42,"566":5,"567":37,"568":1,"569":36,"570":8,"571":28,"572":0,"573":28,"574":0,"575":28,"576":0,"577":28,"578":28,"579":23,"580":5,"581":98,"582":98,"583":3,"584":95,"585":1,"586":94,"587":9,"588":85,"589":1,"590":84,"591":13,"592":71,"593":7,"594":64,"595":2,"596":62,"597":0,"598":62,"599":0,"600":62,"601":62,"602":56,"603":6,"604":6,"605":6,"606":6,"607":12,"608":5,"609":7,"610":0,"611":7,"612":8,"613":1,"614":7,"615":1,"616":6,"617":0,"618":6,"619":0,"620":6,"621":8,"622":8,"623":0,"624":8,"625":0,"626":8,"627":0,"628":8,"629":8,"630":4,"631":3,"632":1,"633":1,"634":1,"635":1,"636":1,"637":1,"638":1,"639":1,"640":1,"641":1,"642":0,"643":1,"644":1,"645":1,"646":1,"647":1,"648":1,"649":0,"650":1,"651":1,"652":1,"653":1,"654":1,"655":1,"656":1,"657":1,"658":1,"659":1,"660":4,"661":14,"662":14,"663":2,"664":12,"665":12,"666":0,"667":0,"668":0,"669":0,"670":0,"671":0,"672":0,"673":0,"674":0,"675":0,"676":0,"677":0,"678":0,"679":65,"680":4,"681":61,"682":5,"683":56,"684":3,"685":53,"686":0,"687":0,"688":0,"689":53,"690":0,"691":53,"692":0,"693":53,"694":1,"695":52,"696":0,"697":52,"698":35,"699":29,"700":29,"701":29,"702":6,"703":17,"704":2,"705":15,"706":15,"707":8,"708":7,"709":7,"710":6,"711":5,"712":21,"713":0,"714":21,"715":0,"716":21,"717":0,"718":21,"719":2,"720":19,"721":2,"722":17,"723":0,"724":17,"725":3,"726":14,"727":0,"728":14,"729":89,"730":89,"731":3,"732":86,"733":3,"734":83,"735":54,"736":29,"737":7,"738":22,"739":0,"740":22,"741":22,"742":19,"743":7,"744":0,"745":0,"746":0,"747":0,"748":0,"749":0,"750":0,"751":0,"752":0,"753":0,"754":0,"755":0,"756":0,"757":0,"758":0,"759":0,"760":0,"761":0,"762":0,"763":0,"764":0,"765":0,"766":0,"767":3,"768":3,"769":0,"770":3,"771":0,"772":3,"773":3,"774":0,"775":3,"776":0,"777":0,"778":3,"779":0,"780":3,"781":0,"782":0,"783":0,"784":0,"785":0,"786":0,"787":0,"788":6,"789":6,"790":1,"791":6,"792":0,"793":6,"794":0,"795":0,"796":0,"797":0,"798":6,"799":0,"800":6,"801":0,"802":0,"803":0,"804":0,"805":0,"806":6,"807":0,"808":0,"809":0,"810":6,"811":0,"812":6,"813":1,"814":5,"815":1,"816":4,"817":0,"818":4,"819":3,"820":2,"821":1,"822":0,"823":2,"824":2,"825":0,"826":2,"827":0,"828":0,"829":0,"830":0,"831":0,"832":0,"833":0,"834":2,"835":2,"836":2,"837":2,"838":2,"839":5,"840":5,"841":5,"842":0,"843":0,"844":5,"845":5,"846":0,"847":0,"848":0,"849":0,"850":0,"851":0,"852":2,"853":0,"854":2,"855":2,"856":2,"857":4,"858":0,"859":4,"860":0,"861":4,"862":0,"863":4,"864":0,"865":4,"866":1,"867":3,"868":0,"869":3,"870":0,"871":0,"872":0,"873":0,"874":0,"875":3,"876":3,"877":0,"878":0,"879":0,"880":3,"881":0,"882":0,"883":0,"884":0,"885":0,"886":3,"887":3,"888":3,"889":0,"890":0,"891":0,"892":3,"893":3,"894":9,"895":0,"896":0,"897":9,"898":3,"899":6,"900":6,"901":0,"902":0,"903":0,"904":1,"905":1,"906":1,"907":0,"908":1,"909":0,"910":1,"911":0,"912":1,"913":0,"914":0,"915":1,"916":1,"917":3,"918":3,"919":0,"920":0,"921":3,"922":2,"923":2,"924":1,"925":1,"926":1,"927":0,"928":0,"929":0,"930":0,"931":0,"932":0,"933":0,"934":0,"935":0,"936":0,"937":0,"938":0,"939":0,"940":0,"941":0,"942":0,"943":0,"944":0,"945":0,"946":0,"947":0,"948":0,"949":0,"950":0,"951":0,"952":0,"953":0,"954":0,"955":0,"956":0,"957":0,"958":0,"959":0,"960":0,"961":0,"962":0,"963":0,"964":0,"965":0,"966":0,"967":0,"968":0,"969":0,"970":0,"971":0,"972":0,"973":0,"974":0,"975":0,"976":0,"977":0,"978":0,"979":0,"980":0,"981":0,"982":1,"983":0,"984":0,"985":1,"986":0,"987":0,"988":1,"989":1,"990":1,"991":0,"992":0,"993":1,"994":0,"995":0,"996":1,"997":1,"998":1,"999":0,"1000":1,"1001":0,"1002":1,"1003":0,"1004":1,"1005":1,"1006":0,"1007":0,"1008":0,"1009":0,"1010":0,"1011":0,"1012":0,"1013":0,"1014":0,"1015":0,"1016":0,"1017":0,"1018":0,"1019":0,"1020":1,"1021":1,"1022":1,"1023":1,"1024":1,"1025":1,"1026":1,"1027":1,"1028":1,"1029":3,"1030":6,"1031":1,"1032":5,"1033":428,"1034":6,"1035":422,"1036":25,"1037":397,"1038":0,"1039":397,"1040":21,"1041":2,"1042":19,"1043":1,"1044":18,"1045":2,"1046":16,"1047":16,"1048":16,"1049":0,"1050":0,"1051":0,"1052":16,"1053":0,"1054":0,"1055":0,"1056":0,"1057":0,"1058":0,"1059":0,"1060":16,"1061":16,"1062":16,"1063":15,"1064":1,"1065":1,"1066":0,"1067":0,"1068":0,"1069":16,"1070":278,"1071":278,"1072":278,"1073":278,"1074":80,"1075":160,"1076":80,"1077":13,"1078":67,"1079":134,"1080":67,"1081":61,"1082":6,"1083":6,"1084":4,"1085":2,"1086":5,"1087":5,"1088":1,"1089":1,"1090":1,"1091":0,"1092":204,"1093":266,"1094":266,"1095":211,"1096":112,"1097":99,"1098":55,"1099":26,"1100":29,"1101":29,"1102":29,"1103":0,"1104":55,"1105":16,"1106":4,"1107":12,"1108":2,"1109":0,"1110":2,"1111":4,"1112":0,"1113":4,"1114":1},"f":{"0":1426,"1":559,"2":2,"3":92,"4":10,"5":4,"6":8,"7":3,"8":4,"9":7,"10":2,"11":756,"12":41,"13":34,"14":5951,"15":50,"16":117,"17":5298,"18":12,"19":5780,"20":2768,"21":1054,"22":445,"23":1143,"24":2,"25":114,"26":42,"27":10,"28":2,"29":2,"30":2,"31":2,"32":43,"33":207,"34":772,"35":1855,"36":1595,"37":30,"38":36,"39":48,"40":98,"41":12,"42":8,"43":8,"44":14,"45":65,"46":7,"47":6,"48":5,"49":21,"50":89,"51":19,"52":7,"53":0,"54":3,"55":6,"56":4,"57":1,"58":1,"59":3,"60":0,"61":2,"62":1,"63":0,"64":0,"65":1,"66":0,"67":0,"68":1,"69":1,"70":0,"71":0,"72":1,"73":1,"74":1,"75":1,"76":1,"77":3,"78":6,"79":428,"80":21,"81":278,"82":160,"83":80,"84":134,"85":67,"86":4,"87":2,"88":266,"89":16,"90":2,"91":4},"b":{"0":[62,497],"1":[0],"2":[92,92],"3":[0],"4":[1],"5":[12],"6":[91,79],"7":[12,0],"8":[1,90],"9":[1,89],"10":[6],"11":[3,3],"12":[15,89],"13":[2],"14":[10,5],"15":[0],"16":[2,13],"17":[7,8],"18":[15,10],"19":[4,3],"20":[7,5,5],"21":[1,7],"22":[8,3],"23":[0,1],"24":[1,0,0],"25":[0],"26":[0],"27":[0],"28":[1,0,0],"29":[0,1],"30":[0],"31":[0,7],"32":[94,45],"33":[139,94],"34":[0,45],"35":[0,0],"36":[0,0],"37":[0,0],"38":[107,32],"39":[94,45],"40":[2,92],"41":[92],"42":[0,45],"43":[42,3],"44":[44,1],"45":[0],"46":[1,1],"47":[0,139],"48":[139,30],"49":[0],"50":[46],"51":[0,46],"52":[46,0,0],"53":[12],"54":[1],"55":[1],"56":[0],"57":[0],"58":[2],"59":[6,6,5],"60":[0],"61":[0],"62":[1],"63":[3,0],"64":[3,0],"65":[0,3],"66":[3,0],"67":[8,15],"68":[1,3],"69":[1,3],"70":[1,3],"71":[4],"72":[0],"73":[5298,20],"74":[12,6],"75":[120],"76":[2768,2657],"77":[0],"78":[2648,8],"79":[0],"80":[2648,2],"81":[59],"82":[2648,2428,93,89],"83":[42],"84":[1,2546],"85":[0,2546],"86":[1376,1209],"87":[2585,2583,2583,2441,2230],"88":[1005],"89":[1209,1209,1209,998,998],"90":[165],"91":[165,0],"92":[0,0],"93":[0,0],"94":[0,0],"95":[0,0],"96":[0,0],"97":[0],"98":[0],"99":[42,42,42],"100":[0],"101":[0],"102":[0,42],"103":[0,0],"104":[0,0],"105":[0],"106":[0,0,0,0,0,0],"107":[0,0],"108":[0],"109":[0],"110":[57,57],"111":[0,57],"112":[0,0],"113":[0,0],"114":[0,0],"115":[0],"116":[0],"117":[0,0,0,0,0,0,0],"118":[0,0],"119":[0,0],"120":[0,0],"121":[0,0],"122":[42],"123":[0],"124":[0],"125":[0,0],"126":[0,0],"127":[0],"128":[0,0,0,0,0,0,0],"129":[0,0],"130":[0,0],"131":[0,0],"132":[0,0],"133":[0],"134":[42,42],"135":[0],"136":[5,5],"137":[0],"138":[0],"139":[0],"140":[0],"141":[18,25],"142":[117,90],"143":[0],"144":[772,772],"145":[0],"146":[772,75],"147":[0,0],"148":[0,0],"149":[0],"150":[772],"151":[0],"152":[911,911],"153":[23],"154":[911,906,131,108,108],"155":[30],"156":[888,888,888],"157":[20],"158":[858,858,858],"159":[0],"160":[0],"161":[0],"162":[838,833,108],"163":[1155,700],"164":[542,158],"165":[158,1437],"166":[362,1075],"167":[6],"168":[0],"169":[0,881],"170":[6],"171":[881,57,6,6],"172":[0,6],"173":[0],"174":[881,869,869],"175":[8],"176":[1013,857],"177":[2],"178":[881,875,875],"179":[0,2],"180":[2,0,0],"181":[914,266,260,260,154,46,33],"182":[14,19],"183":[976,328,322,322,95],"184":[95,0],"185":[123],"186":[881,233,227,227,119],"187":[123],"188":[95,28],"189":[16],"190":[0],"191":[0,0],"192":[0,0],"193":[0,0],"194":[0,0],"195":[0],"196":[0,0],"197":[0,0],"198":[0,0],"199":[0,0],"200":[0],"201":[3],"202":[7],"203":[0],"204":[3],"205":[2],"206":[17,16,15,0,0],"207":[0],"208":[0],"209":[1,14],"210":[15,14],"211":[11,3],"212":[3],"213":[3,0],"214":[15,0],"215":[0],"216":[0],"217":[7],"218":[2],"219":[1],"220":[27,26,26,0],"221":[0],"222":[0],"223":[0,26],"224":[26,26],"225":[0,0],"226":[24,2],"227":[2],"228":[2,0],"229":[2,0],"230":[26,0],"231":[3],"232":[3],"233":[5],"234":[42,40,37,2,37,0],"235":[1],"236":[8],"237":[0],"238":[0],"239":[0],"240":[23],"241":[3],"242":[1],"243":[9],"244":[94,86,85,2,85,2],"245":[1],"246":[13],"247":[7],"248":[2],"249":[0],"250":[0],"251":[0,0],"252":[56],"253":[2,4],"254":[5],"255":[12,9],"256":[0],"257":[1],"258":[1],"259":[0],"260":[0],"261":[0],"262":[0],"263":[0],"264":[4],"265":[3],"266":[0],"267":[0],"268":[2],"269":[14,13],"270":[12],"271":[0],"272":[0],"273":[0],"274":[0],"275":[0],"276":[4],"277":[5],"278":[3],"279":[0],"280":[53,0],"281":[0],"282":[0],"283":[0],"284":[1],"285":[0],"286":[35],"287":[29,6],"288":[29,0],"289":[2],"290":[8],"291":[0],"292":[0],"293":[0],"294":[2],"295":[21,4,4],"296":[2],"297":[0],"298":[3],"299":[0],"300":[0,0],"301":[3],"302":[3],"303":[54],"304":[7],"305":[0],"306":[6],"307":[0],"308":[0],"309":[0],"310":[0,0],"311":[0],"312":[0],"313":[0],"314":[0],"315":[0],"316":[3],"317":[0],"318":[0],"319":[3,0],"320":[0],"321":[0],"322":[0],"323":[0],"324":[0],"325":[0],"326":[5],"327":[1],"328":[0],"329":[6,6,6],"330":[0],"331":[6,0],"332":[0],"333":[0],"334":[0],"335":[0],"336":[0],"337":[0],"338":[0],"339":[0],"340":[1],"341":[1],"342":[0],"343":[3],"344":[2],"345":[0],"346":[0],"347":[0],"348":[2,2],"349":[0],"350":[0,0],"351":[7,5,5],"352":[5,0],"353":[0],"354":[0],"355":[0],"356":[2,2],"357":[2,1],"358":[0],"359":[0],"360":[4,4,4,0],"361":[0],"362":[0],"363":[0],"364":[1],"365":[0],"366":[0],"367":[0],"368":[0],"369":[0],"370":[0],"371":[0],"372":[0],"373":[3,3],"374":[3,3],"375":[0],"376":[0,9],"377":[3,6],"378":[0],"379":[1],"380":[1],"381":[0],"382":[0],"383":[0],"384":[0],"385":[0],"386":[3,3],"387":[2],"388":[1],"389":[0],"390":[0],"391":[0],"392":[0,0],"393":[0],"394":[0],"395":[0],"396":[0],"397":[0],"398":[0],"399":[0],"400":[0],"401":[0],"402":[0],"403":[0,0],"404":[0,0],"405":[0,0],"406":[0,0],"407":[0],"408":[0,0,0],"409":[0],"410":[0],"411":[0,0],"412":[0],"413":[0,0],"414":[0],"415":[0],"416":[0],"417":[0],"418":[1,1],"419":[0],"420":[0],"421":[1],"422":[0],"423":[0,0],"424":[0],"425":[1],"426":[6],"427":[25],"428":[0],"429":[397,0],"430":[2],"431":[1],"432":[2],"433":[16,0],"434":[0,0],"435":[0],"436":[16,16,1,1],"437":[0,0],"438":[0,0],"439":[0,0],"440":[0,0],"441":[15,1],"442":[1,0],"443":[0,0],"444":[13],"445":[80,76],"446":[61],"447":[67,62],"448":[5],"449":[6,2],"450":[2,1],"451":[1],"452":[1,0,0],"453":[0],"454":[1,1,0],"455":[67,137],"456":[204,73],"457":[211],"458":[112,99],"459":[0,99],"460":[99,89],"461":[26,29],"462":[4],"463":[0],"464":[0]}}
}
