{"C:\\Users\\vivim\\OneDrive\\Documents\\GitHub\\MegotaNum\\src\\Gamma.ts": {"path":"C:\\Users\\vivim\\OneDrive\\Documents\\GitHub\\MegotaNum\\src\\Gamma.ts","statementMap":{"0":{"start":{"line":3,"column":0},"end":{"line":3,"column":16}},"1":{"start":{"line":1,"column":13},"end":{"line":1,"column":4382}},"2":{"start":{"line":4,"column":4},"end":{"line":5,"column":17}},"3":{"start":{"line":5,"column":8},"end":{"line":5,"column":17}},"4":{"start":{"line":7,"column":4},"end":{"line":11,"column":5}},"5":{"start":{"line":8,"column":8},"end":{"line":9,"column":44}},"6":{"start":{"line":9,"column":12},"end":{"line":9,"column":44}},"7":{"start":{"line":10,"column":8},"end":{"line":10,"column":17}},"8":{"start":{"line":13,"column":16},"end":{"line":13,"column":17}},"9":{"start":{"line":14,"column":4},"end":{"line":17,"column":5}},"10":{"start":{"line":15,"column":8},"end":{"line":15,"column":26}},"11":{"start":{"line":16,"column":8},"end":{"line":16,"column":12}},"12":{"start":{"line":18,"column":4},"end":{"line":18,"column":11}},"13":{"start":{"line":19,"column":12},"end":{"line":19,"column":30}},"14":{"start":{"line":20,"column":4},"end":{"line":20,"column":33}},"15":{"start":{"line":21,"column":4},"end":{"line":21,"column":11}},"16":{"start":{"line":22,"column":15},"end":{"line":22,"column":20}},"17":{"start":{"line":23,"column":13},"end":{"line":23,"column":14}},"18":{"start":{"line":24,"column":4},"end":{"line":24,"column":23}},"19":{"start":{"line":25,"column":4},"end":{"line":25,"column":13}},"20":{"start":{"line":26,"column":4},"end":{"line":26,"column":24}},"21":{"start":{"line":27,"column":4},"end":{"line":27,"column":18}},"22":{"start":{"line":28,"column":4},"end":{"line":28,"column":25}},"23":{"start":{"line":29,"column":4},"end":{"line":29,"column":13}},"24":{"start":{"line":30,"column":4},"end":{"line":30,"column":25}},"25":{"start":{"line":31,"column":4},"end":{"line":31,"column":13}},"26":{"start":{"line":32,"column":4},"end":{"line":32,"column":25}},"27":{"start":{"line":33,"column":4},"end":{"line":33,"column":13}},"28":{"start":{"line":34,"column":4},"end":{"line":34,"column":29}},"29":{"start":{"line":35,"column":4},"end":{"line":35,"column":13}},"30":{"start":{"line":36,"column":4},"end":{"line":36,"column":25}},"31":{"start":{"line":37,"column":4},"end":{"line":37,"column":13}},"32":{"start":{"line":38,"column":4},"end":{"line":38,"column":30}},"33":{"start":{"line":39,"column":4},"end":{"line":39,"column":31}}},"fnMap":{"0":{"name":"f_gamma","decl":{"start":{"line":3,"column":16},"end":{"line":3,"column":23}},"loc":{"start":{"line":3,"column":33},"end":{"line":40,"column":1}}}},"branchMap":{"0":{"loc":{"start":{"line":4,"column":4},"end":{"line":5,"column":17}},"type":"if","locations":[{"start":{"line":4,"column":4},"end":{"line":5,"column":17}}]},"1":{"loc":{"start":{"line":7,"column":4},"end":{"line":11,"column":5}},"type":"if","locations":[{"start":{"line":7,"column":4},"end":{"line":11,"column":5}}]},"2":{"loc":{"start":{"line":8,"column":8},"end":{"line":9,"column":44}},"type":"if","locations":[{"start":{"line":8,"column":8},"end":{"line":9,"column":44}}]}},"s":{"0":1,"1":1,"2":17,"3":3,"4":14,"5":3,"6":0,"7":3,"8":11,"9":11,"10":57,"11":57,"12":11,"13":11,"14":11,"15":11,"16":11,"17":11,"18":11,"19":11,"20":11,"21":11,"22":11,"23":11,"24":11,"25":11,"26":11,"27":11,"28":11,"29":11,"30":11,"31":11,"32":11,"33":11},"f":{"0":17},"b":{"0":[3],"1":[3],"2":[0]}}
,"C:\\Users\\vivim\\OneDrive\\Documents\\GitHub\\MegotaNum\\src\\Lambertw.ts": {"path":"C:\\Users\\vivim\\OneDrive\\Documents\\GitHub\\MegotaNum\\src\\Lambertw.ts","statementMap":{"0":{"start":{"line":10,"column":0},"end":{"line":10,"column":16}},"1":{"start":{"line":1,"column":13},"end":{"line":1,"column":40}},"2":{"start":{"line":5,"column":8},"end":{"line":5,"column":23}},"3":{"start":{"line":6,"column":8},"end":{"line":6,"column":36}},"4":{"start":{"line":3,"column":0},"end":{"line":3,"column":13}},"5":{"start":{"line":12,"column":4},"end":{"line":13,"column":17}},"6":{"start":{"line":13,"column":8},"end":{"line":13,"column":17}},"7":{"start":{"line":15,"column":4},"end":{"line":33,"column":5}},"8":{"start":{"line":16,"column":8},"end":{"line":17,"column":21}},"9":{"start":{"line":17,"column":12},"end":{"line":17,"column":21}},"10":{"start":{"line":18,"column":8},"end":{"line":19,"column":25}},"11":{"start":{"line":19,"column":12},"end":{"line":19,"column":25}},"12":{"start":{"line":21,"column":8},"end":{"line":24,"column":52}},"13":{"start":{"line":22,"column":12},"end":{"line":22,"column":18}},"14":{"start":{"line":24,"column":12},"end":{"line":24,"column":52}},"15":{"start":{"line":27,"column":8},"end":{"line":28,"column":29}},"16":{"start":{"line":28,"column":12},"end":{"line":28,"column":29}},"17":{"start":{"line":29,"column":8},"end":{"line":32,"column":55}},"18":{"start":{"line":30,"column":12},"end":{"line":30,"column":19}},"19":{"start":{"line":32,"column":12},"end":{"line":32,"column":55}},"20":{"start":{"line":35,"column":4},"end":{"line":40,"column":5}},"21":{"start":{"line":35,"column":17},"end":{"line":35,"column":18}},"22":{"start":{"line":36,"column":19},"end":{"line":36,"column":55}},"23":{"start":{"line":37,"column":8},"end":{"line":38,"column":22}},"24":{"start":{"line":38,"column":12},"end":{"line":38,"column":22}},"25":{"start":{"line":39,"column":8},"end":{"line":39,"column":15}},"26":{"start":{"line":41,"column":4},"end":{"line":41,"column":66}}},"fnMap":{"0":{"name":"(anonymous_0)","decl":{"start":{"line":4,"column":4},"end":{"line":4,"column":16}},"loc":{"start":{"line":4,"column":31},"end":{"line":7,"column":5}}},"1":{"name":"f_lambertw","decl":{"start":{"line":10,"column":16},"end":{"line":10,"column":26}},"loc":{"start":{"line":10,"column":67},"end":{"line":42,"column":1}}}},"branchMap":{"0":{"loc":{"start":{"line":10,"column":38},"end":{"line":10,"column":49}},"type":"default-arg","locations":[{"start":{"line":10,"column":44},"end":{"line":10,"column":49}}]},"1":{"loc":{"start":{"line":10,"column":51},"end":{"line":10,"column":67}},"type":"default-arg","locations":[{"start":{"line":10,"column":63},"end":{"line":10,"column":67}}]},"2":{"loc":{"start":{"line":12,"column":4},"end":{"line":13,"column":17}},"type":"if","locations":[{"start":{"line":12,"column":4},"end":{"line":13,"column":17}}]},"3":{"loc":{"start":{"line":15,"column":4},"end":{"line":33,"column":5}},"type":"if","locations":[{"start":{"line":15,"column":4},"end":{"line":33,"column":5}},{"start":{"line":26,"column":9},"end":{"line":33,"column":5}}]},"4":{"loc":{"start":{"line":16,"column":8},"end":{"line":17,"column":21}},"type":"if","locations":[{"start":{"line":16,"column":8},"end":{"line":17,"column":21}}]},"5":{"loc":{"start":{"line":18,"column":8},"end":{"line":19,"column":25}},"type":"if","locations":[{"start":{"line":18,"column":8},"end":{"line":19,"column":25}}]},"6":{"loc":{"start":{"line":21,"column":8},"end":{"line":24,"column":52}},"type":"if","locations":[{"start":{"line":21,"column":8},"end":{"line":24,"column":52}},{"start":{"line":24,"column":12},"end":{"line":24,"column":52}}]},"7":{"loc":{"start":{"line":27,"column":8},"end":{"line":28,"column":29}},"type":"if","locations":[{"start":{"line":27,"column":8},"end":{"line":28,"column":29}}]},"8":{"loc":{"start":{"line":29,"column":8},"end":{"line":32,"column":55}},"type":"if","locations":[{"start":{"line":29,"column":8},"end":{"line":32,"column":55}},{"start":{"line":32,"column":12},"end":{"line":32,"column":55}}]},"9":{"loc":{"start":{"line":37,"column":8},"end":{"line":38,"column":22}},"type":"if","locations":[{"start":{"line":37,"column":8},"end":{"line":38,"column":22}}]}},"s":{"0":1,"1":1,"2":1,"3":1,"4":1,"5":9,"6":3,"7":6,"8":6,"9":1,"10":5,"11":1,"12":4,"13":3,"14":1,"15":0,"16":0,"17":0,"18":0,"19":0,"20":4,"21":4,"22":118,"23":118,"24":3,"25":115,"26":1},"f":{"0":1,"1":9},"b":{"0":[9],"1":[9],"2":[3],"3":[6,0],"4":[1],"5":[1],"6":[3,1],"7":[0],"8":[0,0],"9":[3]}}
}
