TN:
SF:src\Gamma.ts
FN:3,f_gamma
FNF:1
FNH:1
FNDA:17,f_gamma
DA:1,2
DA:3,2
DA:4,17
DA:5,3
DA:7,14
DA:8,3
DA:9,0
DA:10,3
DA:13,11
DA:14,11
DA:15,57
DA:16,57
DA:18,11
DA:19,11
DA:20,11
DA:21,11
DA:22,11
DA:23,11
DA:24,11
DA:25,11
DA:26,11
DA:27,11
DA:28,11
DA:29,11
DA:30,11
DA:31,11
DA:32,11
DA:33,11
DA:34,11
DA:35,11
DA:36,11
DA:37,11
DA:38,11
DA:39,11
LF:34
LH:33
BRDA:4,0,0,3
BRDA:7,1,0,3
BRDA:8,2,0,0
BRF:3
BRH:2
end_of_record
TN:
SF:src\Lambertw.ts
FN:4,(anonymous_0)
FN:10,f_lambertw
FNF:2
FNH:2
FNDA:1,(anonymous_0)
FNDA:9,f_lambertw
DA:1,2
DA:3,2
DA:5,1
DA:6,1
DA:10,2
DA:12,9
DA:13,3
DA:15,6
DA:16,6
DA:17,1
DA:18,5
DA:19,1
DA:21,4
DA:22,3
DA:24,1
DA:27,0
DA:28,0
DA:29,0
DA:30,0
DA:32,0
DA:35,4
DA:36,118
DA:37,118
DA:38,3
DA:39,115
DA:41,1
LF:26
LH:21
BRDA:10,0,0,9
BRDA:10,1,0,9
BRDA:12,2,0,3
BRDA:15,3,0,6
BRDA:15,3,1,0
BRDA:16,4,0,1
BRDA:18,5,0,1
BRDA:21,6,0,3
BRDA:21,6,1,1
BRDA:27,7,0,0
BRDA:29,8,0,0
BRDA:29,8,1,0
BRDA:37,9,0,3
BRF:13
BRH:9
end_of_record
TN:
SF:src\MegotaNumber.ts
FN:136,(anonymous_0)
FN:151,(anonymous_1)
FN:184,(anonymous_2)
FN:227,(anonymous_3)
FN:292,(anonymous_4)
FN:402,(anonymous_5)
FN:412,(anonymous_6)
FN:453,(anonymous_7)
FN:489,(anonymous_8)
FN:522,(anonymous_9)
FN:546,(anonymous_10)
FN:570,(anonymous_11)
FN:595,(anonymous_12)
FN:606,(anonymous_13)
FN:617,(anonymous_14)
FN:628,(anonymous_15)
FN:641,(anonymous_16)
FN:652,(anonymous_17)
FN:663,(anonymous_18)
FN:674,(anonymous_19)
FN:689,(anonymous_20)
FN:762,(anonymous_21)
FN:774,(anonymous_22)
FN:786,(anonymous_23)
FN:798,(anonymous_24)
FN:810,(anonymous_25)
FN:824,(anonymous_26)
FN:838,(anonymous_27)
FN:988,(anonymous_28)
FN:1002,(anonymous_29)
FN:1016,(anonymous_30)
FN:1030,(anonymous_31)
FN:1044,(anonymous_32)
FN:1054,(anonymous_33)
FN:1064,(anonymous_34)
FN:1075,(anonymous_35)
FN:1132,(anonymous_36)
FN:1133,(anonymous_37)
FN:1257,(anonymous_38)
FN:1307,(anonymous_39)
FN:1360,(anonymous_40)
FN:1400,(anonymous_41)
FN:1469,(anonymous_42)
FN:1483,(anonymous_43)
FN:1504,(anonymous_44)
FN:1557,(anonymous_45)
FN:1582,(anonymous_46)
FN:1636,(anonymous_47)
FN:1645,(anonymous_48)
FN:1654,(anonymous_49)
FN:1664,(anonymous_50)
FN:1697,(anonymous_51)
FN:1725,(anonymous_52)
FN:1734,(anonymous_53)
FN:1750,(anonymous_54)
FN:1794,(anonymous_55)
FN:1839,(anonymous_56)
FN:1958,(anonymous_57)
FN:2041,(anonymous_58)
FN:2054,(anonymous_59)
FN:2094,(anonymous_60)
FN:2098,(anonymous_61)
FN:2101,(anonymous_62)
FN:2104,(anonymous_63)
FN:2107,(anonymous_64)
FN:2110,(anonymous_65)
FN:2208,(anonymous_66)
FN:2210,(anonymous_67)
FN:2212,(anonymous_68)
FN:2214,(anonymous_69)
FN:2233,(anonymous_70)
FN:2235,(anonymous_71)
FN:2237,(anonymous_72)
FN:2256,(anonymous_73)
FN:2312,(anonymous_74)
FN:2339,(anonymous_75)
FN:2360,(anonymous_76)
FN:2378,(anonymous_77)
FN:2389,(anonymous_78)
FN:2398,(anonymous_79)
FN:2417,(anonymous_80)
FN:2432,(anonymous_81)
FN:2472,(anonymous_82)
FN:2481,(anonymous_83)
FN:2481,(anonymous_84)
FN:2485,(anonymous_85)
FN:2485,(anonymous_86)
FN:2493,(anonymous_87)
FN:2493,(anonymous_88)
FN:2528,(anonymous_89)
FN:2572,(anonymous_90)
FN:2585,(anonymous_91)
FN:2598,(anonymous_92)
FNF:93
FNH:47
FNDA:524,(anonymous_0)
FNDA:179,(anonymous_1)
FNDA:1,(anonymous_2)
FNDA:68,(anonymous_3)
FNDA:10,(anonymous_4)
FNDA:4,(anonymous_5)
FNDA:8,(anonymous_6)
FNDA:0,(anonymous_7)
FNDA:0,(anonymous_8)
FNDA:7,(anonymous_9)
FNDA:2,(anonymous_10)
FNDA:264,(anonymous_11)
FNDA:14,(anonymous_12)
FNDA:15,(anonymous_13)
FNDA:1997,(anonymous_14)
FNDA:6,(anonymous_15)
FNDA:52,(anonymous_16)
FNDA:1970,(anonymous_17)
FNDA:186,(anonymous_18)
FNDA:184,(anonymous_19)
FNDA:925,(anonymous_20)
FNDA:387,(anonymous_21)
FNDA:132,(anonymous_22)
FNDA:376,(anonymous_23)
FNDA:2,(anonymous_24)
FNDA:25,(anonymous_25)
FNDA:0,(anonymous_26)
FNDA:13,(anonymous_27)
FNDA:0,(anonymous_28)
FNDA:0,(anonymous_29)
FNDA:0,(anonymous_30)
FNDA:0,(anonymous_31)
FNDA:0,(anonymous_32)
FNDA:25,(anonymous_33)
FNDA:81,(anonymous_34)
FNDA:330,(anonymous_35)
FNDA:1826,(anonymous_36)
FNDA:1566,(anonymous_37)
FNDA:18,(anonymous_38)
FNDA:18,(anonymous_39)
FNDA:20,(anonymous_40)
FNDA:30,(anonymous_41)
FNDA:2,(anonymous_42)
FNDA:0,(anonymous_43)
FNDA:0,(anonymous_44)
FNDA:0,(anonymous_45)
FNDA:27,(anonymous_46)
FNDA:0,(anonymous_47)
FNDA:0,(anonymous_48)
FNDA:0,(anonymous_49)
FNDA:0,(anonymous_50)
FNDA:25,(anonymous_51)
FNDA:0,(anonymous_52)
FNDA:0,(anonymous_53)
FNDA:0,(anonymous_54)
FNDA:0,(anonymous_55)
FNDA:0,(anonymous_56)
FNDA:0,(anonymous_57)
FNDA:0,(anonymous_58)
FNDA:0,(anonymous_59)
FNDA:0,(anonymous_60)
FNDA:0,(anonymous_61)
FNDA:0,(anonymous_62)
FNDA:0,(anonymous_63)
FNDA:0,(anonymous_64)
FNDA:0,(anonymous_65)
FNDA:0,(anonymous_66)
FNDA:0,(anonymous_67)
FNDA:0,(anonymous_68)
FNDA:0,(anonymous_69)
FNDA:0,(anonymous_70)
FNDA:0,(anonymous_71)
FNDA:0,(anonymous_72)
FNDA:0,(anonymous_73)
FNDA:0,(anonymous_74)
FNDA:0,(anonymous_75)
FNDA:0,(anonymous_76)
FNDA:0,(anonymous_77)
FNDA:0,(anonymous_78)
FNDA:6,(anonymous_79)
FNDA:134,(anonymous_80)
FNDA:1,(anonymous_81)
FNDA:158,(anonymous_82)
FNDA:142,(anonymous_83)
FNDA:71,(anonymous_84)
FNDA:120,(anonymous_85)
FNDA:60,(anonymous_86)
FNDA:0,(anonymous_87)
FNDA:0,(anonymous_88)
FNDA:150,(anonymous_89)
FNDA:6,(anonymous_90)
FNDA:0,(anonymous_91)
FNDA:0,(anonymous_92)
DA:1,1
DA:2,1
DA:4,1
DA:5,1
DA:6,1
DA:7,1
DA:8,1
DA:9,1
DA:10,1
DA:11,1
DA:12,1
DA:13,1
DA:24,1
DA:36,1
DA:43,1
DA:48,1
DA:53,1
DA:68,1
DA:70,1
DA:71,1
DA:72,1
DA:73,1
DA:74,1
DA:75,1
DA:76,1
DA:77,1
DA:78,1
DA:79,1
DA:80,1
DA:81,1
DA:82,1
DA:83,1
DA:84,1
DA:85,1
DA:86,1
DA:87,1
DA:88,1
DA:89,1
DA:90,1
DA:91,1
DA:92,1
DA:93,1
DA:94,1
DA:95,1
DA:97,1
DA:98,1
DA:99,1
DA:100,1
DA:101,1
DA:102,1
DA:109,524
DA:125,524
DA:130,524
DA:152,179
DA:153,179
DA:154,179
DA:155,179
DA:156,179
DA:185,1
DA:228,68
DA:229,68
DA:230,0
DA:231,0
DA:233,0
DA:236,68
DA:237,0
DA:240,68
DA:241,68
DA:242,68
DA:243,68
DA:244,68
DA:246,68
DA:247,1
DA:248,1
DA:249,1
DA:252,67
DA:253,67
DA:254,12
DA:255,12
DA:256,12
DA:257,12
DA:258,12
DA:261,67
DA:262,1
DA:264,66
DA:265,1
DA:269,65
DA:270,6
DA:271,3
DA:272,3
DA:273,3
DA:275,3
DA:276,3
DA:277,3
DA:280,65
DA:281,80
DA:282,15
DA:283,2
DA:286,15
DA:287,10
DA:288,10
DA:289,10
DA:291,5
DA:292,10
DA:293,5
DA:294,5
DA:296,15
DA:297,15
DA:298,2
DA:299,2
DA:300,2
DA:302,13
DA:304,15
DA:305,7
DA:306,4
DA:308,3
DA:310,8
DA:311,1
DA:312,1
DA:313,1
DA:314,1
DA:315,1
DA:316,1
DA:317,1
DA:318,1
DA:319,1
DA:321,7
DA:322,7
DA:323,7
DA:324,7
DA:325,7
DA:326,7
DA:327,7
DA:328,7
DA:331,65
DA:334,65
DA:335,65
DA:336,65
DA:337,65
DA:339,111
DA:340,70
DA:341,41
DA:342,0
DA:343,0
DA:344,0
DA:345,0
DA:347,0
DA:349,0
DA:351,41
DA:354,111
DA:355,111
DA:356,111
DA:357,70
DA:358,1
DA:359,1
DA:361,69
DA:362,69
DA:365,41
DA:366,41
DA:367,40
DA:368,1
DA:369,0
DA:373,111
DA:374,0
DA:375,0
DA:376,111
DA:377,0
DA:378,0
DA:381,65
DA:382,65
DA:383,41
DA:384,41
DA:388,67
DA:389,12
DA:392,67
DA:393,67
DA:403,4
DA:413,8
DA:414,1
DA:416,7
DA:417,1
DA:419,6
DA:420,0
DA:422,6
DA:423,0
DA:425,6
DA:426,2
DA:428,4
DA:429,0
DA:431,4
DA:432,0
DA:434,4
DA:435,1
DA:437,3
DA:438,3
DA:439,3
DA:440,3
DA:441,3
DA:455,0
DA:459,0
DA:460,0
DA:463,0
DA:464,0
DA:466,0
DA:468,0
DA:470,0
DA:474,0
DA:475,0
DA:480,0
DA:490,0
DA:492,0
DA:494,0
DA:497,0
DA:499,0
DA:505,0
DA:507,0
DA:523,7
DA:526,7
DA:529,12
DA:532,7
DA:547,2
DA:550,2
DA:553,1
DA:554,1
DA:555,1
DA:558,2
DA:572,264
DA:575,264
DA:576,264
DA:579,344
DA:583,264
DA:584,264
DA:585,264
DA:587,264
DA:596,14
DA:597,14
DA:598,14
DA:607,15
DA:608,15
DA:609,15
DA:618,1997
DA:629,6
DA:630,0
DA:631,6
DA:632,0
DA:633,6
DA:642,52
DA:653,1970
DA:664,186
DA:675,184
DA:690,925
DA:691,32
DA:694,893
DA:695,0
DA:698,893
DA:699,0
DA:702,893
DA:703,15
DA:705,878
DA:706,8
DA:708,870
DA:709,870
DA:710,870
DA:711,1
DA:713,869
DA:714,0
DA:719,869
DA:720,869
DA:721,908
DA:722,908
DA:723,908
DA:724,509
DA:725,509
DA:726,399
DA:727,313
DA:728,313
DA:731,869
DA:732,47
DA:733,47
DA:734,0
DA:735,0
DA:736,0
DA:737,0
DA:739,0
DA:742,0
DA:743,0
DA:744,0
DA:746,0
DA:751,870
DA:763,387
DA:775,132
DA:787,376
DA:799,2
DA:811,25
DA:825,0
DA:839,13
DA:840,0
DA:842,13
DA:843,0
DA:845,13
DA:846,0
DA:851,13
DA:852,0
DA:853,0
DA:855,0
DA:861,0
DA:863,0
DA:865,0
DA:866,0
DA:867,0
DA:869,0
DA:872,13
DA:874,13
DA:875,0
DA:877,13
DA:878,25
DA:879,25
DA:882,25
DA:884,25
DA:885,25
DA:887,25
DA:889,0
DA:890,0
DA:891,0
DA:892,0
DA:894,0
DA:895,0
DA:897,0
DA:898,0
DA:901,0
DA:908,0
DA:911,0
DA:913,0
DA:914,0
DA:915,0
DA:916,0
DA:917,0
DA:918,0
DA:920,0
DA:922,0
DA:925,25
DA:926,25
DA:928,25
DA:929,13
DA:930,13
DA:931,13
DA:934,12
DA:935,0
DA:938,12
DA:939,0
DA:940,0
DA:941,0
DA:942,0
DA:944,0
DA:951,0
DA:954,0
DA:956,0
DA:957,0
DA:958,0
DA:959,0
DA:960,0
DA:961,0
DA:963,0
DA:965,0
DA:971,13
DA:972,0
DA:975,13
DA:989,0
DA:1003,0
DA:1017,0
DA:1031,0
DA:1045,0
DA:1055,25
DA:1065,81
DA:1076,330
DA:1078,330
DA:1079,0
DA:1082,330
DA:1083,0
DA:1084,0
DA:1087,330
DA:1088,0
DA:1089,0
DA:1090,0
DA:1092,330
DA:1093,330
DA:1095,330
DA:1096,441
DA:1097,441
DA:1098,0
DA:1101,441
DA:1102,22
DA:1103,22
DA:1104,22
DA:1107,419
DA:1108,11
DA:1109,11
DA:1112,408
DA:1113,7
DA:1114,7
DA:1117,401
DA:1118,0
DA:1121,401
DA:1122,0
DA:1125,401
DA:1126,0
DA:1130,312
DA:1131,458
DA:1132,1826
DA:1133,1566
DA:1134,458
DA:1135,6
DA:1138,458
DA:1139,0
DA:1142,458
DA:1143,0
DA:1144,0
DA:1145,0
DA:1147,458
DA:1148,6
DA:1149,6
DA:1150,6
DA:1151,6
DA:1154,458
DA:1155,0
DA:1158,458
DA:1159,984
DA:1160,8
DA:1161,8
DA:1162,8
DA:1163,8
DA:1166,458
DA:1167,0
DA:1168,0
DA:1170,0
DA:1172,0
DA:1173,0
DA:1175,458
DA:1176,22
DA:1177,22
DA:1178,14
DA:1180,8
DA:1182,22
DA:1184,458
DA:1185,95
DA:1186,95
DA:1188,0
DA:1190,95
DA:1192,458
DA:1193,123
DA:1194,123
DA:1197,123
DA:1198,123
DA:1199,95
DA:1202,28
DA:1205,123
DA:1206,16
DA:1207,16
DA:1209,123
DA:1211,458
DA:1212,1063
DA:1213,0
DA:1214,0
DA:1216,0
DA:1217,0
DA:1219,0
DA:1220,0
DA:1222,0
DA:1224,0
DA:1225,0
DA:1227,1063
DA:1228,0
DA:1229,0
DA:1231,0
DA:1233,0
DA:1234,0
DA:1236,0
DA:1238,0
DA:1239,0
DA:1245,312
DA:1246,0
DA:1248,312
DA:1258,18
DA:1260,18
DA:1261,1
DA:1263,17
DA:1264,5
DA:1266,12
DA:1267,0
DA:1269,12
DA:1270,1
DA:1272,11
DA:1273,1
DA:1275,10
DA:1276,0
DA:1278,10
DA:1279,0
DA:1281,10
DA:1282,10
DA:1283,10
DA:1284,10
DA:1287,10
DA:1288,1
DA:1290,9
DA:1291,6
DA:1293,3
DA:1294,3
DA:1295,3
DA:1298,10
DA:1308,18
DA:1310,18
DA:1311,0
DA:1313,18
DA:1314,0
DA:1316,18
DA:1317,2
DA:1319,16
DA:1320,1
DA:1322,15
DA:1323,0
DA:1325,15
DA:1326,0
DA:1328,15
DA:1329,0
DA:1331,15
DA:1332,15
DA:1333,15
DA:1334,15
DA:1335,15
DA:1338,15
DA:1339,0
DA:1340,0
DA:1342,15
DA:1343,13
DA:1345,2
DA:1346,2
DA:1347,2
DA:1348,2
DA:1351,15
DA:1361,20
DA:1363,20
DA:1364,2
DA:1366,18
DA:1367,3
DA:1369,15
DA:1370,3
DA:1372,12
DA:1373,1
DA:1375,11
DA:1376,1
DA:1378,10
DA:1379,0
DA:1381,10
DA:1382,0
DA:1384,10
DA:1385,0
DA:1387,10
DA:1388,10
DA:1389,5
DA:1390,5
DA:1401,30
DA:1404,30
DA:1405,1
DA:1408,29
DA:1409,0
DA:1415,29
DA:1418,1
DA:1421,28
DA:1422,1
DA:1425,27
DA:1426,3
DA:1429,24
DA:1430,0
DA:1433,24
DA:1434,0
DA:1437,24
DA:1438,0
DA:1443,24
DA:1444,0
DA:1447,24
DA:1448,24
DA:1449,18
DA:1453,6
DA:1456,6
DA:1457,6
DA:1459,6
DA:1470,2
DA:1471,0
DA:1472,2
DA:1473,0
DA:1474,2
DA:1484,0
DA:1485,0
DA:1487,0
DA:1488,0
DA:1490,0
DA:1491,0
DA:1493,0
DA:1505,0
DA:1506,0
DA:1507,0
DA:1508,0
DA:1509,0
DA:1510,0
DA:1511,0
DA:1513,0
DA:1514,0
DA:1515,0
DA:1516,0
DA:1517,0
DA:1518,0
DA:1519,0
DA:1520,0
DA:1521,0
DA:1522,0
DA:1523,0
DA:1524,0
DA:1525,0
DA:1526,0
DA:1527,0
DA:1528,0
DA:1529,0
DA:1530,0
DA:1531,0
DA:1532,0
DA:1533,0
DA:1534,0
DA:1535,0
DA:1536,0
DA:1537,0
DA:1538,0
DA:1539,0
DA:1540,0
DA:1541,0
DA:1542,0
DA:1543,0
DA:1546,0
DA:1558,0
DA:1560,0
DA:1561,0
DA:1563,0
DA:1564,0
DA:1566,0
DA:1567,0
DA:1568,0
DA:1569,0
DA:1570,0
DA:1571,0
DA:1572,0
DA:1573,0
DA:1583,27
DA:1584,1
DA:1586,26
DA:1587,1
DA:1589,25
DA:1590,2
DA:1592,23
DA:1593,0
DA:1594,0
DA:1596,0
DA:1599,23
DA:1600,0
DA:1602,23
DA:1603,0
DA:1605,23
DA:1606,1
DA:1608,22
DA:1609,0
DA:1611,22
DA:1612,17
DA:1613,15
DA:1614,15
DA:1615,15
DA:1617,2
DA:1621,5
DA:1622,0
DA:1624,5
DA:1625,5
DA:1626,2
DA:1628,3
DA:1637,0
DA:1646,0
DA:1655,0
DA:1665,0
DA:1666,0
DA:1668,0
DA:1669,0
DA:1671,0
DA:1672,0
DA:1674,0
DA:1675,0
DA:1677,0
DA:1678,0
DA:1680,0
DA:1681,0
DA:1683,0
DA:1684,0
DA:1686,0
DA:1687,0
DA:1689,0
DA:1698,25
DA:1700,25
DA:1701,0
DA:1703,25
DA:1704,0
DA:1706,25
DA:1707,2
DA:1709,23
DA:1710,1
DA:1712,22
DA:1713,0
DA:1715,22
DA:1716,22
DA:1726,0
DA:1735,0
DA:1752,0
DA:1753,0
DA:1755,0
DA:1756,0
DA:1757,0
DA:1759,0
DA:1760,0
DA:1762,0
DA:1765,0
DA:1766,0
DA:1767,0
DA:1769,0
DA:1770,0
DA:1771,0
DA:1772,0
DA:1773,0
DA:1774,0
DA:1776,0
DA:1777,0
DA:1778,0
DA:1779,0
DA:1781,0
DA:1795,0
DA:1796,0
DA:1797,0
DA:1799,0
DA:1800,0
DA:1802,0
DA:1803,0
DA:1804,0
DA:1806,0
DA:1807,0
DA:1808,0
DA:1811,0
DA:1812,0
DA:1814,0
DA:1817,0
DA:1818,0
DA:1820,0
DA:1821,0
DA:1823,0
DA:1824,0
DA:1826,0
DA:1840,0
DA:1841,0
DA:1842,0
DA:1845,0
DA:1846,0
DA:1849,0
DA:1850,0
DA:1851,0
DA:1854,0
DA:1855,0
DA:1858,0
DA:1859,0
DA:1861,0
DA:1862,0
DA:1863,0
DA:1865,0
DA:1866,0
DA:1868,0
DA:1871,0
DA:1872,0
DA:1873,0
DA:1874,0
DA:1877,0
DA:1878,0
DA:1880,0
DA:1881,0
DA:1883,0
DA:1884,0
DA:1886,0
DA:1887,0
DA:1889,0
DA:1890,0
DA:1891,0
DA:1892,0
DA:1893,0
DA:1896,0
DA:1897,0
DA:1898,0
DA:1900,0
DA:1901,0
DA:1902,0
DA:1903,0
DA:1906,0
DA:1907,0
DA:1908,0
DA:1909,0
DA:1913,0
DA:1914,0
DA:1915,0
DA:1916,0
DA:1920,0
DA:1921,0
DA:1922,0
DA:1923,0
DA:1924,0
DA:1925,0
DA:1927,0
DA:1928,0
DA:1931,0
DA:1932,0
DA:1933,0
DA:1934,0
DA:1936,0
DA:1937,0
DA:1941,0
DA:1942,0
DA:1944,0
DA:1945,0
DA:1947,0
DA:1959,0
DA:1960,0
DA:1962,0
DA:1963,0
DA:1965,0
DA:1966,0
DA:1968,0
DA:1969,0
DA:1971,0
DA:1972,0
DA:1974,0
DA:1975,0
DA:1977,0
DA:1978,0
DA:1979,0
DA:1980,0
DA:1981,0
DA:1982,0
DA:1985,0
DA:1987,0
DA:1988,0
DA:1989,0
DA:1990,0
DA:1993,0
DA:1994,0
DA:1995,0
DA:1996,0
DA:1997,0
DA:1999,0
DA:2002,0
DA:2003,0
DA:2004,0
DA:2005,0
DA:2006,0
DA:2007,0
DA:2010,0
DA:2011,0
DA:2012,0
DA:2013,0
DA:2015,0
DA:2016,0
DA:2019,0
DA:2020,0
DA:2024,0
DA:2025,0
DA:2029,0
DA:2042,0
DA:2055,0
DA:2057,0
DA:2058,0
DA:2060,0
DA:2061,0
DA:2063,0
DA:2064,0
DA:2066,0
DA:2067,0
DA:2068,0
DA:2071,0
DA:2072,0
DA:2095,0
DA:2097,0
DA:2098,0
DA:2100,0
DA:2101,0
DA:2103,0
DA:2104,0
DA:2106,0
DA:2107,0
DA:2110,0
DA:2111,0
DA:2112,0
DA:2114,0
DA:2115,0
DA:2117,0
DA:2118,0
DA:2119,0
DA:2121,0
DA:2124,0
DA:2125,0
DA:2127,0
DA:2128,0
DA:2130,0
DA:2131,0
DA:2134,0
DA:2135,0
DA:2136,0
DA:2137,0
DA:2140,0
DA:2141,0
DA:2142,0
DA:2144,0
DA:2145,0
DA:2147,0
DA:2148,0
DA:2149,0
DA:2150,0
DA:2151,0
DA:2153,0
DA:2154,0
DA:2157,0
DA:2160,0
DA:2161,0
DA:2162,0
DA:2165,0
DA:2166,0
DA:2167,0
DA:2168,0
DA:2171,0
DA:2172,0
DA:2173,0
DA:2174,0
DA:2176,0
DA:2177,0
DA:2178,0
DA:2179,0
DA:2183,0
DA:2184,0
DA:2186,0
DA:2187,0
DA:2188,0
DA:2209,0
DA:2210,0
DA:2211,0
DA:2212,0
DA:2214,0
DA:2234,0
DA:2235,0
DA:2236,0
DA:2237,0
DA:2239,0
DA:2257,0
DA:2259,0
DA:2260,0
DA:2262,0
DA:2263,0
DA:2265,0
DA:2266,0
DA:2268,0
DA:2269,0
DA:2272,0
DA:2273,0
DA:2274,0
DA:2275,0
DA:2276,0
DA:2279,0
DA:2280,0
DA:2281,0
DA:2282,0
DA:2283,0
DA:2284,0
DA:2287,0
DA:2288,0
DA:2313,0
DA:2314,0
DA:2340,0
DA:2341,0
DA:2342,0
DA:2343,0
DA:2361,0
DA:2379,0
DA:2380,0
DA:2390,0
DA:2399,6
DA:2400,1
DA:2403,5
DA:2418,134
DA:2419,0
DA:2420,134
DA:2421,22
DA:2422,112
DA:2423,0
DA:2424,112
DA:2433,1
DA:2434,0
DA:2436,1
DA:2437,0
DA:2439,1
DA:2440,0
DA:2442,1
DA:2443,1
DA:2444,0
DA:2445,0
DA:2446,1
DA:2447,0
DA:2448,0
DA:2449,0
DA:2450,0
DA:2451,0
DA:2454,1
DA:2455,1
DA:2456,1
DA:2457,0
DA:2458,0
DA:2459,0
DA:2461,1
DA:2473,158
DA:2474,158
DA:2476,158
DA:2481,142
DA:2482,11
DA:2485,120
DA:2486,57
DA:2489,3
DA:2492,3
DA:2493,0
DA:2494,3
DA:2495,3
DA:2500,0
DA:2502,0
DA:2505,0
DA:2507,0
DA:2512,90
DA:2530,150
DA:2533,150
DA:2534,113
DA:2536,65
DA:2540,48
DA:2545,37
DA:2547,23
DA:2551,14
DA:2552,14
DA:2554,14
DA:2558,0
DA:2562,37
DA:2573,6
DA:2574,0
DA:2575,6
DA:2586,0
DA:2587,0
DA:2588,0
DA:2599,0
DA:2600,0
DA:2601,0
LF:1060
LH:502
BRDA:154,0,0,23
BRDA:154,0,1,156
BRDA:229,1,0,0
BRDA:229,2,0,68
BRDA:229,2,1,68
BRDA:236,3,0,0
BRDA:246,4,0,1
BRDA:253,5,0,12
BRDA:253,6,0,67
BRDA:253,6,1,55
BRDA:256,7,0,12
BRDA:256,7,1,0
BRDA:261,8,0,1
BRDA:261,8,1,66
BRDA:264,9,0,1
BRDA:264,9,1,65
BRDA:269,10,0,6
BRDA:270,11,0,3
BRDA:270,11,1,3
BRDA:281,12,0,15
BRDA:281,12,1,65
BRDA:282,13,0,2
BRDA:286,14,0,10
BRDA:286,14,1,5
BRDA:293,15,0,0
BRDA:297,16,0,2
BRDA:297,16,1,13
BRDA:304,17,0,7
BRDA:304,17,1,8
BRDA:304,18,0,15
BRDA:304,18,1,10
BRDA:305,19,0,4
BRDA:305,19,1,3
BRDA:305,20,0,7
BRDA:305,20,1,5
BRDA:305,20,2,5
BRDA:310,21,0,1
BRDA:310,21,1,7
BRDA:310,22,0,8
BRDA:310,22,1,3
BRDA:311,23,0,0
BRDA:311,23,1,1
BRDA:311,24,0,1
BRDA:311,24,1,0
BRDA:311,24,2,0
BRDA:313,25,0,0
BRDA:314,26,0,0
BRDA:316,27,0,0
BRDA:316,28,0,1
BRDA:316,28,1,0
BRDA:316,28,2,0
BRDA:318,29,0,0
BRDA:318,29,1,1
BRDA:323,30,0,0
BRDA:327,31,0,0
BRDA:327,31,1,7
BRDA:339,32,0,70
BRDA:339,32,1,41
BRDA:339,33,0,111
BRDA:339,33,1,70
BRDA:341,34,0,0
BRDA:341,34,1,41
BRDA:342,35,0,0
BRDA:342,35,1,0
BRDA:344,36,0,0
BRDA:344,36,1,0
BRDA:344,37,0,0
BRDA:344,37,1,0
BRDA:355,38,0,87
BRDA:355,38,1,24
BRDA:356,39,0,70
BRDA:356,39,1,41
BRDA:357,40,0,1
BRDA:357,40,1,69
BRDA:361,41,0,69
BRDA:365,42,0,0
BRDA:365,42,1,41
BRDA:365,43,0,38
BRDA:365,43,1,3
BRDA:366,44,0,40
BRDA:366,44,1,1
BRDA:368,45,0,0
BRDA:368,46,0,1
BRDA:368,46,1,1
BRDA:373,47,0,0
BRDA:373,47,1,111
BRDA:373,48,0,111
BRDA:373,48,1,22
BRDA:376,49,0,0
BRDA:382,50,0,41
BRDA:383,51,0,0
BRDA:383,51,1,41
BRDA:383,52,0,41
BRDA:383,52,1,0
BRDA:383,52,2,0
BRDA:388,53,0,12
BRDA:413,54,0,1
BRDA:416,55,0,1
BRDA:419,56,0,0
BRDA:422,57,0,0
BRDA:425,58,0,2
BRDA:425,59,0,6
BRDA:425,59,1,6
BRDA:425,59,2,5
BRDA:428,60,0,0
BRDA:431,61,0,0
BRDA:434,62,0,1
BRDA:438,63,0,3
BRDA:438,63,1,0
BRDA:439,64,0,3
BRDA:439,64,1,0
BRDA:439,65,0,0
BRDA:439,65,1,3
BRDA:440,66,0,3
BRDA:440,66,1,0
BRDA:466,67,0,0
BRDA:466,67,1,0
BRDA:492,68,0,0
BRDA:492,68,1,0
BRDA:494,69,0,0
BRDA:494,69,1,0
BRDA:497,70,0,0
BRDA:497,70,1,0
BRDA:629,71,0,0
BRDA:631,72,0,0
BRDA:675,73,0,184
BRDA:675,73,1,184
BRDA:690,74,0,32
BRDA:690,75,0,925
BRDA:690,75,1,896
BRDA:694,76,0,0
BRDA:694,77,0,893
BRDA:694,77,1,1
BRDA:698,78,0,0
BRDA:698,79,0,893
BRDA:698,79,1,1
BRDA:702,80,0,15
BRDA:702,81,0,893
BRDA:702,81,1,675
BRDA:702,81,2,16
BRDA:702,81,3,16
BRDA:705,82,0,8
BRDA:710,83,0,1
BRDA:710,83,1,869
BRDA:713,84,0,0
BRDA:713,84,1,869
BRDA:723,85,0,509
BRDA:723,85,1,399
BRDA:723,86,0,908
BRDA:723,86,1,906
BRDA:723,86,2,906
BRDA:723,86,3,766
BRDA:723,86,4,703
BRDA:726,87,0,313
BRDA:726,88,0,399
BRDA:726,88,1,399
BRDA:726,88,2,399
BRDA:726,88,3,336
BRDA:726,88,4,336
BRDA:731,89,0,47
BRDA:732,90,0,47
BRDA:732,90,1,0
BRDA:734,91,0,0
BRDA:734,91,1,0
BRDA:736,92,0,0
BRDA:736,92,1,0
BRDA:736,93,0,0
BRDA:736,93,1,0
BRDA:743,94,0,0
BRDA:743,94,1,0
BRDA:743,95,0,0
BRDA:743,95,1,0
BRDA:838,96,0,0
BRDA:839,97,0,0
BRDA:839,98,0,13
BRDA:839,98,1,13
BRDA:839,98,2,13
BRDA:842,99,0,0
BRDA:845,100,0,0
BRDA:851,101,0,0
BRDA:851,101,1,13
BRDA:852,102,0,0
BRDA:852,102,1,0
BRDA:853,103,0,0
BRDA:853,103,1,0
BRDA:855,104,0,0
BRDA:855,105,0,0
BRDA:855,105,1,0
BRDA:855,105,2,0
BRDA:855,105,3,0
BRDA:855,105,4,0
BRDA:855,105,5,0
BRDA:866,106,0,0
BRDA:866,106,1,0
BRDA:874,107,0,0
BRDA:882,108,0,0
BRDA:882,109,0,25
BRDA:882,109,1,25
BRDA:887,110,0,0
BRDA:887,110,1,25
BRDA:889,111,0,0
BRDA:889,111,1,0
BRDA:890,112,0,0
BRDA:890,112,1,0
BRDA:891,113,0,0
BRDA:891,113,1,0
BRDA:897,114,0,0
BRDA:901,115,0,0
BRDA:901,116,0,0
BRDA:901,116,1,0
BRDA:901,116,2,0
BRDA:901,116,3,0
BRDA:901,116,4,0
BRDA:901,116,5,0
BRDA:901,116,6,0
BRDA:913,117,0,0
BRDA:913,117,1,0
BRDA:915,118,0,0
BRDA:915,118,1,0
BRDA:915,119,0,0
BRDA:915,119,1,0
BRDA:917,120,0,0
BRDA:917,120,1,0
BRDA:928,121,0,13
BRDA:934,122,0,0
BRDA:938,123,0,0
BRDA:939,124,0,0
BRDA:939,124,1,0
BRDA:940,125,0,0
BRDA:940,125,1,0
BRDA:944,126,0,0
BRDA:944,127,0,0
BRDA:944,127,1,0
BRDA:944,127,2,0
BRDA:944,127,3,0
BRDA:944,127,4,0
BRDA:944,127,5,0
BRDA:944,127,6,0
BRDA:956,128,0,0
BRDA:956,128,1,0
BRDA:958,129,0,0
BRDA:958,129,1,0
BRDA:958,130,0,0
BRDA:958,130,1,0
BRDA:960,131,0,0
BRDA:960,131,1,0
BRDA:971,132,0,0
BRDA:971,133,0,13
BRDA:971,133,1,13
BRDA:988,134,0,0
BRDA:989,135,0,0
BRDA:989,135,1,0
BRDA:1002,136,0,0
BRDA:1016,137,0,0
BRDA:1030,138,0,0
BRDA:1044,139,0,0
BRDA:1055,140,0,11
BRDA:1055,140,1,14
BRDA:1065,141,0,48
BRDA:1065,141,1,33
BRDA:1078,142,0,0
BRDA:1078,143,0,330
BRDA:1078,143,1,330
BRDA:1082,144,0,0
BRDA:1082,145,0,330
BRDA:1082,145,1,35
BRDA:1083,146,0,0
BRDA:1083,146,1,0
BRDA:1084,147,0,0
BRDA:1084,147,1,0
BRDA:1087,148,0,0
BRDA:1092,149,0,330
BRDA:1097,150,0,0
BRDA:1097,151,0,441
BRDA:1097,151,1,441
BRDA:1101,152,0,22
BRDA:1101,153,0,441
BRDA:1101,153,1,436
BRDA:1101,153,2,103
BRDA:1101,153,3,81
BRDA:1101,153,4,81
BRDA:1107,154,0,11
BRDA:1107,155,0,419
BRDA:1107,155,1,419
BRDA:1107,155,2,419
BRDA:1112,156,0,7
BRDA:1112,157,0,408
BRDA:1112,157,1,408
BRDA:1112,157,2,408
BRDA:1117,158,0,0
BRDA:1121,159,0,0
BRDA:1125,160,0,0
BRDA:1125,161,0,401
BRDA:1125,161,1,396
BRDA:1125,161,2,81
BRDA:1132,162,0,1126
BRDA:1132,162,1,700
BRDA:1132,163,0,542
BRDA:1132,163,1,158
BRDA:1133,164,0,158
BRDA:1133,164,1,1408
BRDA:1133,165,0,362
BRDA:1133,165,1,1046
BRDA:1134,166,0,6
BRDA:1138,167,0,0
BRDA:1142,168,0,0
BRDA:1142,168,1,458
BRDA:1147,169,0,6
BRDA:1147,170,0,458
BRDA:1147,170,1,57
BRDA:1147,170,2,6
BRDA:1147,170,3,6
BRDA:1149,171,0,0
BRDA:1149,171,1,6
BRDA:1154,172,0,0
BRDA:1154,173,0,458
BRDA:1154,173,1,446
BRDA:1154,173,2,446
BRDA:1159,174,0,8
BRDA:1159,175,0,984
BRDA:1159,175,1,828
BRDA:1166,176,0,0
BRDA:1166,177,0,458
BRDA:1166,177,1,452
BRDA:1166,177,2,452
BRDA:1167,178,0,0
BRDA:1167,178,1,0
BRDA:1167,179,0,0
BRDA:1167,179,1,0
BRDA:1167,179,2,0
BRDA:1175,180,0,480
BRDA:1175,180,1,235
BRDA:1175,180,2,229
BRDA:1175,180,3,229
BRDA:1175,180,4,143
BRDA:1175,180,5,35
BRDA:1175,180,6,22
BRDA:1177,181,0,14
BRDA:1177,181,1,8
BRDA:1184,182,0,553
BRDA:1184,182,1,308
BRDA:1184,182,2,302
BRDA:1184,182,3,302
BRDA:1184,182,4,95
BRDA:1185,183,0,95
BRDA:1185,183,1,0
BRDA:1192,184,0,123
BRDA:1192,185,0,458
BRDA:1192,185,1,213
BRDA:1192,185,2,207
BRDA:1192,185,3,207
BRDA:1192,185,4,99
BRDA:1193,186,0,123
BRDA:1198,187,0,95
BRDA:1198,187,1,28
BRDA:1205,188,0,16
BRDA:1212,189,0,0
BRDA:1213,190,0,0
BRDA:1213,190,1,0
BRDA:1213,191,0,0
BRDA:1213,191,1,0
BRDA:1219,192,0,0
BRDA:1219,192,1,0
BRDA:1219,193,0,0
BRDA:1219,193,1,0
BRDA:1227,194,0,0
BRDA:1228,195,0,0
BRDA:1228,195,1,0
BRDA:1228,196,0,0
BRDA:1228,196,1,0
BRDA:1233,197,0,0
BRDA:1233,197,1,0
BRDA:1233,198,0,0
BRDA:1233,198,1,0
BRDA:1245,199,0,0
BRDA:1260,200,0,1
BRDA:1263,201,0,5
BRDA:1266,202,0,0
BRDA:1269,203,0,1
BRDA:1272,204,0,1
BRDA:1272,205,0,11
BRDA:1272,205,1,11
BRDA:1272,205,2,10
BRDA:1272,205,3,0
BRDA:1272,205,4,0
BRDA:1275,206,0,0
BRDA:1278,207,0,0
BRDA:1287,208,0,1
BRDA:1287,208,1,9
BRDA:1287,209,0,10
BRDA:1287,209,1,9
BRDA:1290,210,0,6
BRDA:1290,210,1,3
BRDA:1293,211,0,3
BRDA:1294,212,0,3
BRDA:1294,212,1,0
BRDA:1298,213,0,10
BRDA:1298,213,1,0
BRDA:1310,214,0,0
BRDA:1313,215,0,0
BRDA:1316,216,0,2
BRDA:1319,217,0,1
BRDA:1322,218,0,0
BRDA:1322,219,0,15
BRDA:1322,219,1,15
BRDA:1322,219,2,15
BRDA:1322,219,3,0
BRDA:1325,220,0,0
BRDA:1328,221,0,0
BRDA:1338,222,0,0
BRDA:1338,222,1,15
BRDA:1338,223,0,15
BRDA:1338,223,1,15
BRDA:1340,224,0,0
BRDA:1340,224,1,0
BRDA:1342,225,0,13
BRDA:1342,225,1,2
BRDA:1345,226,0,2
BRDA:1346,227,0,2
BRDA:1346,227,1,0
BRDA:1348,228,0,2
BRDA:1348,228,1,0
BRDA:1351,229,0,15
BRDA:1351,229,1,0
BRDA:1363,230,0,2
BRDA:1366,231,0,3
BRDA:1369,232,0,3
BRDA:1369,233,0,15
BRDA:1369,233,1,14
BRDA:1369,233,2,12
BRDA:1369,233,3,0
BRDA:1369,233,4,12
BRDA:1369,233,5,0
BRDA:1372,234,0,1
BRDA:1375,235,0,1
BRDA:1378,236,0,0
BRDA:1381,237,0,0
BRDA:1384,238,0,0
BRDA:1388,239,0,5
BRDA:1404,240,0,1
BRDA:1408,241,0,0
BRDA:1415,242,0,1
BRDA:1415,243,0,29
BRDA:1415,243,1,29
BRDA:1415,243,2,28
BRDA:1415,243,3,0
BRDA:1415,243,4,28
BRDA:1415,243,5,0
BRDA:1421,244,0,1
BRDA:1425,245,0,3
BRDA:1429,246,0,0
BRDA:1433,247,0,0
BRDA:1437,248,0,0
BRDA:1443,249,0,0
BRDA:1444,250,0,0
BRDA:1444,250,1,0
BRDA:1448,251,0,18
BRDA:1459,252,0,2
BRDA:1459,252,1,4
BRDA:1470,253,0,0
BRDA:1470,254,0,2
BRDA:1470,254,1,2
BRDA:1472,255,0,0
BRDA:1484,256,0,0
BRDA:1487,257,0,0
BRDA:1490,258,0,0
BRDA:1506,259,0,0
BRDA:1508,260,0,0
BRDA:1510,261,0,0
BRDA:1514,262,0,0
BRDA:1515,263,0,0
BRDA:1525,264,0,0
BRDA:1532,265,0,0
BRDA:1560,266,0,0
BRDA:1560,267,0,0
BRDA:1560,267,1,0
BRDA:1563,268,0,0
BRDA:1568,269,0,0
BRDA:1569,270,0,0
BRDA:1570,271,0,0
BRDA:1571,272,0,0
BRDA:1572,273,0,0
BRDA:1583,274,0,1
BRDA:1586,275,0,1
BRDA:1589,276,0,2
BRDA:1592,277,0,0
BRDA:1592,278,0,23
BRDA:1592,278,1,0
BRDA:1593,279,0,0
BRDA:1599,280,0,0
BRDA:1602,281,0,0
BRDA:1605,282,0,1
BRDA:1608,283,0,0
BRDA:1611,284,0,17
BRDA:1612,285,0,15
BRDA:1612,285,1,2
BRDA:1613,286,0,15
BRDA:1613,286,1,0
BRDA:1621,287,0,0
BRDA:1625,288,0,2
BRDA:1665,289,0,0
BRDA:1668,290,0,0
BRDA:1671,291,0,0
BRDA:1674,292,0,0
BRDA:1674,293,0,0
BRDA:1674,293,1,0
BRDA:1674,293,2,0
BRDA:1677,294,0,0
BRDA:1680,295,0,0
BRDA:1683,296,0,0
BRDA:1686,297,0,0
BRDA:1687,298,0,0
BRDA:1687,298,1,0
BRDA:1700,299,0,0
BRDA:1703,300,0,0
BRDA:1706,301,0,2
BRDA:1709,302,0,1
BRDA:1712,303,0,0
BRDA:1725,304,0,0
BRDA:1750,305,0,0
BRDA:1750,306,0,0
BRDA:1752,307,0,0
BRDA:1755,308,0,0
BRDA:1755,308,1,0
BRDA:1756,309,0,0
BRDA:1759,310,0,0
BRDA:1765,311,0,0
BRDA:1773,312,0,0
BRDA:1777,313,0,0
BRDA:1794,314,0,0
BRDA:1796,315,0,0
BRDA:1799,316,0,0
BRDA:1802,317,0,0
BRDA:1802,317,1,0
BRDA:1803,318,0,0
BRDA:1806,319,0,0
BRDA:1811,320,0,0
BRDA:1817,321,0,0
BRDA:1820,322,0,0
BRDA:1823,323,0,0
BRDA:1839,324,0,0
BRDA:1841,325,0,0
BRDA:1845,326,0,0
BRDA:1845,327,0,0
BRDA:1845,327,1,0
BRDA:1845,327,2,0
BRDA:1849,328,0,0
BRDA:1849,329,0,0
BRDA:1849,329,1,0
BRDA:1850,330,0,0
BRDA:1858,331,0,0
BRDA:1861,332,0,0
BRDA:1862,333,0,0
BRDA:1865,334,0,0
BRDA:1871,335,0,0
BRDA:1872,336,0,0
BRDA:1877,337,0,0
BRDA:1880,338,0,0
BRDA:1883,339,0,0
BRDA:1886,340,0,0
BRDA:1889,341,0,0
BRDA:1890,342,0,0
BRDA:1892,343,0,0
BRDA:1897,344,0,0
BRDA:1900,345,0,0
BRDA:1900,346,0,0
BRDA:1900,346,1,0
BRDA:1901,347,0,0
BRDA:1907,348,0,0
BRDA:1907,348,1,0
BRDA:1920,349,0,0
BRDA:1920,349,1,0
BRDA:1920,349,2,0
BRDA:1921,350,0,0
BRDA:1921,350,1,0
BRDA:1923,351,0,0
BRDA:1932,352,0,0
BRDA:1941,353,0,0
BRDA:1941,354,0,0
BRDA:1941,354,1,0
BRDA:1944,355,0,0
BRDA:1944,355,1,0
BRDA:1958,356,0,0
BRDA:1959,357,0,0
BRDA:1959,358,0,0
BRDA:1959,358,1,0
BRDA:1959,358,2,0
BRDA:1959,358,3,0
BRDA:1962,359,0,0
BRDA:1965,360,0,0
BRDA:1968,361,0,0
BRDA:1971,362,0,0
BRDA:1974,363,0,0
BRDA:1977,364,0,0
BRDA:1979,365,0,0
BRDA:1981,366,0,0
BRDA:1987,367,0,0
BRDA:1988,368,0,0
BRDA:1993,369,0,0
BRDA:1994,370,0,0
BRDA:2003,371,0,0
BRDA:2003,371,1,0
BRDA:2003,372,0,0
BRDA:2003,372,1,0
BRDA:2004,373,0,0
BRDA:2011,374,0,0
BRDA:2011,374,1,0
BRDA:2015,375,0,0
BRDA:2015,375,1,0
BRDA:2024,376,0,0
BRDA:2041,377,0,0
BRDA:2041,378,0,0
BRDA:2057,379,0,0
BRDA:2060,380,0,0
BRDA:2063,381,0,0
BRDA:2066,382,0,0
BRDA:2097,383,0,0
BRDA:2097,384,0,0
BRDA:2097,384,1,0
BRDA:2100,385,0,0
BRDA:2103,386,0,0
BRDA:2106,387,0,0
BRDA:2110,388,0,0
BRDA:2111,389,0,0
BRDA:2111,390,0,0
BRDA:2111,390,1,0
BRDA:2114,391,0,0
BRDA:2117,392,0,0
BRDA:2118,393,0,0
BRDA:2124,394,0,0
BRDA:2127,395,0,0
BRDA:2130,396,0,0
BRDA:2134,397,0,0
BRDA:2141,398,0,0
BRDA:2144,399,0,0
BRDA:2147,400,0,0
BRDA:2147,401,0,0
BRDA:2147,401,1,0
BRDA:2148,402,0,0
BRDA:2148,402,1,0
BRDA:2153,403,0,0
BRDA:2153,403,1,0
BRDA:2161,404,0,0
BRDA:2161,404,1,0
BRDA:2165,405,0,0
BRDA:2176,406,0,0
BRDA:2176,406,1,0
BRDA:2176,406,2,0
BRDA:2177,407,0,0
BRDA:2183,408,0,0
BRDA:2186,409,0,0
BRDA:2186,409,1,0
BRDA:2209,410,0,0
BRDA:2210,411,0,0
BRDA:2210,411,1,0
BRDA:2211,412,0,0
BRDA:2234,413,0,0
BRDA:2236,414,0,0
BRDA:2259,415,0,0
BRDA:2259,416,0,0
BRDA:2259,416,1,0
BRDA:2262,417,0,0
BRDA:2265,418,0,0
BRDA:2268,419,0,0
BRDA:2272,420,0,0
BRDA:2281,421,0,0
BRDA:2281,421,1,0
BRDA:2282,422,0,0
BRDA:2399,423,0,1
BRDA:2418,424,0,0
BRDA:2420,425,0,22
BRDA:2422,426,0,0
BRDA:2422,427,0,112
BRDA:2422,427,1,0
BRDA:2433,428,0,0
BRDA:2436,429,0,0
BRDA:2439,430,0,0
BRDA:2443,431,0,1
BRDA:2443,431,1,0
BRDA:2444,432,0,0
BRDA:2444,432,1,0
BRDA:2446,433,0,0
BRDA:2446,434,0,1
BRDA:2446,434,1,1
BRDA:2446,434,2,0
BRDA:2446,434,3,0
BRDA:2449,435,0,0
BRDA:2449,435,1,0
BRDA:2449,436,0,0
BRDA:2449,436,1,0
BRDA:2449,437,0,0
BRDA:2449,437,1,0
BRDA:2450,438,0,0
BRDA:2450,438,1,0
BRDA:2456,439,0,1
BRDA:2456,439,1,0
BRDA:2457,440,0,0
BRDA:2457,440,1,0
BRDA:2458,441,0,0
BRDA:2458,441,1,0
BRDA:2481,442,0,11
BRDA:2481,443,0,71
BRDA:2481,443,1,71
BRDA:2485,444,0,57
BRDA:2485,445,0,60
BRDA:2485,445,1,57
BRDA:2492,446,0,3
BRDA:2492,447,0,3
BRDA:2492,447,1,0
BRDA:2493,448,0,0
BRDA:2493,448,1,0
BRDA:2500,449,0,0
BRDA:2500,450,0,0
BRDA:2500,450,1,0
BRDA:2500,450,2,0
BRDA:2505,451,0,0
BRDA:2505,452,0,0
BRDA:2505,452,1,0
BRDA:2505,452,2,0
BRDA:2512,453,0,20
BRDA:2512,453,1,70
BRDA:2512,454,0,90
BRDA:2512,454,1,25
BRDA:2533,455,0,113
BRDA:2534,456,0,65
BRDA:2534,456,1,48
BRDA:2540,457,0,0
BRDA:2540,457,1,48
BRDA:2540,458,0,48
BRDA:2540,458,1,38
BRDA:2545,459,0,23
BRDA:2545,459,1,14
BRDA:2573,460,0,0
BRDA:2586,461,0,0
BRDA:2599,462,0,0
BRF:735
BRH:291
end_of_record
