TN:
SF:src\Gamma.ts
FN:3,f_gamma
FNF:1
FNH:1
FNDA:20,f_gamma
DA:1,4
DA:3,4
DA:4,20
DA:5,3
DA:7,17
DA:8,3
DA:9,0
DA:10,3
DA:13,14
DA:14,14
DA:15,91
DA:16,91
DA:18,14
DA:19,14
DA:20,14
DA:21,14
DA:22,14
DA:23,14
DA:24,14
DA:25,14
DA:26,14
DA:27,14
DA:28,14
DA:29,14
DA:30,14
DA:31,14
DA:32,14
DA:33,14
DA:34,14
DA:35,14
DA:36,14
DA:37,14
DA:38,14
DA:39,14
LF:34
LH:33
BRDA:4,0,0,3
BRDA:7,1,0,3
BRDA:8,2,0,0
BRF:3
BRH:2
end_of_record
TN:
SF:src\Lambertw.ts
FN:4,(anonymous_0)
FN:10,f_lambertw
FNF:2
FNH:2
FNDA:1,(anonymous_0)
FNDA:12,f_lambertw
DA:1,4
DA:3,4
DA:5,1
DA:6,1
DA:10,4
DA:12,12
DA:13,3
DA:15,9
DA:16,9
DA:17,2
DA:18,7
DA:19,2
DA:21,5
DA:22,4
DA:24,1
DA:27,0
DA:28,0
DA:29,0
DA:30,0
DA:32,0
DA:35,5
DA:36,125
DA:37,125
DA:38,4
DA:39,121
DA:41,1
LF:26
LH:21
BRDA:10,0,0,12
BRDA:10,1,0,12
BRDA:12,2,0,3
BRDA:15,3,0,9
BRDA:15,3,1,0
BRDA:16,4,0,2
BRDA:18,5,0,2
BRDA:21,6,0,4
BRDA:21,6,1,1
BRDA:27,7,0,0
BRDA:29,8,0,0
BRDA:29,8,1,0
BRDA:37,9,0,4
BRF:13
BRH:9
end_of_record
TN:
SF:src\MegotaNumber.ts
FN:136,(anonymous_0)
FN:151,(anonymous_1)
FN:184,(anonymous_2)
FN:227,(anonymous_3)
FN:292,(anonymous_4)
FN:402,(anonymous_5)
FN:412,(anonymous_6)
FN:453,(anonymous_7)
FN:489,(anonymous_8)
FN:522,(anonymous_9)
FN:546,(anonymous_10)
FN:570,(anonymous_11)
FN:595,(anonymous_12)
FN:607,(anonymous_13)
FN:618,(anonymous_14)
FN:629,(anonymous_15)
FN:642,(anonymous_16)
FN:653,(anonymous_17)
FN:664,(anonymous_18)
FN:675,(anonymous_19)
FN:690,(anonymous_20)
FN:784,(anonymous_21)
FN:796,(anonymous_22)
FN:808,(anonymous_23)
FN:820,(anonymous_24)
FN:832,(anonymous_25)
FN:846,(anonymous_26)
FN:1008,(anonymous_27)
FN:1022,(anonymous_28)
FN:1036,(anonymous_29)
FN:1050,(anonymous_30)
FN:1064,(anonymous_31)
FN:1075,(anonymous_32)
FN:1090,(anonymous_33)
FN:1105,(anonymous_34)
FN:1165,(anonymous_35)
FN:1358,(anonymous_36)
FN:1466,(anonymous_37)
FN:1600,(anonymous_38)
FN:1642,(anonymous_39)
FN:1711,(anonymous_40)
FN:1732,(anonymous_41)
FN:1756,(anonymous_42)
FN:1809,(anonymous_43)
FN:1834,(anonymous_44)
FN:1885,(anonymous_45)
FN:1904,(anonymous_46)
FN:1913,(anonymous_47)
FN:1922,(anonymous_48)
FN:1932,(anonymous_49)
FN:1965,(anonymous_50)
FN:1992,(anonymous_51)
FN:2001,(anonymous_52)
FN:2017,(anonymous_53)
FN:2061,(anonymous_54)
FN:2106,(anonymous_55)
FN:2225,(anonymous_56)
FN:2308,(anonymous_57)
FN:2321,(anonymous_58)
FN:2361,(anonymous_59)
FN:2365,(anonymous_60)
FN:2368,(anonymous_61)
FN:2371,(anonymous_62)
FN:2374,(anonymous_63)
FN:2377,(anonymous_64)
FN:2475,(anonymous_65)
FN:2477,(anonymous_66)
FN:2479,(anonymous_67)
FN:2481,(anonymous_68)
FN:2500,(anonymous_69)
FN:2502,(anonymous_70)
FN:2504,(anonymous_71)
FN:2523,(anonymous_72)
FN:2579,(anonymous_73)
FN:2606,(anonymous_74)
FN:2627,(anonymous_75)
FN:2645,(anonymous_76)
FN:2656,(anonymous_77)
FN:2665,(anonymous_78)
FN:2684,(anonymous_79)
FN:2699,(anonymous_80)
FN:2741,(anonymous_81)
FN:2750,(anonymous_82)
FN:2750,(anonymous_83)
FN:2754,(anonymous_84)
FN:2754,(anonymous_85)
FN:2762,(anonymous_86)
FN:2762,(anonymous_87)
FN:2801,(anonymous_88)
FN:2845,(anonymous_89)
FN:2858,(anonymous_90)
FN:2871,(anonymous_91)
FNF:92
FNH:84
FNDA:2056,(anonymous_0)
FNDA:990,(anonymous_1)
FNDA:2,(anonymous_2)
FNDA:175,(anonymous_3)
FNDA:14,(anonymous_4)
FNDA:4,(anonymous_5)
FNDA:8,(anonymous_6)
FNDA:3,(anonymous_7)
FNDA:4,(anonymous_8)
FNDA:2,(anonymous_9)
FNDA:2,(anonymous_10)
FNDA:867,(anonymous_11)
FNDA:90,(anonymous_12)
FNDA:27,(anonymous_13)
FNDA:10106,(anonymous_14)
FNDA:61,(anonymous_15)
FNDA:138,(anonymous_16)
FNDA:69,(anonymous_17)
FNDA:101,(anonymous_18)
FNDA:10253,(anonymous_19)
FNDA:4581,(anonymous_20)
FNDA:1631,(anonymous_21)
FNDA:869,(anonymous_22)
FNDA:1863,(anonymous_23)
FNDA:2,(anonymous_24)
FNDA:162,(anonymous_25)
FNDA:67,(anonymous_26)
FNDA:10,(anonymous_27)
FNDA:2,(anonymous_28)
FNDA:2,(anonymous_29)
FNDA:2,(anonymous_30)
FNDA:2,(anonymous_31)
FNDA:2,(anonymous_32)
FNDA:225,(anonymous_33)
FNDA:1435,(anonymous_34)
FNDA:216,(anonymous_35)
FNDA:164,(anonymous_36)
FNDA:60,(anonymous_37)
FNDA:91,(anonymous_38)
FNDA:135,(anonymous_39)
FNDA:15,(anonymous_40)
FNDA:10,(anonymous_41)
FNDA:8,(anonymous_42)
FNDA:14,(anonymous_43)
FNDA:83,(anonymous_44)
FNDA:58,(anonymous_45)
FNDA:7,(anonymous_46)
FNDA:6,(anonymous_47)
FNDA:5,(anonymous_48)
FNDA:21,(anonymous_49)
FNDA:137,(anonymous_50)
FNDA:19,(anonymous_51)
FNDA:7,(anonymous_52)
FNDA:0,(anonymous_53)
FNDA:3,(anonymous_54)
FNDA:6,(anonymous_55)
FNDA:4,(anonymous_56)
FNDA:1,(anonymous_57)
FNDA:1,(anonymous_58)
FNDA:3,(anonymous_59)
FNDA:0,(anonymous_60)
FNDA:2,(anonymous_61)
FNDA:1,(anonymous_62)
FNDA:0,(anonymous_63)
FNDA:0,(anonymous_64)
FNDA:1,(anonymous_65)
FNDA:0,(anonymous_66)
FNDA:0,(anonymous_67)
FNDA:1,(anonymous_68)
FNDA:1,(anonymous_69)
FNDA:0,(anonymous_70)
FNDA:0,(anonymous_71)
FNDA:1,(anonymous_72)
FNDA:1,(anonymous_73)
FNDA:1,(anonymous_74)
FNDA:1,(anonymous_75)
FNDA:1,(anonymous_76)
FNDA:3,(anonymous_77)
FNDA:6,(anonymous_78)
FNDA:809,(anonymous_79)
FNDA:21,(anonymous_80)
FNDA:391,(anonymous_81)
FNDA:376,(anonymous_82)
FNDA:188,(anonymous_83)
FNDA:332,(anonymous_84)
FNDA:166,(anonymous_85)
FNDA:4,(anonymous_86)
FNDA:2,(anonymous_87)
FNDA:371,(anonymous_88)
FNDA:27,(anonymous_89)
FNDA:2,(anonymous_90)
FNDA:4,(anonymous_91)
DA:1,3
DA:2,3
DA:4,3
DA:5,3
DA:6,3
DA:7,3
DA:8,3
DA:9,3
DA:10,3
DA:11,3
DA:12,3
DA:13,3
DA:24,3
DA:36,3
DA:43,3
DA:48,3
DA:53,3
DA:68,3
DA:70,3
DA:71,3
DA:72,3
DA:73,3
DA:74,3
DA:75,3
DA:76,3
DA:77,3
DA:78,3
DA:79,3
DA:80,3
DA:81,3
DA:82,3
DA:83,3
DA:84,3
DA:85,3
DA:86,3
DA:87,3
DA:88,3
DA:89,3
DA:90,3
DA:91,3
DA:92,3
DA:93,3
DA:94,3
DA:95,3
DA:97,3
DA:98,3
DA:99,3
DA:100,3
DA:101,3
DA:102,3
DA:109,2056
DA:125,2056
DA:130,2056
DA:152,990
DA:153,990
DA:154,990
DA:155,990
DA:156,990
DA:185,2
DA:228,175
DA:229,175
DA:230,0
DA:231,0
DA:233,0
DA:236,175
DA:237,0
DA:240,175
DA:241,175
DA:242,175
DA:243,175
DA:244,175
DA:246,175
DA:247,1
DA:248,1
DA:249,1
DA:252,174
DA:253,174
DA:254,17
DA:255,17
DA:256,17
DA:257,17
DA:258,17
DA:261,174
DA:262,1
DA:264,173
DA:265,1
DA:269,172
DA:270,8
DA:271,3
DA:272,3
DA:273,3
DA:275,5
DA:276,5
DA:277,5
DA:280,172
DA:281,203
DA:282,31
DA:283,6
DA:286,31
DA:287,24
DA:288,24
DA:289,24
DA:291,7
DA:292,14
DA:293,7
DA:294,7
DA:296,31
DA:297,31
DA:298,6
DA:299,6
DA:300,6
DA:302,25
DA:304,31
DA:305,15
DA:306,4
DA:308,11
DA:310,16
DA:311,3
DA:312,3
DA:313,3
DA:314,3
DA:315,3
DA:316,3
DA:317,3
DA:318,3
DA:319,3
DA:321,13
DA:322,13
DA:323,13
DA:324,13
DA:325,13
DA:326,13
DA:327,13
DA:328,13
DA:331,172
DA:334,172
DA:335,172
DA:336,172
DA:337,172
DA:339,286
DA:340,195
DA:341,91
DA:342,0
DA:343,0
DA:344,0
DA:345,0
DA:347,0
DA:349,0
DA:351,91
DA:354,286
DA:355,286
DA:356,286
DA:357,195
DA:358,2
DA:359,2
DA:361,193
DA:362,193
DA:365,91
DA:366,91
DA:367,88
DA:368,3
DA:369,0
DA:373,286
DA:374,0
DA:375,0
DA:376,286
DA:377,0
DA:378,0
DA:381,172
DA:382,172
DA:383,90
DA:384,90
DA:388,174
DA:389,17
DA:392,174
DA:393,174
DA:403,4
DA:413,8
DA:414,1
DA:416,7
DA:417,1
DA:419,6
DA:420,0
DA:422,6
DA:423,0
DA:425,6
DA:426,2
DA:428,4
DA:429,0
DA:431,4
DA:432,0
DA:434,4
DA:435,1
DA:437,3
DA:438,3
DA:439,3
DA:440,3
DA:441,3
DA:455,3
DA:459,3
DA:460,5
DA:463,3
DA:464,3
DA:466,23
DA:468,15
DA:470,23
DA:474,3
DA:475,3
DA:480,3
DA:490,4
DA:492,4
DA:494,4
DA:497,4
DA:499,1
DA:505,3
DA:507,4
DA:523,2
DA:526,2
DA:529,2
DA:532,2
DA:547,2
DA:550,2
DA:553,1
DA:554,1
DA:555,1
DA:558,2
DA:572,867
DA:575,867
DA:576,867
DA:579,1033
DA:583,867
DA:584,867
DA:585,867
DA:587,867
DA:596,90
DA:597,90
DA:598,90
DA:608,27
DA:609,27
DA:610,27
DA:619,10106
DA:630,61
DA:631,4
DA:632,57
DA:633,4
DA:634,53
DA:643,138
DA:654,69
DA:665,101
DA:676,10253
DA:692,4581
DA:693,106
DA:697,4475
DA:698,55
DA:699,0
DA:701,55
DA:702,0
DA:704,55
DA:705,8
DA:707,47
DA:711,4420
DA:713,81
DA:717,4339
DA:718,57
DA:723,4282
DA:726,4282
DA:727,1
DA:732,4281
DA:733,4281
DA:734,4281
DA:736,4281
DA:737,4376
DA:738,4376
DA:741,4376
DA:742,2
DA:746,4374
DA:747,700
DA:751,3674
DA:752,3373
DA:757,206
DA:760,0
DA:761,0
DA:763,0
DA:765,0
DA:768,0
DA:773,206
DA:785,1631
DA:797,869
DA:809,1863
DA:821,2
DA:833,162
DA:848,67
DA:849,0
DA:851,67
DA:852,0
DA:855,67
DA:856,0
DA:859,67
DA:860,0
DA:861,0
DA:864,0
DA:870,0
DA:873,0
DA:876,0
DA:877,0
DA:880,0
DA:884,67
DA:887,67
DA:888,0
DA:891,67
DA:892,96
DA:893,96
DA:896,96
DA:898,96
DA:899,96
DA:902,96
DA:904,0
DA:905,0
DA:907,0
DA:908,0
DA:909,0
DA:910,0
DA:913,0
DA:914,0
DA:917,0
DA:918,0
DA:920,0
DA:927,0
DA:930,0
DA:933,0
DA:934,0
DA:935,0
DA:936,0
DA:937,0
DA:938,0
DA:940,0
DA:944,0
DA:948,96
DA:950,27
DA:951,27
DA:952,27
DA:953,27
DA:957,0
DA:958,0
DA:960,0
DA:961,0
DA:962,0
DA:963,0
DA:966,0
DA:973,0
DA:976,0
DA:979,0
DA:980,0
DA:981,0
DA:982,0
DA:983,0
DA:984,0
DA:986,0
DA:990,0
DA:995,40
DA:1009,10
DA:1023,2
DA:1037,2
DA:1051,2
DA:1065,2
DA:1076,2
DA:1077,0
DA:1080,2
DA:1091,225
DA:1092,0
DA:1095,225
DA:1107,1435
DA:1108,0
DA:1109,0
DA:1113,1435
DA:1114,0
DA:1118,1435
DA:1119,0
DA:1120,0
DA:1121,0
DA:1125,1435
DA:1126,0
DA:1130,1435
DA:1131,1716
DA:1134,1716
DA:1137,1716
DA:1138,65
DA:1139,65
DA:1140,65
DA:1144,1651
DA:1145,45
DA:1146,45
DA:1150,1606
DA:1151,48
DA:1152,48
DA:1156,1558
DA:1157,1558
DA:1158,1558
DA:1159,0
DA:1165,1342
DA:1166,216
DA:1167,209
DA:1171,1342
DA:1172,0
DA:1176,1342
DA:1177,1342
DA:1178,1342
DA:1180,1342
DA:1181,2226
DA:1182,2226
DA:1185,2226
DA:1186,0
DA:1187,0
DA:1188,0
DA:1192,2226
DA:1193,2226
DA:1194,0
DA:1195,0
DA:1196,0
DA:1197,0
DA:1201,2226
DA:1202,8
DA:1203,8
DA:1204,0
DA:1206,8
DA:1208,8
DA:1209,8
DA:1213,2218
DA:1214,0
DA:1215,0
DA:1216,0
DA:1220,2218
DA:1221,18932
DA:1222,3
DA:1223,3
DA:1224,3
DA:1225,3
DA:1230,2218
DA:1231,3
DA:1232,0
DA:1234,3
DA:1236,3
DA:1237,3
DA:1238,3
DA:1242,2215
DA:1250,47
DA:1251,47
DA:1252,22
DA:1254,25
DA:1256,47
DA:1257,47
DA:1261,2168
DA:1267,389
DA:1268,389
DA:1270,0
DA:1272,389
DA:1273,389
DA:1274,389
DA:1278,1779
DA:1283,443
DA:1284,443
DA:1287,443
DA:1288,443
DA:1289,381
DA:1291,62
DA:1294,443
DA:1295,44
DA:1296,44
DA:1298,443
DA:1299,443
DA:1303,1336
DA:1305,204
DA:1306,0
DA:1307,0
DA:1309,0
DA:1312,0
DA:1313,0
DA:1315,0
DA:1318,0
DA:1319,0
DA:1320,0
DA:1324,204
DA:1325,0
DA:1326,0
DA:1328,0
DA:1331,0
DA:1332,0
DA:1334,0
DA:1337,0
DA:1338,0
DA:1339,0
DA:1345,1342
DA:1346,0
DA:1349,1342
DA:1360,164
DA:1361,3
DA:1363,161
DA:1364,6
DA:1367,155
DA:1368,155
DA:1369,155
DA:1370,1
DA:1371,1
DA:1372,0
DA:1374,1
DA:1378,154
DA:1379,2
DA:1383,152
DA:1384,1
DA:1386,151
DA:1387,3
DA:1389,148
DA:1390,6
DA:1396,142
DA:1398,129
DA:1402,13
DA:1403,13
DA:1406,13
DA:1408,5
DA:1412,8
DA:1414,8
DA:1416,1
DA:1418,7
DA:1420,7
DA:1421,7
DA:1422,7
DA:1424,7
DA:1426,7
DA:1427,7
DA:1430,7
DA:1431,0
DA:1435,7
DA:1437,7
DA:1438,7
DA:1442,0
DA:1445,0
DA:1446,0
DA:1449,0
DA:1451,0
DA:1452,0
DA:1457,0
DA:1468,60
DA:1469,13
DA:1471,47
DA:1472,3
DA:1474,44
DA:1475,0
DA:1478,44
DA:1479,0
DA:1481,44
DA:1482,0
DA:1486,44
DA:1487,0
DA:1489,44
DA:1490,0
DA:1492,44
DA:1493,0
DA:1496,44
DA:1497,44
DA:1498,0
DA:1500,44
DA:1501,44
DA:1502,44
DA:1505,44
DA:1507,0
DA:1508,0
DA:1509,0
DA:1513,44
DA:1515,41
DA:1516,41
DA:1520,3
DA:1522,3
DA:1524,0
DA:1525,0
DA:1527,3
DA:1529,3
DA:1530,3
DA:1531,3
DA:1533,3
DA:1535,3
DA:1536,3
DA:1539,3
DA:1540,0
DA:1541,0
DA:1542,0
DA:1546,3
DA:1549,3
DA:1550,3
DA:1551,3
DA:1555,0
DA:1558,0
DA:1559,0
DA:1560,0
DA:1561,0
DA:1565,0
DA:1569,0
DA:1570,0
DA:1575,0
DA:1578,0
DA:1581,0
DA:1582,0
DA:1583,0
DA:1589,0
DA:1590,0
DA:1591,0
DA:1601,91
DA:1603,91
DA:1604,8
DA:1606,83
DA:1607,7
DA:1609,76
DA:1610,6
DA:1612,70
DA:1613,3
DA:1615,67
DA:1616,10
DA:1618,57
DA:1619,7
DA:1621,50
DA:1622,0
DA:1624,50
DA:1625,0
DA:1627,50
DA:1628,50
DA:1629,31
DA:1630,19
DA:1643,135
DA:1646,135
DA:1647,6
DA:1650,129
DA:1651,1
DA:1657,128
DA:1660,11
DA:1663,117
DA:1664,2
DA:1667,115
DA:1668,18
DA:1671,97
DA:1672,8
DA:1675,89
DA:1676,4
DA:1679,85
DA:1680,2
DA:1685,83
DA:1686,0
DA:1689,83
DA:1690,83
DA:1691,67
DA:1695,16
DA:1698,16
DA:1699,16
DA:1701,16
DA:1712,15
DA:1713,4
DA:1715,11
DA:1716,2
DA:1718,9
DA:1733,10
DA:1734,1
DA:1736,9
DA:1737,1
DA:1739,8
DA:1740,1
DA:1742,7
DA:1743,0
DA:1745,7
DA:1757,8
DA:1758,8
DA:1759,0
DA:1760,8
DA:1761,0
DA:1762,8
DA:1763,0
DA:1765,8
DA:1766,8
DA:1767,4
DA:1768,1
DA:1769,1
DA:1770,1
DA:1771,1
DA:1772,1
DA:1773,1
DA:1774,1
DA:1775,1
DA:1776,1
DA:1777,1
DA:1778,0
DA:1779,1
DA:1780,1
DA:1781,1
DA:1782,1
DA:1783,1
DA:1784,1
DA:1785,0
DA:1786,1
DA:1787,1
DA:1788,1
DA:1789,1
DA:1790,1
DA:1791,1
DA:1792,1
DA:1793,1
DA:1794,1
DA:1795,1
DA:1798,4
DA:1810,14
DA:1812,14
DA:1813,2
DA:1815,12
DA:1816,12
DA:1818,0
DA:1819,0
DA:1820,0
DA:1821,0
DA:1822,0
DA:1823,0
DA:1824,0
DA:1825,0
DA:1835,83
DA:1836,5
DA:1838,78
DA:1839,5
DA:1841,73
DA:1842,4
DA:1844,69
DA:1845,0
DA:1846,0
DA:1848,0
DA:1851,69
DA:1852,0
DA:1854,69
DA:1855,0
DA:1857,69
DA:1858,1
DA:1860,68
DA:1861,0
DA:1863,68
DA:1864,51
DA:1867,17
DA:1868,2
DA:1870,15
DA:1871,15
DA:1872,8
DA:1874,7
DA:1886,58
DA:1887,51
DA:1890,58
DA:1891,52
DA:1892,52
DA:1893,52
DA:1896,6
DA:1905,7
DA:1914,6
DA:1923,5
DA:1933,21
DA:1934,0
DA:1936,21
DA:1937,0
DA:1939,21
DA:1940,0
DA:1942,21
DA:1943,2
DA:1945,19
DA:1946,2
DA:1948,17
DA:1949,0
DA:1951,17
DA:1952,3
DA:1954,14
DA:1955,0
DA:1957,14
DA:1966,137
DA:1967,3
DA:1969,134
DA:1970,3
DA:1972,131
DA:1973,60
DA:1975,71
DA:1976,71
DA:1977,0
DA:1979,71
DA:1980,0
DA:1982,71
DA:1983,71
DA:1993,19
DA:2002,7
DA:2019,0
DA:2020,0
DA:2022,0
DA:2023,0
DA:2024,0
DA:2026,0
DA:2027,0
DA:2029,0
DA:2032,0
DA:2033,0
DA:2034,0
DA:2036,0
DA:2037,0
DA:2038,0
DA:2039,0
DA:2040,0
DA:2041,0
DA:2043,0
DA:2044,0
DA:2045,0
DA:2046,0
DA:2048,0
DA:2062,3
DA:2063,3
DA:2064,0
DA:2066,3
DA:2067,0
DA:2069,3
DA:2070,3
DA:2071,0
DA:2073,3
DA:2074,0
DA:2075,0
DA:2078,3
DA:2079,0
DA:2081,3
DA:2084,0
DA:2085,0
DA:2087,0
DA:2088,0
DA:2090,0
DA:2091,0
DA:2093,0
DA:2107,6
DA:2108,6
DA:2109,1
DA:2112,6
DA:2113,0
DA:2116,6
DA:2117,0
DA:2118,0
DA:2121,0
DA:2122,0
DA:2125,6
DA:2126,0
DA:2128,6
DA:2129,0
DA:2130,0
DA:2132,0
DA:2133,0
DA:2135,0
DA:2138,6
DA:2139,0
DA:2140,0
DA:2141,0
DA:2144,6
DA:2145,0
DA:2147,6
DA:2148,1
DA:2150,5
DA:2151,1
DA:2153,4
DA:2154,0
DA:2156,4
DA:2157,3
DA:2158,2
DA:2159,1
DA:2160,0
DA:2163,2
DA:2164,2
DA:2165,0
DA:2167,2
DA:2168,0
DA:2169,0
DA:2170,0
DA:2173,0
DA:2174,0
DA:2175,0
DA:2176,0
DA:2180,2
DA:2181,2
DA:2182,2
DA:2183,2
DA:2187,2
DA:2188,5
DA:2189,5
DA:2190,5
DA:2191,0
DA:2192,0
DA:2194,5
DA:2195,5
DA:2198,0
DA:2199,0
DA:2200,0
DA:2201,0
DA:2203,0
DA:2204,0
DA:2208,2
DA:2209,0
DA:2211,2
DA:2212,2
DA:2214,2
DA:2226,4
DA:2227,0
DA:2229,4
DA:2230,0
DA:2232,4
DA:2233,0
DA:2235,4
DA:2236,0
DA:2238,4
DA:2239,1
DA:2241,3
DA:2242,0
DA:2244,3
DA:2245,0
DA:2246,0
DA:2247,0
DA:2248,0
DA:2249,0
DA:2252,3
DA:2254,3
DA:2255,0
DA:2256,0
DA:2257,0
DA:2260,3
DA:2261,0
DA:2262,0
DA:2263,0
DA:2264,0
DA:2266,0
DA:2269,3
DA:2270,3
DA:2271,3
DA:2272,0
DA:2273,0
DA:2274,0
DA:2277,3
DA:2278,9
DA:2279,0
DA:2280,0
DA:2282,9
DA:2283,3
DA:2286,6
DA:2287,6
DA:2291,0
DA:2292,0
DA:2296,0
DA:2309,1
DA:2322,1
DA:2324,1
DA:2325,0
DA:2327,1
DA:2328,0
DA:2330,1
DA:2331,0
DA:2333,1
DA:2334,0
DA:2335,0
DA:2338,1
DA:2339,1
DA:2362,3
DA:2364,3
DA:2365,0
DA:2367,3
DA:2368,2
DA:2370,1
DA:2371,1
DA:2373,0
DA:2374,0
DA:2377,0
DA:2378,0
DA:2379,0
DA:2381,0
DA:2382,0
DA:2384,0
DA:2385,0
DA:2386,0
DA:2388,0
DA:2391,0
DA:2392,0
DA:2394,0
DA:2395,0
DA:2397,0
DA:2398,0
DA:2401,0
DA:2402,0
DA:2403,0
DA:2404,0
DA:2407,0
DA:2408,0
DA:2409,0
DA:2411,0
DA:2412,0
DA:2414,0
DA:2415,0
DA:2416,0
DA:2417,0
DA:2418,0
DA:2420,0
DA:2421,0
DA:2424,0
DA:2427,0
DA:2428,0
DA:2429,0
DA:2432,0
DA:2433,0
DA:2434,0
DA:2435,0
DA:2438,0
DA:2439,0
DA:2440,0
DA:2441,0
DA:2443,0
DA:2444,0
DA:2445,0
DA:2446,0
DA:2450,0
DA:2451,0
DA:2453,0
DA:2454,0
DA:2455,0
DA:2476,1
DA:2477,0
DA:2478,1
DA:2479,0
DA:2481,1
DA:2501,1
DA:2502,0
DA:2503,1
DA:2504,0
DA:2506,1
DA:2524,1
DA:2526,1
DA:2527,0
DA:2529,1
DA:2530,0
DA:2532,1
DA:2533,0
DA:2535,1
DA:2536,1
DA:2539,0
DA:2540,0
DA:2541,0
DA:2542,0
DA:2543,0
DA:2546,0
DA:2547,0
DA:2548,0
DA:2549,0
DA:2550,0
DA:2551,0
DA:2554,0
DA:2555,0
DA:2580,1
DA:2581,1
DA:2607,1
DA:2608,1
DA:2609,1
DA:2610,1
DA:2628,1
DA:2646,1
DA:2647,1
DA:2657,3
DA:2666,6
DA:2667,1
DA:2670,5
DA:2685,809
DA:2686,7
DA:2687,802
DA:2688,69
DA:2689,733
DA:2690,0
DA:2691,733
DA:2700,21
DA:2701,2
DA:2703,19
DA:2704,1
DA:2706,18
DA:2707,2
DA:2709,16
DA:2710,16
DA:2711,0
DA:2712,0
DA:2713,16
DA:2714,0
DA:2715,0
DA:2716,0
DA:2717,0
DA:2718,0
DA:2721,16
DA:2722,16
DA:2723,16
DA:2724,1
DA:2725,0
DA:2726,0
DA:2728,16
DA:2742,391
DA:2743,391
DA:2745,391
DA:2750,376
DA:2751,22
DA:2754,332
DA:2755,154
DA:2758,12
DA:2761,12
DA:2762,4
DA:2763,11
DA:2764,11
DA:2769,1
DA:2771,1
DA:2774,1
DA:2776,0
DA:2781,215
DA:2803,371
DA:2806,371
DA:2807,244
DA:2809,137
DA:2813,107
DA:2818,127
DA:2820,68
DA:2824,59
DA:2825,59
DA:2827,59
DA:2831,0
DA:2835,127
DA:2846,27
DA:2847,8
DA:2848,19
DA:2859,2
DA:2860,0
DA:2861,2
DA:2872,4
DA:2873,0
DA:2874,4
LF:1131
LH:753
BRDA:154,0,0,97
BRDA:154,0,1,893
BRDA:229,1,0,0
BRDA:229,2,0,175
BRDA:229,2,1,175
BRDA:236,3,0,0
BRDA:246,4,0,1
BRDA:253,5,0,17
BRDA:253,6,0,174
BRDA:253,6,1,157
BRDA:256,7,0,17
BRDA:256,7,1,0
BRDA:261,8,0,1
BRDA:261,8,1,173
BRDA:264,9,0,1
BRDA:264,9,1,172
BRDA:269,10,0,8
BRDA:270,11,0,3
BRDA:270,11,1,5
BRDA:281,12,0,31
BRDA:281,12,1,172
BRDA:282,13,0,6
BRDA:286,14,0,24
BRDA:286,14,1,7
BRDA:293,15,0,0
BRDA:297,16,0,6
BRDA:297,16,1,25
BRDA:304,17,0,15
BRDA:304,17,1,16
BRDA:304,18,0,31
BRDA:304,18,1,24
BRDA:305,19,0,4
BRDA:305,19,1,11
BRDA:305,20,0,15
BRDA:305,20,1,7
BRDA:305,20,2,7
BRDA:310,21,0,3
BRDA:310,21,1,13
BRDA:310,22,0,16
BRDA:310,22,1,9
BRDA:311,23,0,0
BRDA:311,23,1,3
BRDA:311,24,0,3
BRDA:311,24,1,0
BRDA:311,24,2,0
BRDA:313,25,0,0
BRDA:314,26,0,0
BRDA:316,27,0,0
BRDA:316,28,0,3
BRDA:316,28,1,0
BRDA:316,28,2,0
BRDA:318,29,0,0
BRDA:318,29,1,3
BRDA:323,30,0,0
BRDA:327,31,0,0
BRDA:327,31,1,13
BRDA:339,32,0,195
BRDA:339,32,1,91
BRDA:339,33,0,286
BRDA:339,33,1,195
BRDA:341,34,0,0
BRDA:341,34,1,91
BRDA:342,35,0,0
BRDA:342,35,1,0
BRDA:344,36,0,0
BRDA:344,36,1,0
BRDA:344,37,0,0
BRDA:344,37,1,0
BRDA:355,38,0,231
BRDA:355,38,1,55
BRDA:356,39,0,195
BRDA:356,39,1,91
BRDA:357,40,0,2
BRDA:357,40,1,193
BRDA:361,41,0,193
BRDA:365,42,0,0
BRDA:365,42,1,91
BRDA:365,43,0,82
BRDA:365,43,1,9
BRDA:366,44,0,88
BRDA:366,44,1,3
BRDA:368,45,0,0
BRDA:368,46,0,3
BRDA:368,46,1,3
BRDA:373,47,0,0
BRDA:373,47,1,286
BRDA:373,48,0,286
BRDA:373,48,1,72
BRDA:376,49,0,0
BRDA:382,50,0,90
BRDA:383,51,0,0
BRDA:383,51,1,90
BRDA:383,52,0,90
BRDA:383,52,1,0
BRDA:383,52,2,0
BRDA:388,53,0,17
BRDA:413,54,0,1
BRDA:416,55,0,1
BRDA:419,56,0,0
BRDA:422,57,0,0
BRDA:425,58,0,2
BRDA:425,59,0,6
BRDA:425,59,1,6
BRDA:425,59,2,5
BRDA:428,60,0,0
BRDA:431,61,0,0
BRDA:434,62,0,1
BRDA:438,63,0,3
BRDA:438,63,1,0
BRDA:439,64,0,3
BRDA:439,64,1,0
BRDA:439,65,0,0
BRDA:439,65,1,3
BRDA:440,66,0,3
BRDA:440,66,1,0
BRDA:466,67,0,8
BRDA:466,67,1,15
BRDA:492,68,0,1
BRDA:492,68,1,3
BRDA:494,69,0,1
BRDA:494,69,1,3
BRDA:497,70,0,1
BRDA:497,70,1,3
BRDA:608,71,0,0
BRDA:608,71,1,27
BRDA:630,72,0,4
BRDA:632,73,0,4
BRDA:654,74,0,69
BRDA:654,74,1,57
BRDA:665,75,0,101
BRDA:665,75,1,56
BRDA:692,76,0,106
BRDA:692,77,0,4581
BRDA:692,77,1,4481
BRDA:697,78,0,55
BRDA:697,79,0,4475
BRDA:697,79,1,4430
BRDA:698,80,0,0
BRDA:698,81,0,55
BRDA:698,81,1,39
BRDA:701,82,0,0
BRDA:701,83,0,55
BRDA:701,83,1,6
BRDA:704,84,0,8
BRDA:704,85,0,55
BRDA:704,85,1,45
BRDA:705,86,0,8
BRDA:705,86,1,0
BRDA:707,87,0,37
BRDA:707,87,1,10
BRDA:711,88,0,81
BRDA:711,89,0,4420
BRDA:711,89,1,3778
BRDA:711,89,2,125
BRDA:711,89,3,119
BRDA:717,90,0,57
BRDA:726,91,0,1
BRDA:727,92,0,1
BRDA:727,92,1,0
BRDA:741,93,0,2
BRDA:742,94,0,2
BRDA:742,94,1,0
BRDA:746,95,0,700
BRDA:747,96,0,436
BRDA:747,96,1,264
BRDA:751,97,0,3373
BRDA:752,98,0,1795
BRDA:752,98,1,1578
BRDA:757,99,0,0
BRDA:760,100,0,0
BRDA:760,100,1,0
BRDA:763,101,0,0
BRDA:763,101,1,0
BRDA:763,102,0,0
BRDA:763,102,1,0
BRDA:765,103,0,0
BRDA:765,103,1,0
BRDA:768,104,0,0
BRDA:768,104,1,0
BRDA:846,105,0,0
BRDA:848,106,0,0
BRDA:848,107,0,67
BRDA:848,107,1,67
BRDA:848,107,2,67
BRDA:851,108,0,0
BRDA:855,109,0,0
BRDA:859,110,0,0
BRDA:860,111,0,0
BRDA:860,111,1,0
BRDA:861,112,0,0
BRDA:861,112,1,0
BRDA:864,113,0,0
BRDA:864,114,0,0
BRDA:864,114,1,0
BRDA:864,114,2,0
BRDA:864,114,3,0
BRDA:864,114,4,0
BRDA:864,114,5,0
BRDA:877,115,0,0
BRDA:877,115,1,0
BRDA:887,116,0,0
BRDA:896,117,0,0
BRDA:896,118,0,96
BRDA:896,118,1,96
BRDA:902,119,0,0
BRDA:904,120,0,0
BRDA:907,121,0,0
BRDA:907,121,1,0
BRDA:908,122,0,0
BRDA:908,122,1,0
BRDA:913,123,0,0
BRDA:917,124,0,0
BRDA:920,125,0,0
BRDA:920,126,0,0
BRDA:920,126,1,0
BRDA:920,126,2,0
BRDA:920,126,3,0
BRDA:920,126,4,0
BRDA:920,126,5,0
BRDA:920,126,6,0
BRDA:933,127,0,0
BRDA:933,127,1,0
BRDA:935,128,0,0
BRDA:935,128,1,0
BRDA:935,129,0,0
BRDA:935,129,1,0
BRDA:937,130,0,0
BRDA:937,130,1,0
BRDA:948,131,0,27
BRDA:950,132,0,27
BRDA:957,133,0,0
BRDA:960,134,0,0
BRDA:960,134,1,0
BRDA:961,135,0,0
BRDA:961,135,1,0
BRDA:966,136,0,0
BRDA:966,137,0,0
BRDA:966,137,1,0
BRDA:966,137,2,0
BRDA:966,137,3,0
BRDA:966,137,4,0
BRDA:966,137,5,0
BRDA:966,137,6,0
BRDA:979,138,0,0
BRDA:979,138,1,0
BRDA:981,139,0,0
BRDA:981,139,1,0
BRDA:981,140,0,0
BRDA:981,140,1,0
BRDA:983,141,0,0
BRDA:983,141,1,0
BRDA:1008,142,0,0
BRDA:1009,143,0,5
BRDA:1009,143,1,5
BRDA:1022,144,0,0
BRDA:1036,145,0,0
BRDA:1050,146,0,0
BRDA:1064,147,0,0
BRDA:1076,148,0,0
BRDA:1077,149,0,0
BRDA:1077,149,1,0
BRDA:1080,150,0,1
BRDA:1080,150,1,1
BRDA:1091,151,0,0
BRDA:1092,152,0,0
BRDA:1092,152,1,0
BRDA:1095,153,0,126
BRDA:1095,153,1,99
BRDA:1107,154,0,0
BRDA:1107,155,0,1435
BRDA:1107,155,1,1435
BRDA:1113,156,0,0
BRDA:1113,157,0,1435
BRDA:1113,157,1,117
BRDA:1114,158,0,0
BRDA:1114,158,1,0
BRDA:1114,159,0,0
BRDA:1114,159,1,0
BRDA:1118,160,0,0
BRDA:1125,161,0,0
BRDA:1134,162,0,0
BRDA:1134,163,0,1716
BRDA:1134,163,1,1716
BRDA:1137,164,0,65
BRDA:1137,165,0,1716
BRDA:1137,165,1,1709
BRDA:1137,165,2,278
BRDA:1144,166,0,45
BRDA:1144,167,0,1651
BRDA:1144,167,1,1651
BRDA:1144,167,2,1651
BRDA:1150,168,0,48
BRDA:1150,169,0,1606
BRDA:1150,169,1,1606
BRDA:1150,169,2,1606
BRDA:1156,170,0,0
BRDA:1157,171,0,0
BRDA:1158,172,0,0
BRDA:1158,173,0,1558
BRDA:1158,173,1,1551
BRDA:1158,173,2,213
BRDA:1166,174,0,7
BRDA:1171,175,0,0
BRDA:1180,176,0,3568
BRDA:1180,176,1,2234
BRDA:1185,177,0,0
BRDA:1193,178,0,0
BRDA:1201,179,0,8
BRDA:1201,180,0,2226
BRDA:1201,180,1,305
BRDA:1201,180,2,8
BRDA:1201,180,3,8
BRDA:1203,181,0,0
BRDA:1203,181,1,8
BRDA:1213,182,0,0
BRDA:1213,183,0,2218
BRDA:1213,183,1,1658
BRDA:1213,183,2,1658
BRDA:1221,184,0,3
BRDA:1221,185,0,18932
BRDA:1221,185,1,16653
BRDA:1230,186,0,3
BRDA:1230,187,0,2218
BRDA:1230,187,1,2218
BRDA:1230,187,2,2218
BRDA:1231,188,0,0
BRDA:1231,188,1,3
BRDA:1231,189,0,3
BRDA:1231,189,1,0
BRDA:1231,189,2,0
BRDA:1242,190,0,47
BRDA:1242,191,0,2215
BRDA:1242,191,1,1064
BRDA:1242,191,2,1064
BRDA:1242,191,3,1064
BRDA:1242,191,4,873
BRDA:1242,191,5,73
BRDA:1242,191,6,47
BRDA:1251,192,0,22
BRDA:1251,192,1,25
BRDA:1261,193,0,389
BRDA:1261,194,0,2168
BRDA:1261,194,1,1017
BRDA:1261,194,2,1017
BRDA:1261,194,3,1017
BRDA:1261,194,4,389
BRDA:1267,195,0,389
BRDA:1267,195,1,0
BRDA:1278,196,0,443
BRDA:1278,197,0,1779
BRDA:1278,197,1,628
BRDA:1278,197,2,628
BRDA:1278,197,3,628
BRDA:1278,197,4,206
BRDA:1283,198,0,443
BRDA:1288,199,0,381
BRDA:1288,199,1,62
BRDA:1294,200,0,44
BRDA:1305,201,0,0
BRDA:1306,202,0,0
BRDA:1306,202,1,0
BRDA:1306,203,0,0
BRDA:1306,203,1,0
BRDA:1312,204,0,0
BRDA:1312,204,1,0
BRDA:1312,205,0,0
BRDA:1312,205,1,0
BRDA:1324,206,0,0
BRDA:1325,207,0,0
BRDA:1325,207,1,0
BRDA:1325,208,0,0
BRDA:1325,208,1,0
BRDA:1331,209,0,0
BRDA:1331,209,1,0
BRDA:1331,210,0,0
BRDA:1331,210,1,0
BRDA:1345,211,0,0
BRDA:1360,212,0,3
BRDA:1360,213,0,164
BRDA:1360,213,1,162
BRDA:1363,214,0,6
BRDA:1363,215,0,161
BRDA:1363,215,1,156
BRDA:1369,216,0,1
BRDA:1370,217,0,1
BRDA:1371,218,0,0
BRDA:1371,218,1,1
BRDA:1378,219,0,2
BRDA:1383,220,0,1
BRDA:1383,221,0,152
BRDA:1383,221,1,4
BRDA:1386,222,0,3
BRDA:1389,223,0,6
BRDA:1396,224,0,129
BRDA:1396,225,0,142
BRDA:1396,225,1,129
BRDA:1402,226,0,5
BRDA:1402,226,1,8
BRDA:1403,227,0,5
BRDA:1403,227,1,8
BRDA:1406,228,0,5
BRDA:1406,229,0,13
BRDA:1406,229,1,12
BRDA:1414,230,0,1
BRDA:1414,230,1,7
BRDA:1418,231,0,7
BRDA:1424,232,0,7
BRDA:1424,232,1,0
BRDA:1430,233,0,0
BRDA:1445,234,0,0
BRDA:1468,235,0,13
BRDA:1471,236,0,3
BRDA:1474,237,0,0
BRDA:1474,238,0,44
BRDA:1474,238,1,44
BRDA:1478,239,0,0
BRDA:1481,240,0,0
BRDA:1486,241,0,0
BRDA:1486,242,0,44
BRDA:1486,242,1,0
BRDA:1489,243,0,0
BRDA:1492,244,0,0
BRDA:1497,245,0,0
BRDA:1500,246,0,35
BRDA:1500,246,1,9
BRDA:1501,247,0,35
BRDA:1501,247,1,9
BRDA:1502,248,0,35
BRDA:1502,248,1,9
BRDA:1505,249,0,0
BRDA:1505,250,0,44
BRDA:1505,250,1,44
BRDA:1513,251,0,41
BRDA:1513,252,0,44
BRDA:1513,252,1,41
BRDA:1522,253,0,0
BRDA:1522,253,1,3
BRDA:1527,254,0,3
BRDA:1533,255,0,3
BRDA:1533,255,1,0
BRDA:1539,256,0,0
BRDA:1558,257,0,0
BRDA:1565,258,0,0
BRDA:1565,258,1,0
BRDA:1569,259,0,0
BRDA:1603,260,0,8
BRDA:1606,261,0,7
BRDA:1609,262,0,6
BRDA:1609,263,0,76
BRDA:1609,263,1,75
BRDA:1609,263,2,71
BRDA:1609,263,3,4
BRDA:1609,263,4,70
BRDA:1609,263,5,7
BRDA:1612,264,0,3
BRDA:1615,265,0,10
BRDA:1618,266,0,7
BRDA:1621,267,0,0
BRDA:1624,268,0,0
BRDA:1628,269,0,31
BRDA:1646,270,0,6
BRDA:1650,271,0,1
BRDA:1657,272,0,11
BRDA:1657,273,0,128
BRDA:1657,273,1,121
BRDA:1657,273,2,119
BRDA:1657,273,3,5
BRDA:1657,273,4,118
BRDA:1657,273,5,5
BRDA:1663,274,0,2
BRDA:1667,275,0,18
BRDA:1671,276,0,8
BRDA:1675,277,0,4
BRDA:1679,278,0,2
BRDA:1685,279,0,0
BRDA:1686,280,0,0
BRDA:1686,280,1,0
BRDA:1690,281,0,67
BRDA:1701,282,0,7
BRDA:1701,282,1,9
BRDA:1712,283,0,4
BRDA:1712,284,0,15
BRDA:1712,284,1,13
BRDA:1715,285,0,2
BRDA:1733,286,0,1
BRDA:1733,287,0,10
BRDA:1733,287,1,10
BRDA:1736,288,0,1
BRDA:1739,289,0,1
BRDA:1742,290,0,0
BRDA:1758,291,0,0
BRDA:1760,292,0,0
BRDA:1762,293,0,0
BRDA:1766,294,0,4
BRDA:1767,295,0,3
BRDA:1777,296,0,0
BRDA:1784,297,0,0
BRDA:1812,298,0,2
BRDA:1812,299,0,14
BRDA:1812,299,1,13
BRDA:1815,300,0,12
BRDA:1820,301,0,0
BRDA:1821,302,0,0
BRDA:1822,303,0,0
BRDA:1823,304,0,0
BRDA:1824,305,0,0
BRDA:1835,306,0,5
BRDA:1838,307,0,5
BRDA:1841,308,0,4
BRDA:1844,309,0,0
BRDA:1844,310,0,69
BRDA:1844,310,1,0
BRDA:1845,311,0,0
BRDA:1851,312,0,0
BRDA:1854,313,0,0
BRDA:1857,314,0,1
BRDA:1860,315,0,0
BRDA:1863,316,0,51
BRDA:1867,317,0,2
BRDA:1871,318,0,8
BRDA:1886,319,0,51
BRDA:1890,320,0,52
BRDA:1891,321,0,52
BRDA:1891,321,1,0
BRDA:1933,322,0,0
BRDA:1936,323,0,0
BRDA:1939,324,0,0
BRDA:1942,325,0,2
BRDA:1942,326,0,21
BRDA:1942,326,1,4
BRDA:1942,326,2,4
BRDA:1945,327,0,2
BRDA:1948,328,0,0
BRDA:1951,329,0,3
BRDA:1954,330,0,0
BRDA:1955,331,0,0
BRDA:1955,331,1,0
BRDA:1966,332,0,3
BRDA:1969,333,0,3
BRDA:1972,334,0,60
BRDA:1975,335,0,0
BRDA:1975,335,1,71
BRDA:1976,336,0,0
BRDA:1979,337,0,0
BRDA:1992,338,0,6
BRDA:2017,339,0,0
BRDA:2017,340,0,0
BRDA:2019,341,0,0
BRDA:2022,342,0,0
BRDA:2022,342,1,0
BRDA:2023,343,0,0
BRDA:2026,344,0,0
BRDA:2032,345,0,0
BRDA:2040,346,0,0
BRDA:2044,347,0,0
BRDA:2061,348,0,3
BRDA:2063,349,0,0
BRDA:2066,350,0,0
BRDA:2069,351,0,3
BRDA:2069,351,1,0
BRDA:2070,352,0,0
BRDA:2073,353,0,0
BRDA:2078,354,0,0
BRDA:2084,355,0,0
BRDA:2087,356,0,0
BRDA:2090,357,0,0
BRDA:2106,358,0,5
BRDA:2108,359,0,1
BRDA:2112,360,0,0
BRDA:2112,361,0,6
BRDA:2112,361,1,6
BRDA:2112,361,2,6
BRDA:2116,362,0,0
BRDA:2116,363,0,6
BRDA:2116,363,1,0
BRDA:2117,364,0,0
BRDA:2125,365,0,0
BRDA:2128,366,0,0
BRDA:2129,367,0,0
BRDA:2132,368,0,0
BRDA:2138,369,0,0
BRDA:2139,370,0,0
BRDA:2144,371,0,0
BRDA:2147,372,0,1
BRDA:2150,373,0,1
BRDA:2153,374,0,0
BRDA:2156,375,0,3
BRDA:2157,376,0,2
BRDA:2159,377,0,0
BRDA:2164,378,0,0
BRDA:2167,379,0,0
BRDA:2167,380,0,2
BRDA:2167,380,1,2
BRDA:2168,381,0,0
BRDA:2174,382,0,0
BRDA:2174,382,1,0
BRDA:2187,383,0,7
BRDA:2187,383,1,5
BRDA:2187,383,2,5
BRDA:2188,384,0,5
BRDA:2188,384,1,0
BRDA:2190,385,0,0
BRDA:2199,386,0,0
BRDA:2208,387,0,0
BRDA:2208,388,0,2
BRDA:2208,388,1,2
BRDA:2211,389,0,2
BRDA:2211,389,1,1
BRDA:2225,390,0,0
BRDA:2226,391,0,0
BRDA:2226,392,0,4
BRDA:2226,392,1,4
BRDA:2226,392,2,4
BRDA:2226,392,3,0
BRDA:2229,393,0,0
BRDA:2232,394,0,0
BRDA:2235,395,0,0
BRDA:2238,396,0,1
BRDA:2241,397,0,0
BRDA:2244,398,0,0
BRDA:2246,399,0,0
BRDA:2248,400,0,0
BRDA:2254,401,0,0
BRDA:2255,402,0,0
BRDA:2260,403,0,0
BRDA:2261,404,0,0
BRDA:2270,405,0,3
BRDA:2270,405,1,3
BRDA:2270,406,0,3
BRDA:2270,406,1,3
BRDA:2271,407,0,0
BRDA:2278,408,0,0
BRDA:2278,408,1,9
BRDA:2282,409,0,3
BRDA:2282,409,1,6
BRDA:2291,410,0,0
BRDA:2308,411,0,1
BRDA:2308,412,0,1
BRDA:2324,413,0,0
BRDA:2327,414,0,0
BRDA:2330,415,0,0
BRDA:2333,416,0,0
BRDA:2364,417,0,0
BRDA:2364,418,0,3
BRDA:2364,418,1,3
BRDA:2367,419,0,2
BRDA:2370,420,0,1
BRDA:2373,421,0,0
BRDA:2377,422,0,0
BRDA:2378,423,0,0
BRDA:2378,424,0,0
BRDA:2378,424,1,0
BRDA:2381,425,0,0
BRDA:2384,426,0,0
BRDA:2385,427,0,0
BRDA:2391,428,0,0
BRDA:2394,429,0,0
BRDA:2397,430,0,0
BRDA:2401,431,0,0
BRDA:2408,432,0,0
BRDA:2411,433,0,0
BRDA:2414,434,0,0
BRDA:2414,435,0,0
BRDA:2414,435,1,0
BRDA:2415,436,0,0
BRDA:2415,436,1,0
BRDA:2420,437,0,0
BRDA:2420,437,1,0
BRDA:2428,438,0,0
BRDA:2428,438,1,0
BRDA:2432,439,0,0
BRDA:2443,440,0,0
BRDA:2443,440,1,0
BRDA:2443,440,2,0
BRDA:2444,441,0,0
BRDA:2450,442,0,0
BRDA:2453,443,0,0
BRDA:2453,443,1,0
BRDA:2476,444,0,0
BRDA:2477,445,0,0
BRDA:2477,445,1,0
BRDA:2478,446,0,0
BRDA:2501,447,0,0
BRDA:2503,448,0,0
BRDA:2526,449,0,0
BRDA:2526,450,0,1
BRDA:2526,450,1,1
BRDA:2529,451,0,0
BRDA:2532,452,0,0
BRDA:2535,453,0,1
BRDA:2539,454,0,0
BRDA:2548,455,0,0
BRDA:2548,455,1,0
BRDA:2549,456,0,0
BRDA:2666,457,0,1
BRDA:2685,458,0,7
BRDA:2687,459,0,69
BRDA:2689,460,0,0
BRDA:2689,461,0,733
BRDA:2689,461,1,0
BRDA:2700,462,0,2
BRDA:2703,463,0,1
BRDA:2706,464,0,2
BRDA:2710,465,0,16
BRDA:2710,465,1,0
BRDA:2711,466,0,0
BRDA:2711,466,1,0
BRDA:2713,467,0,0
BRDA:2713,468,0,16
BRDA:2713,468,1,16
BRDA:2713,468,2,1
BRDA:2713,468,3,1
BRDA:2716,469,0,0
BRDA:2716,469,1,0
BRDA:2716,470,0,0
BRDA:2716,470,1,0
BRDA:2716,471,0,0
BRDA:2716,471,1,0
BRDA:2717,472,0,0
BRDA:2717,472,1,0
BRDA:2723,473,0,15
BRDA:2723,473,1,1
BRDA:2724,474,0,1
BRDA:2724,474,1,0
BRDA:2725,475,0,0
BRDA:2725,475,1,0
BRDA:2750,476,0,22
BRDA:2750,477,0,188
BRDA:2750,477,1,184
BRDA:2754,478,0,154
BRDA:2754,479,0,166
BRDA:2754,479,1,155
BRDA:2761,480,0,11
BRDA:2761,481,0,12
BRDA:2761,481,1,2
BRDA:2762,482,0,2
BRDA:2762,482,1,1
BRDA:2769,483,0,1
BRDA:2769,484,0,1
BRDA:2769,484,1,0
BRDA:2769,484,2,0
BRDA:2774,485,0,0
BRDA:2774,486,0,1
BRDA:2774,486,1,1
BRDA:2774,486,2,0
BRDA:2781,487,0,32
BRDA:2781,487,1,183
BRDA:2781,488,0,215
BRDA:2781,488,1,40
BRDA:2806,489,0,244
BRDA:2807,490,0,137
BRDA:2807,490,1,107
BRDA:2813,491,0,0
BRDA:2813,491,1,107
BRDA:2813,492,0,107
BRDA:2813,492,1,93
BRDA:2818,493,0,68
BRDA:2818,493,1,59
BRDA:2846,494,0,8
BRDA:2859,495,0,0
BRDA:2872,496,0,0
BRF:761
BRH:407
end_of_record
